<?xml version="1.0" encoding="utf-8"?>
<TestRun id="3dc9b461-df22-40d4-bf03-85cebbb7dccd" name="@r3e 2025-08-22 04:19:09" xmlns="http://microsoft.com/schemas/VisualStudio/TeamTest/2010">
  <Times creation="2025-08-22T04:19:09.5098500+00:00" queuing="2025-08-22T04:19:09.5098501+00:00" start="2025-08-22T04:19:09.0495894+00:00" finish="2025-08-22T04:19:56.8413438+00:00" />
  <TestSettings name="default" id="be8e693e-41a8-44e3-9a64-50aeaaca35e8">
    <Deployment runDeploymentRoot="_r3e_2025-08-22_04_19_09" />
  </TestSettings>
  <Results>
    <UnitTestResult executionId="b9fc0269-3576-46d6-8bdc-46c93439961d" testId="2563e2a7-4774-1734-682f-9b5a97cf68dd" testName="NeoSharp.Tests.Contract.SmartContractTests.BuildInvokeFunctionScript_ShouldCreateCorrectScript" computerName="r3e" duration="00:00:00.0027937" startTime="2025-08-22T04:19:09.6363622+00:00" endTime="2025-08-22T04:19:09.6363623+00:00" testType="13cdc9d9-ddb5-4fa4-a97d-d965ccfc6d4b" outcome="Passed" testListId="8c84fa94-04c1-424b-9868-57a2d4851a1d" relativeResultsDirectory="b9fc0269-3576-46d6-8bdc-46c93439961d" />
    <UnitTestResult executionId="dbecef4f-7511-4dde-942b-753dcd7fc64e" testId="8dc7aaf8-eccc-25c6-3e3b-36a084427ca9" testName="NeoSharp.Tests.Crypto.NEP2Tests.TestNEP2AddressGeneration" computerName="r3e" duration="00:00:00.0002474" startTime="2025-08-22T04:19:56.7782556+00:00" endTime="2025-08-22T04:19:56.7782558+00:00" testType="13cdc9d9-ddb5-4fa4-a97d-d965ccfc6d4b" outcome="Failed" testListId="8c84fa94-04c1-424b-9868-57a2d4851a1d" relativeResultsDirectory="dbecef4f-7511-4dde-942b-753dcd7fc64e">
      <Output>
        <ErrorInfo>
          <Message>System.FormatException : Invalid base58 check string</Message>
          <StackTrace>   at NeoSharp.Wallet.NEP2.Base58CheckDecode(String encoded) in /home/ubuntu/NeoSwift/NeoSharp/src/NeoSharp/Wallet/NEP2.cs:line 280
   at NeoSharp.Wallet.NEP2.DecryptToBytes(String nep2Key, String password, ScryptParams scryptParams) in /home/ubuntu/NeoSwift/NeoSharp/src/NeoSharp/Wallet/NEP2.cs:line 123
   at NeoSharp.Wallet.NEP2.Decrypt(String nep2Key, String password, ScryptParams scryptParams) in /home/ubuntu/NeoSwift/NeoSharp/src/NeoSharp/Wallet/NEP2.cs:line 103
   at NeoSharp.Tests.Crypto.NEP2Tests.TestNEP2AddressGeneration() in /home/ubuntu/NeoSwift/NeoSharp/tests/NeoSharp.Tests/Crypto/NEP2Tests.cs:line 204
   at System.RuntimeMethodHandle.InvokeMethod(Object target, Void** arguments, Signature sig, Boolean isConstructor)
   at System.Reflection.MethodBaseInvoker.InvokeWithNoArgs(Object obj, BindingFlags invokeAttr)</StackTrace>
        </ErrorInfo>
      </Output>
    </UnitTestResult>
    <UnitTestResult executionId="9f18b5a5-e25d-4cb4-85bd-d86d04187722" testId="45d2fbdd-356c-c68c-8b8d-eb409c7fbdd5" testName="NeoSharp.Tests.Wallet.AccountTests.GetAddress_ShouldReturnCorrectAddress" computerName="r3e" duration="00:00:00.1073907" startTime="2025-08-22T04:19:09.5742519+00:00" endTime="2025-08-22T04:19:09.5742521+00:00" testType="13cdc9d9-ddb5-4fa4-a97d-d965ccfc6d4b" outcome="Failed" testListId="8c84fa94-04c1-424b-9868-57a2d4851a1d" relativeResultsDirectory="9f18b5a5-e25d-4cb4-85bd-d86d04187722">
      <Output>
        <ErrorInfo>
          <Message>Expected address to be "NLnyLtep7jwyq1qhNPkwXbJpurC4jUT8ke", but "NLLev3iNfYUUCgeC4eCmQLyr1obKGwvZSy" differs near "Lev" (index 2).</Message>
          <StackTrace>   at FluentAssertions.Execution.XUnit2TestFramework.Throw(String message)
   at FluentAssertions.Execution.TestFrameworkProvider.Throw(String message)
   at FluentAssertions.Execution.DefaultAssertionStrategy.HandleFailure(String message)
   at FluentAssertions.Execution.AssertionScope.FailWith(Func`1 failReasonFunc)
   at FluentAssertions.Execution.AssertionScope.FailWith(Func`1 failReasonFunc)
   at FluentAssertions.Execution.AssertionScope.FailWith(String message, Object[] args)
   at FluentAssertions.Primitives.StringEqualityValidator.ValidateAgainstMismatch()
   at FluentAssertions.Primitives.StringValidator.Validate()
   at FluentAssertions.Primitives.StringAssertions`1.Be(String expected, String because, Object[] becauseArgs)
   at NeoSharp.Tests.Wallet.AccountTests.GetAddress_ShouldReturnCorrectAddress() in /home/ubuntu/NeoSwift/NeoSharp/tests/NeoSharp.Tests/Wallet/AccountTests.cs:line 156
   at System.RuntimeMethodHandle.InvokeMethod(Object target, Void** arguments, Signature sig, Boolean isConstructor)
   at System.Reflection.MethodBaseInvoker.InvokeWithNoArgs(Object obj, BindingFlags invokeAttr)</StackTrace>
        </ErrorInfo>
      </Output>
    </UnitTestResult>
    <UnitTestResult executionId="70efdb98-821d-430a-bde7-d261ceb7d009" testId="8920274a-5d15-dd80-35c4-6ef25156aa22" testName="NeoSharp.Tests.Crypto.NEP2Tests.TestVariousPasswords(password: &quot;\ud83d\udd10\ud83d\udd11\ud83d\udc8e&quot;)" computerName="r3e" duration="00:00:03.8713940" startTime="2025-08-22T04:19:30.1680437+00:00" endTime="2025-08-22T04:19:30.1680439+00:00" testType="13cdc9d9-ddb5-4fa4-a97d-d965ccfc6d4b" outcome="Failed" testListId="8c84fa94-04c1-424b-9868-57a2d4851a1d" relativeResultsDirectory="70efdb98-821d-430a-bde7-d261ceb7d009">
      <Output>
        <ErrorInfo>
          <Message>System.FormatException : Invalid base58 check string</Message>
          <StackTrace>   at NeoSharp.Wallet.NEP2.Base58CheckDecode(String encoded) in /home/ubuntu/NeoSwift/NeoSharp/src/NeoSharp/Wallet/NEP2.cs:line 280
   at NeoSharp.Wallet.NEP2.DecryptToBytes(String nep2Key, String password, ScryptParams scryptParams) in /home/ubuntu/NeoSwift/NeoSharp/src/NeoSharp/Wallet/NEP2.cs:line 123
   at NeoSharp.Wallet.NEP2.Decrypt(String nep2Key, String password, ScryptParams scryptParams) in /home/ubuntu/NeoSwift/NeoSharp/src/NeoSharp/Wallet/NEP2.cs:line 103
   at NeoSharp.Tests.Crypto.NEP2Tests.TestVariousPasswords(String password) in /home/ubuntu/NeoSwift/NeoSharp/tests/NeoSharp.Tests/Crypto/NEP2Tests.cs:line 147
   at InvokeStub_NEP2Tests.TestVariousPasswords(Object, Span`1)
   at System.Reflection.MethodBaseInvoker.InvokeWithOneArg(Object obj, BindingFlags invokeAttr, Binder binder, Object[] parameters, CultureInfo culture)</StackTrace>
        </ErrorInfo>
      </Output>
    </UnitTestResult>
    <UnitTestResult executionId="b8d9c716-1a4d-4e2b-b805-cba76c003c85" testId="b097dbb8-c1a9-a4fd-8dd1-eb21b696c11d" testName="NeoSharp.Tests.Script.ScriptBuilderTests.PushInteger_ShouldHandleVeryLargeNumbers" computerName="r3e" duration="00:00:00.0027390" startTime="2025-08-22T04:19:09.5935021+00:00" endTime="2025-08-22T04:19:09.5935022+00:00" testType="13cdc9d9-ddb5-4fa4-a97d-d965ccfc6d4b" outcome="Passed" testListId="8c84fa94-04c1-424b-9868-57a2d4851a1d" relativeResultsDirectory="b8d9c716-1a4d-4e2b-b805-cba76c003c85" />
    <UnitTestResult executionId="ec2b7042-1140-4556-ba8b-84398b21d067" testId="7215a0c9-7676-8e37-e04e-db7c106aeda3" testName="NeoSharp.Tests.Serialization.BinaryWriterTests.WriteUInt32_ShouldWriteCorrectBytes" computerName="r3e" duration="00:00:00.0003987" startTime="2025-08-22T04:19:09.5826402+00:00" endTime="2025-08-22T04:19:09.5826402+00:00" testType="13cdc9d9-ddb5-4fa4-a97d-d965ccfc6d4b" outcome="Passed" testListId="8c84fa94-04c1-424b-9868-57a2d4851a1d" relativeResultsDirectory="ec2b7042-1140-4556-ba8b-84398b21d067" />
    <UnitTestResult executionId="15fdab1b-18eb-476c-9300-ce8ac711b9ac" testId="f0c0998a-02c2-d6bb-d7e3-38a411a27bd4" testName="NeoSharp.Tests.Crypto.WIFTests.CompressedFlag_ShouldBeHandledCorrectly(compressed: True)" computerName="r3e" duration="00:00:00.0077986" startTime="2025-08-22T04:19:09.5109084+00:00" endTime="2025-08-22T04:19:09.5109085+00:00" testType="13cdc9d9-ddb5-4fa4-a97d-d965ccfc6d4b" outcome="Passed" testListId="8c84fa94-04c1-424b-9868-57a2d4851a1d" relativeResultsDirectory="15fdab1b-18eb-476c-9300-ce8ac711b9ac" />
    <UnitTestResult executionId="5cf1afc1-10a7-455b-8dd0-64caf622050c" testId="deb531c7-2015-a88f-674c-68295032b174" testName="NeoSharp.Tests.Crypto.WIFTests.EmptyWifString_ShouldThrowWIFException" computerName="r3e" duration="00:00:00.0045129" startTime="2025-08-22T04:19:09.5132577+00:00" endTime="2025-08-22T04:19:09.5132577+00:00" testType="13cdc9d9-ddb5-4fa4-a97d-d965ccfc6d4b" outcome="Passed" testListId="8c84fa94-04c1-424b-9868-57a2d4851a1d" relativeResultsDirectory="5cf1afc1-10a7-455b-8dd0-64caf622050c" />
    <UnitTestResult executionId="dae3f294-badc-460e-9bb2-1a50e2f0629d" testId="9a7d42b9-5bb8-9a73-719c-d3d0d3f66968" testName="NeoSharp.Tests.Wallet.AccountTests.GetScriptHash_ShouldReturnCorrectHash" computerName="r3e" duration="00:00:00.0002309" startTime="2025-08-22T04:19:09.6055863+00:00" endTime="2025-08-22T04:19:09.6055864+00:00" testType="13cdc9d9-ddb5-4fa4-a97d-d965ccfc6d4b" outcome="Failed" testListId="8c84fa94-04c1-424b-9868-57a2d4851a1d" relativeResultsDirectory="dae3f294-badc-460e-9bb2-1a50e2f0629d">
      <Output>
        <ErrorInfo>
          <Message>System.FormatException : Invalid WIF compression flag</Message>
          <StackTrace>   at NeoSharp.Crypto.ECPrivateKey.FromWIF(String wif) in /home/ubuntu/NeoSwift/NeoSharp/src/NeoSharp/Crypto/ECPrivateKey.cs:line 169
   at NeoSharp.Crypto.ECKeyPair.FromWIF(String wif) in /home/ubuntu/NeoSwift/NeoSharp/src/NeoSharp/Crypto/ECKeyPair.cs:line 140
   at NeoSharp.Wallet.Account.FromWIF(String wif) in /home/ubuntu/NeoSwift/NeoSharp/src/NeoSharp/Wallet/Account.cs:line 454
   at NeoSharp.Tests.Wallet.AccountTests.GetScriptHash_ShouldReturnCorrectHash() in /home/ubuntu/NeoSwift/NeoSharp/tests/NeoSharp.Tests/Wallet/AccountTests.cs:line 134
   at System.RuntimeMethodHandle.InvokeMethod(Object target, Void** arguments, Signature sig, Boolean isConstructor)
   at System.Reflection.MethodBaseInvoker.InvokeWithNoArgs(Object obj, BindingFlags invokeAttr)</StackTrace>
        </ErrorInfo>
      </Output>
    </UnitTestResult>
    <UnitTestResult executionId="cd24a75a-fd1d-4d5a-a4ca-89104ead03aa" testId="d8c28e8f-0978-66b7-aeff-ee6e5f77d9ad" testName="NeoSharp.Tests.Serialization.BinaryReaderTests.ReadBytes_ShouldReadSpecifiedNumberOfBytes" computerName="r3e" duration="00:00:00.0026519" startTime="2025-08-22T04:19:09.5108389+00:00" endTime="2025-08-22T04:19:09.5108390+00:00" testType="13cdc9d9-ddb5-4fa4-a97d-d965ccfc6d4b" outcome="Passed" testListId="8c84fa94-04c1-424b-9868-57a2d4851a1d" relativeResultsDirectory="cd24a75a-fd1d-4d5a-a4ca-89104ead03aa" />
    <UnitTestResult executionId="40e3a52c-7372-45d3-99cf-cd51b264ec38" testId="6ab66c03-5ab2-3e1f-187f-860a3bcb8043" testName="NeoSharp.Tests.Crypto.ECKeyPairTests.PublicKeyInequality_ShouldWorkCorrectly" computerName="r3e" duration="00:00:00.0533048" startTime="2025-08-22T04:19:09.5795775+00:00" endTime="2025-08-22T04:19:09.5795775+00:00" testType="13cdc9d9-ddb5-4fa4-a97d-d965ccfc6d4b" outcome="Passed" testListId="8c84fa94-04c1-424b-9868-57a2d4851a1d" relativeResultsDirectory="40e3a52c-7372-45d3-99cf-cd51b264ec38" />
    <UnitTestResult executionId="4445f8bf-09ac-438a-9537-e5013c111a5d" testId="89cd3ca8-497c-6040-13f0-10f5cb59f90d" testName="NeoSharp.Tests.Crypto.SecurityTests.TestSecureBytesConstantTimeComparison" computerName="r3e" duration="00:00:00.0003298" startTime="2025-08-22T04:19:18.3873588+00:00" endTime="2025-08-22T04:19:18.3873588+00:00" testType="13cdc9d9-ddb5-4fa4-a97d-d965ccfc6d4b" outcome="Passed" testListId="8c84fa94-04c1-424b-9868-57a2d4851a1d" relativeResultsDirectory="4445f8bf-09ac-438a-9537-e5013c111a5d" />
    <UnitTestResult executionId="bbc1e07c-cd51-40b6-867d-ffb3e96fd5de" testId="35966a0e-660b-4e81-3caf-977868899497" testName="NeoSharp.Tests.Crypto.NEP2Tests.TestDecryptWithNonDefaultScryptParams" computerName="r3e" duration="00:00:00.0006648" startTime="2025-08-22T04:19:38.6704123+00:00" endTime="2025-08-22T04:19:38.6704134+00:00" testType="13cdc9d9-ddb5-4fa4-a97d-d965ccfc6d4b" outcome="Failed" testListId="8c84fa94-04c1-424b-9868-57a2d4851a1d" relativeResultsDirectory="bbc1e07c-cd51-40b6-867d-ffb3e96fd5de">
      <Output>
        <ErrorInfo>
          <Message>System.FormatException : Invalid base58 check string</Message>
          <StackTrace>   at NeoSharp.Wallet.NEP2.Base58CheckDecode(String encoded) in /home/ubuntu/NeoSwift/NeoSharp/src/NeoSharp/Wallet/NEP2.cs:line 273
   at NeoSharp.Wallet.NEP2.DecryptToBytes(String nep2Key, String password, ScryptParams scryptParams) in /home/ubuntu/NeoSwift/NeoSharp/src/NeoSharp/Wallet/NEP2.cs:line 123
   at NeoSharp.Wallet.NEP2.Decrypt(String nep2Key, String password, ScryptParams scryptParams) in /home/ubuntu/NeoSwift/NeoSharp/src/NeoSharp/Wallet/NEP2.cs:line 103
   at NeoSharp.Tests.Crypto.NEP2Tests.TestDecryptWithNonDefaultScryptParams() in /home/ubuntu/NeoSwift/NeoSharp/tests/NeoSharp.Tests/Crypto/NEP2Tests.cs:line 37
   at System.RuntimeMethodHandle.InvokeMethod(Object target, Void** arguments, Signature sig, Boolean isConstructor)
   at System.Reflection.MethodBaseInvoker.InvokeWithNoArgs(Object obj, BindingFlags invokeAttr)</StackTrace>
        </ErrorInfo>
      </Output>
    </UnitTestResult>
    <UnitTestResult executionId="f3f4bef7-eda1-4c59-8482-622f354211ae" testId="125ad7c0-573e-815a-337e-6925403e5304" testName="NeoSharp.Tests.Contract.SmartContractTests.BuildInvokeFunctionScript_WithNullMethod_ShouldThrowArgumentNullException" computerName="r3e" duration="00:00:00.0018936" startTime="2025-08-22T04:19:09.6335193+00:00" endTime="2025-08-22T04:19:09.6335194+00:00" testType="13cdc9d9-ddb5-4fa4-a97d-d965ccfc6d4b" outcome="Passed" testListId="8c84fa94-04c1-424b-9868-57a2d4851a1d" relativeResultsDirectory="f3f4bef7-eda1-4c59-8482-622f354211ae" />
    <UnitTestResult executionId="8653ddb3-8b49-4015-8b4c-62a5540b06db" testId="7a5cf7da-061e-50b8-db52-35905e76bf20" testName="NeoSharp.Tests.Wallet.AccountTests.SignData_ShouldCreateValidSignature" computerName="r3e" duration="00:00:00.0002177" startTime="2025-08-22T04:19:09.5947131+00:00" endTime="2025-08-22T04:19:09.5947132+00:00" testType="13cdc9d9-ddb5-4fa4-a97d-d965ccfc6d4b" outcome="Failed" testListId="8c84fa94-04c1-424b-9868-57a2d4851a1d" relativeResultsDirectory="8653ddb3-8b49-4015-8b4c-62a5540b06db">
      <Output>
        <ErrorInfo>
          <Message>System.FormatException : Invalid WIF compression flag</Message>
          <StackTrace>   at NeoSharp.Crypto.ECPrivateKey.FromWIF(String wif) in /home/ubuntu/NeoSwift/NeoSharp/src/NeoSharp/Crypto/ECPrivateKey.cs:line 169
   at NeoSharp.Crypto.ECKeyPair.FromWIF(String wif) in /home/ubuntu/NeoSwift/NeoSharp/src/NeoSharp/Crypto/ECKeyPair.cs:line 140
   at NeoSharp.Wallet.Account.FromWIF(String wif) in /home/ubuntu/NeoSwift/NeoSharp/src/NeoSharp/Wallet/Account.cs:line 454
   at NeoSharp.Tests.Wallet.AccountTests.SignData_ShouldCreateValidSignature() in /home/ubuntu/NeoSwift/NeoSharp/tests/NeoSharp.Tests/Wallet/AccountTests.cs:line 258
   at System.RuntimeMethodHandle.InvokeMethod(Object target, Void** arguments, Signature sig, Boolean isConstructor)
   at System.Reflection.MethodBaseInvoker.InvokeWithNoArgs(Object obj, BindingFlags invokeAttr)</StackTrace>
        </ErrorInfo>
      </Output>
    </UnitTestResult>
    <UnitTestResult executionId="0bff371d-6a11-4322-af12-2bac455dc5cf" testId="520fc664-9814-ee48-7c06-87170716aa83" testName="NeoSharp.Tests.Crypto.SecurityTests.TestHashCacheThreadSafety" computerName="r3e" duration="00:00:00.0037575" startTime="2025-08-22T04:19:14.1352065+00:00" endTime="2025-08-22T04:19:14.1352068+00:00" testType="13cdc9d9-ddb5-4fa4-a97d-d965ccfc6d4b" outcome="Passed" testListId="8c84fa94-04c1-424b-9868-57a2d4851a1d" relativeResultsDirectory="0bff371d-6a11-4322-af12-2bac455dc5cf" />
    <UnitTestResult executionId="0ff42af3-f13b-44b1-a63f-af3fb12dd247" testId="26db6d8c-2b9b-41b0-9243-370f8164f8a8" testName="NeoSharp.Tests.Crypto.SecurityTests.TestHashCaching" computerName="r3e" duration="00:00:00.0010123" startTime="2025-08-22T04:19:14.1098772+00:00" endTime="2025-08-22T04:19:14.1098773+00:00" testType="13cdc9d9-ddb5-4fa4-a97d-d965ccfc6d4b" outcome="Passed" testListId="8c84fa94-04c1-424b-9868-57a2d4851a1d" relativeResultsDirectory="0ff42af3-f13b-44b1-a63f-af3fb12dd247" />
    <UnitTestResult executionId="b87b412d-3798-4a6e-bfc5-2715379815c3" testId="b1072d1f-7873-6c4a-c503-939a854d65f7" testName="NeoSharp.Tests.Crypto.Base58Tests.TestBase58DecodingKnownValues(base58Input: &quot;3SEo3LWLoPntC&quot;, expectedHex: &quot;bf4f89001e670274dd&quot;)" computerName="r3e" duration="00:00:00.0000055" startTime="2025-08-22T04:19:09.5160288+00:00" endTime="2025-08-22T04:19:09.5160288+00:00" testType="13cdc9d9-ddb5-4fa4-a97d-d965ccfc6d4b" outcome="Passed" testListId="8c84fa94-04c1-424b-9868-57a2d4851a1d" relativeResultsDirectory="b87b412d-3798-4a6e-bfc5-2715379815c3" />
    <UnitTestResult executionId="dd61d74a-283f-41ae-b54b-e182076961ae" testId="1d0b1407-50e3-9faa-1e3c-031be37d7e48" testName="NeoSharp.Tests.Crypto.Base64Tests.Base64Encode_WithUtf8String_ShouldEncodeCorrectly" computerName="r3e" duration="00:00:00.0001358" startTime="2025-08-22T04:19:09.5098605+00:00" endTime="2025-08-22T04:19:09.5098605+00:00" testType="13cdc9d9-ddb5-4fa4-a97d-d965ccfc6d4b" outcome="Passed" testListId="8c84fa94-04c1-424b-9868-57a2d4851a1d" relativeResultsDirectory="dd61d74a-283f-41ae-b54b-e182076961ae" />
    <UnitTestResult executionId="02a7fac9-3238-45f8-9bd4-94595cab6f5d" testId="a7973589-6615-ff59-0718-69a2453e4a2e" testName="NeoSharp.Tests.Crypto.SecurityTests.TestConstantTimeByteComparison" computerName="r3e" duration="00:00:00.0002357" startTime="2025-08-22T04:19:18.3869366+00:00" endTime="2025-08-22T04:19:18.3869367+00:00" testType="13cdc9d9-ddb5-4fa4-a97d-d965ccfc6d4b" outcome="Passed" testListId="8c84fa94-04c1-424b-9868-57a2d4851a1d" relativeResultsDirectory="02a7fac9-3238-45f8-9bd4-94595cab6f5d" />
    <UnitTestResult executionId="1ac0d849-85d8-41a9-bb9e-a5ad3b5491b9" testId="54e39a07-b8b3-ea60-fc2e-939b4e8d3e8a" testName="NeoSharp.Tests.Types.EnumTypeTests.ContractParameterType_AllValues_ShouldHaveCorrectProperties(paramType: Any, expectedJson: &quot;Any&quot;, expectedByte: 0)" computerName="r3e" duration="00:00:00.0000029" startTime="2025-08-22T04:19:09.5023847+00:00" endTime="2025-08-22T04:19:09.5023847+00:00" testType="13cdc9d9-ddb5-4fa4-a97d-d965ccfc6d4b" outcome="Passed" testListId="8c84fa94-04c1-424b-9868-57a2d4851a1d" relativeResultsDirectory="1ac0d849-85d8-41a9-bb9e-a5ad3b5491b9" />
    <UnitTestResult executionId="d84bb336-233a-45ba-aa4a-eb60a2aa0bbc" testId="c059a965-96a2-5f6a-33b0-65d3371d6856" testName="NeoSharp.Tests.Crypto.ScryptParamsTests.TestSerialize" computerName="r3e" duration="00:00:00.0010000" startTime="2025-08-22T04:19:09.4891419+00:00" endTime="2025-08-22T04:19:09.4891419+00:00" testType="13cdc9d9-ddb5-4fa4-a97d-d965ccfc6d4b" outcome="Failed" testListId="8c84fa94-04c1-424b-9868-57a2d4851a1d" relativeResultsDirectory="d84bb336-233a-45ba-aa4a-eb60a2aa0bbc">
      <Output>
        <ErrorInfo>
          <Message>System.ArgumentException : N parameter must be a power of 2 (Parameter 'n')</Message>
          <StackTrace>   at NeoSharp.Crypto.ScryptParams.ValidateParameters(Int32 n, Int32 r, Int32 p) in /home/ubuntu/NeoSwift/NeoSharp/src/NeoSharp/Crypto/ScryptParams.cs:line 93
   at NeoSharp.Crypto.ScryptParams..ctor(Int32 n, Int32 r, Int32 p) in /home/ubuntu/NeoSwift/NeoSharp/src/NeoSharp/Crypto/ScryptParams.cs:line 74
   at NeoSharp.Tests.Crypto.ScryptParamsTests..ctor() in /home/ubuntu/NeoSwift/NeoSharp/tests/NeoSharp.Tests/Crypto/ScryptParamsTests.cs:line 16
   at System.RuntimeType.CreateInstanceDefaultCtor(Boolean publicOnly, Boolean wrapExceptions)</StackTrace>
        </ErrorInfo>
      </Output>
    </UnitTestResult>
    <UnitTestResult executionId="e653cdce-6ce1-4c3d-987a-509a2992a2ee" testId="954601e0-f9ec-a2d9-0256-f03b3529ae84" testName="NeoSharp.Tests.Types.Hash256Tests.Parse_WithValidHexString_ShouldCreateHash" computerName="r3e" duration="00:00:00.0001611" startTime="2025-08-22T04:19:09.5084698+00:00" endTime="2025-08-22T04:19:09.5084698+00:00" testType="13cdc9d9-ddb5-4fa4-a97d-d965ccfc6d4b" outcome="Passed" testListId="8c84fa94-04c1-424b-9868-57a2d4851a1d" relativeResultsDirectory="e653cdce-6ce1-4c3d-987a-509a2992a2ee" />
    <UnitTestResult executionId="f23b79a1-cb6c-433a-8525-e1f396e8558a" testId="a808c36a-caa7-39d4-cdb6-d21910c083e8" testName="NeoSharp.Tests.Crypto.ScryptParamsTests.TestScryptParamsWithExtraFields" computerName="r3e" duration="00:00:00.0010000" startTime="2025-08-22T04:19:09.4992748+00:00" endTime="2025-08-22T04:19:09.4992749+00:00" testType="13cdc9d9-ddb5-4fa4-a97d-d965ccfc6d4b" outcome="Failed" testListId="8c84fa94-04c1-424b-9868-57a2d4851a1d" relativeResultsDirectory="f23b79a1-cb6c-433a-8525-e1f396e8558a">
      <Output>
        <ErrorInfo>
          <Message>System.ArgumentException : N parameter must be a power of 2 (Parameter 'n')</Message>
          <StackTrace>   at NeoSharp.Crypto.ScryptParams.ValidateParameters(Int32 n, Int32 r, Int32 p) in /home/ubuntu/NeoSwift/NeoSharp/src/NeoSharp/Crypto/ScryptParams.cs:line 93
   at NeoSharp.Crypto.ScryptParams..ctor(Int32 n, Int32 r, Int32 p) in /home/ubuntu/NeoSwift/NeoSharp/src/NeoSharp/Crypto/ScryptParams.cs:line 74
   at NeoSharp.Tests.Crypto.ScryptParamsTests..ctor() in /home/ubuntu/NeoSwift/NeoSharp/tests/NeoSharp.Tests/Crypto/ScryptParamsTests.cs:line 16
   at System.RuntimeType.CreateInstanceDefaultCtor(Boolean publicOnly, Boolean wrapExceptions)</StackTrace>
        </ErrorInfo>
      </Output>
    </UnitTestResult>
    <UnitTestResult executionId="6a59b3cd-e070-4a72-a431-a910b8eaa680" testId="e29c4f29-7204-f094-f66e-43917242093b" testName="NeoSharp.Tests.Crypto.ECKeyPairTests.NewPublicKeyFromStringWithInvalidSize_ShouldThrowException" computerName="r3e" duration="00:00:00.0019680" startTime="2025-08-22T04:19:09.5934720+00:00" endTime="2025-08-22T04:19:09.5934720+00:00" testType="13cdc9d9-ddb5-4fa4-a97d-d965ccfc6d4b" outcome="Passed" testListId="8c84fa94-04c1-424b-9868-57a2d4851a1d" relativeResultsDirectory="6a59b3cd-e070-4a72-a431-a910b8eaa680" />
    <UnitTestResult executionId="f6eb1107-40a2-4a64-8bd3-aac4e1e888b8" testId="bf17d55d-18b3-99d1-0543-d696a261fdc4" testName="NeoSharp.Tests.Types.Hash256Tests.Parse_WithRealHashes_ShouldSucceed(hashString: &quot;0xf782c7fde78c1c2b2021d1c0c8f17236d1c68690b96ad884&quot;···)" computerName="r3e" duration="00:00:00.0003441" startTime="2025-08-22T04:19:09.5085179+00:00" endTime="2025-08-22T04:19:09.5085179+00:00" testType="13cdc9d9-ddb5-4fa4-a97d-d965ccfc6d4b" outcome="Passed" testListId="8c84fa94-04c1-424b-9868-57a2d4851a1d" relativeResultsDirectory="f6eb1107-40a2-4a64-8bd3-aac4e1e888b8" />
    <UnitTestResult executionId="f33c0155-8b90-4e35-bf8d-6235e94673e1" testId="a0d97b46-0458-3af4-f41c-5d33a12c3635" testName="NeoSharp.Tests.Crypto.Base58Tests.TestBase58CheckEncoding" computerName="r3e" duration="00:00:00.0042775" startTime="2025-08-22T04:19:09.5240466+00:00" endTime="2025-08-22T04:19:09.5240466+00:00" testType="13cdc9d9-ddb5-4fa4-a97d-d965ccfc6d4b" outcome="Passed" testListId="8c84fa94-04c1-424b-9868-57a2d4851a1d" relativeResultsDirectory="f33c0155-8b90-4e35-bf8d-6235e94673e1" />
    <UnitTestResult executionId="8e2318f7-6ce0-48c0-9fae-9a9c43c1ac03" testId="b0afab83-521d-3bdc-8472-8661a0acaf09" testName="NeoSharp.Tests.Types.EnumTypeTests.ContractParameterType_FromJsonValue_WithValidValues_ShouldSucceed(jsonValue: &quot;Map&quot;)" computerName="r3e" duration="00:00:00.0001397" startTime="2025-08-22T04:19:09.5043594+00:00" endTime="2025-08-22T04:19:09.5043594+00:00" testType="13cdc9d9-ddb5-4fa4-a97d-d965ccfc6d4b" outcome="Passed" testListId="8c84fa94-04c1-424b-9868-57a2d4851a1d" relativeResultsDirectory="8e2318f7-6ce0-48c0-9fae-9a9c43c1ac03" />
    <UnitTestResult executionId="d60e49c9-dc25-450c-8e1b-3ffd622f1582" testId="0522e2ba-d5d4-2a3d-66cc-29afc357df8a" testName="NeoSharp.Tests.Crypto.Base58Tests.TestBase58LeadingZeros" computerName="r3e" duration="00:00:00.0002531" startTime="2025-08-22T04:19:09.5253555+00:00" endTime="2025-08-22T04:19:09.5253555+00:00" testType="13cdc9d9-ddb5-4fa4-a97d-d965ccfc6d4b" outcome="Passed" testListId="8c84fa94-04c1-424b-9868-57a2d4851a1d" relativeResultsDirectory="d60e49c9-dc25-450c-8e1b-3ffd622f1582" />
    <UnitTestResult executionId="4091a2fd-419d-4b85-b16e-a3cac3b70572" testId="ca4fe77c-4e86-9f45-1b70-049fdc1c1239" testName="NeoSharp.Tests.Crypto.Base58Tests.TestBase58EncodingKnownValues(hexInput: &quot;00000000000000000000&quot;, expectedBase58: &quot;1111111111&quot;)" computerName="r3e" duration="00:00:00.0000095" startTime="2025-08-22T04:19:09.5165961+00:00" endTime="2025-08-22T04:19:09.5165962+00:00" testType="13cdc9d9-ddb5-4fa4-a97d-d965ccfc6d4b" outcome="Passed" testListId="8c84fa94-04c1-424b-9868-57a2d4851a1d" relativeResultsDirectory="4091a2fd-419d-4b85-b16e-a3cac3b70572" />
    <UnitTestResult executionId="11c02e17-d9aa-4a8b-8931-5babbf09d5e3" testId="66e16570-c643-e3da-6443-21f93e9732be" testName="NeoSharp.Tests.Crypto.ScryptParamsTests.TestScryptParamsStringRepresentation" computerName="r3e" duration="00:00:00.0010000" startTime="2025-08-22T04:19:09.4847565+00:00" endTime="2025-08-22T04:19:09.4847787+00:00" testType="13cdc9d9-ddb5-4fa4-a97d-d965ccfc6d4b" outcome="Failed" testListId="8c84fa94-04c1-424b-9868-57a2d4851a1d" relativeResultsDirectory="11c02e17-d9aa-4a8b-8931-5babbf09d5e3">
      <Output>
        <ErrorInfo>
          <Message>System.ArgumentException : N parameter must be a power of 2 (Parameter 'n')</Message>
          <StackTrace>   at NeoSharp.Crypto.ScryptParams.ValidateParameters(Int32 n, Int32 r, Int32 p) in /home/ubuntu/NeoSwift/NeoSharp/src/NeoSharp/Crypto/ScryptParams.cs:line 93
   at NeoSharp.Crypto.ScryptParams..ctor(Int32 n, Int32 r, Int32 p) in /home/ubuntu/NeoSwift/NeoSharp/src/NeoSharp/Crypto/ScryptParams.cs:line 74
   at NeoSharp.Tests.Crypto.ScryptParamsTests..ctor() in /home/ubuntu/NeoSwift/NeoSharp/tests/NeoSharp.Tests/Crypto/ScryptParamsTests.cs:line 16
   at System.RuntimeType.CreateInstanceDefaultCtor(Boolean publicOnly, Boolean wrapExceptions)</StackTrace>
        </ErrorInfo>
      </Output>
    </UnitTestResult>
    <UnitTestResult executionId="84ffb0d9-acd3-4423-a4ab-d5b05d4b5ee1" testId="0ed4a6a8-a7ff-3968-5edc-a11fd69e54d9" testName="NeoSharp.Tests.Script.ScriptBuilderTests.PushArrayEmpty_ShouldCreateNewArray0" computerName="r3e" duration="00:00:00.0028110" startTime="2025-08-22T04:19:09.5905266+00:00" endTime="2025-08-22T04:19:09.5905266+00:00" testType="13cdc9d9-ddb5-4fa4-a97d-d965ccfc6d4b" outcome="Passed" testListId="8c84fa94-04c1-424b-9868-57a2d4851a1d" relativeResultsDirectory="84ffb0d9-acd3-4423-a4ab-d5b05d4b5ee1" />
    <UnitTestResult executionId="22cd30a5-7b28-42f1-af6a-36973ded86cc" testId="ec366ec3-cbab-e25c-b165-80f003a5a779" testName="NeoSharp.Tests.Crypto.SignTests.TestPublicKeyFromPrivateKey" computerName="r3e" duration="00:00:00.0243949" startTime="2025-08-22T04:19:09.5893799+00:00" endTime="2025-08-22T04:19:09.5893799+00:00" testType="13cdc9d9-ddb5-4fa4-a97d-d965ccfc6d4b" outcome="Failed" testListId="8c84fa94-04c1-424b-9868-57a2d4851a1d" relativeResultsDirectory="22cd30a5-7b28-42f1-af6a-36973ded86cc">
      <Output>
        <ErrorInfo>
          <Message>Expected derivedPublicKey to be NeoSharp.Crypto.ECPublicKey
{
    EncodedBytes = {0xD6, 0xE5, 0xD5, 0xA4, 0x25, 0x40, 0x2E, 0xCA, 0xC5, 0xB7, 0x7F, 0x09, 0x9B, 0xE1, 0xFB, 0xBC, 0x91, 0x79, 0xA8, 0x55, 0x2E, 0x83, 0x77, 0xF7, 0xF3, 0xFB, 0x85, 0xF3, 0x6B, 0x90, 0xBF, 0x65, …1 more…}
}, but found NeoSharp.Crypto.ECPublicKey
{
    EncodedBytes = {0x02, 0x9F, 0x3C, 0xB8, 0x80, 0x10, 0xC2, 0x32, 0x26, 0x5D, 0x3A, 0x73, 0x5D, 0xCE, 0x50, 0x25, 0xE3, 0xA8, 0x6F, 0x68, 0x46, 0xA7, 0x4F, 0xE2, 0x7E, 0x7E, 0x33, 0xC3, 0x41, 0xDD, 0xC1, 0x63, …1 more…}
}.

With configuration:
- Use declared types and members
- Compare enums by value
- Compare tuples by their properties
- Compare anonymous types by their properties
- Compare records by their members
- Include non-browsable members
- Match member by name (or throw)
- Be strict about the order of items in byte arrays
- Without automatic conversion.
</Message>
          <StackTrace>   at FluentAssertions.Execution.XUnit2TestFramework.Throw(String message)
   at FluentAssertions.Execution.TestFrameworkProvider.Throw(String message)
   at FluentAssertions.Execution.CollectingAssertionStrategy.ThrowIfAny(IDictionary`2 context)
   at FluentAssertions.Execution.AssertionScope.Dispose()
   at FluentAssertions.Equivalency.EquivalencyValidator.AssertEquality(Comparands comparands, EquivalencyValidationContext context)
   at FluentAssertions.Equivalency.EquivalencyValidator.AssertEquality(Comparands comparands, EquivalencyValidationContext context)
   at FluentAssertions.Primitives.ObjectAssertions`2.BeEquivalentTo[TExpectation](TExpectation expectation, Func`2 config, String because, Object[] becauseArgs)
   at FluentAssertions.Primitives.ObjectAssertions`2.BeEquivalentTo[TExpectation](TExpectation expectation, String because, Object[] becauseArgs)
   at NeoSharp.Tests.Crypto.SignTests.TestPublicKeyFromPrivateKey() in /home/ubuntu/NeoSwift/NeoSharp/tests/NeoSharp.Tests/Crypto/SignTests.cs:line 131
   at System.RuntimeMethodHandle.InvokeMethod(Object target, Void** arguments, Signature sig, Boolean isConstructor)
   at System.Reflection.MethodBaseInvoker.InvokeWithNoArgs(Object obj, BindingFlags invokeAttr)</StackTrace>
        </ErrorInfo>
      </Output>
    </UnitTestResult>
    <UnitTestResult executionId="035e3cdd-21ba-430e-81cf-47ae6827e341" testId="150e6074-80a7-605c-4217-a3ae543d9419" testName="NeoSharp.Tests.Crypto.ScryptParamsTests.TestDefaultScryptParams" computerName="r3e" duration="00:00:00.0010000" startTime="2025-08-22T04:19:09.4890233+00:00" endTime="2025-08-22T04:19:09.4890234+00:00" testType="13cdc9d9-ddb5-4fa4-a97d-d965ccfc6d4b" outcome="Failed" testListId="8c84fa94-04c1-424b-9868-57a2d4851a1d" relativeResultsDirectory="035e3cdd-21ba-430e-81cf-47ae6827e341">
      <Output>
        <ErrorInfo>
          <Message>System.ArgumentException : N parameter must be a power of 2 (Parameter 'n')</Message>
          <StackTrace>   at NeoSharp.Crypto.ScryptParams.ValidateParameters(Int32 n, Int32 r, Int32 p) in /home/ubuntu/NeoSwift/NeoSharp/src/NeoSharp/Crypto/ScryptParams.cs:line 93
   at NeoSharp.Crypto.ScryptParams..ctor(Int32 n, Int32 r, Int32 p) in /home/ubuntu/NeoSwift/NeoSharp/src/NeoSharp/Crypto/ScryptParams.cs:line 74
   at NeoSharp.Tests.Crypto.ScryptParamsTests..ctor() in /home/ubuntu/NeoSwift/NeoSharp/tests/NeoSharp.Tests/Crypto/ScryptParamsTests.cs:line 16
   at System.RuntimeType.CreateInstanceDefaultCtor(Boolean publicOnly, Boolean wrapExceptions)</StackTrace>
        </ErrorInfo>
      </Output>
    </UnitTestResult>
    <UnitTestResult executionId="f0fb5e2d-a3fa-45f8-ae09-c663b252b045" testId="77fc752b-8f45-9e78-5b84-e90ebc566278" testName="NeoSharp.Tests.Crypto.WIFTests.InvalidPrivateKeyLength_ShouldThrowWIFException(length: 33)" computerName="r3e" duration="00:00:00.0006782" startTime="2025-08-22T04:19:09.5090629+00:00" endTime="2025-08-22T04:19:09.5090629+00:00" testType="13cdc9d9-ddb5-4fa4-a97d-d965ccfc6d4b" outcome="Passed" testListId="8c84fa94-04c1-424b-9868-57a2d4851a1d" relativeResultsDirectory="f0fb5e2d-a3fa-45f8-ae09-c663b252b045" />
    <UnitTestResult executionId="bf5c8946-5a8a-493d-9854-189c3d770097" testId="a04a0f39-a134-c31e-63fa-5c0df3d76221" testName="NeoSharp.Tests.Script.ScriptBuilderTests.PushMap_ShouldCreateCorrectMapStructure" computerName="r3e" duration="00:00:00.0023559" startTime="2025-08-22T04:19:09.5122983+00:00" endTime="2025-08-22T04:19:09.5122984+00:00" testType="13cdc9d9-ddb5-4fa4-a97d-d965ccfc6d4b" outcome="Passed" testListId="8c84fa94-04c1-424b-9868-57a2d4851a1d" relativeResultsDirectory="bf5c8946-5a8a-493d-9854-189c3d770097" />
    <UnitTestResult executionId="4bb6dde2-8df9-40f1-99ec-9b24565ee027" testId="e20dd4bc-1076-9b08-911a-53745c946843" testName="NeoSharp.Tests.Crypto.ECKeyPairTests.PublicKeyEquality_ShouldWorkCorrectly" computerName="r3e" duration="00:00:00.0006498" startTime="2025-08-22T04:19:09.6066605+00:00" endTime="2025-08-22T04:19:09.6066607+00:00" testType="13cdc9d9-ddb5-4fa4-a97d-d965ccfc6d4b" outcome="Failed" testListId="8c84fa94-04c1-424b-9868-57a2d4851a1d" relativeResultsDirectory="4bb6dde2-8df9-40f1-99ec-9b24565ee027">
      <Output>
        <ErrorInfo>
          <Message>Expected publicKey1.GetHashCode() to be 12790583, but found 64660344 (difference of 51869761).</Message>
          <StackTrace>   at FluentAssertions.Execution.XUnit2TestFramework.Throw(String message)
   at FluentAssertions.Execution.TestFrameworkProvider.Throw(String message)
   at FluentAssertions.Execution.DefaultAssertionStrategy.HandleFailure(String message)
   at FluentAssertions.Execution.AssertionScope.FailWith(Func`1 failReasonFunc)
   at FluentAssertions.Execution.AssertionScope.FailWith(Func`1 failReasonFunc)
   at FluentAssertions.Execution.AssertionScope.FailWith(String message, Object[] args)
   at FluentAssertions.Numeric.NumericAssertions`2.Be(T expected, String because, Object[] becauseArgs)
   at NeoSharp.Tests.Crypto.ECKeyPairTests.PublicKeyEquality_ShouldWorkCorrectly() in /home/ubuntu/NeoSwift/NeoSharp/tests/NeoSharp.Tests/Crypto/ECKeyPairTests.cs:line 199
   at System.RuntimeMethodHandle.InvokeMethod(Object target, Void** arguments, Signature sig, Boolean isConstructor)
   at System.Reflection.MethodBaseInvoker.InvokeWithNoArgs(Object obj, BindingFlags invokeAttr)</StackTrace>
        </ErrorInfo>
      </Output>
    </UnitTestResult>
    <UnitTestResult executionId="97c746c6-5e0b-4d50-8a8e-4b46369c913b" testId="4867ef49-9b69-7d61-fb16-c1d4ddc1384b" testName="NeoSharp.Tests.Serialization.BinaryWriterTests.WriteBytes_ShouldWriteByteArray" computerName="r3e" duration="00:00:00.0001822" startTime="2025-08-22T04:19:09.5830633+00:00" endTime="2025-08-22T04:19:09.5830633+00:00" testType="13cdc9d9-ddb5-4fa4-a97d-d965ccfc6d4b" outcome="Passed" testListId="8c84fa94-04c1-424b-9868-57a2d4851a1d" relativeResultsDirectory="97c746c6-5e0b-4d50-8a8e-4b46369c913b" />
    <UnitTestResult executionId="68185980-39b1-4453-a4db-7ea784301507" testId="ac899e7c-3b9d-efbd-e46c-1925a05dd291" testName="NeoSharp.Tests.Wallet.AccountTests.FromPrivateKey_ShouldCreateCorrectAccount" computerName="r3e" duration="00:00:00.0038651" startTime="2025-08-22T04:19:09.5855993+00:00" endTime="2025-08-22T04:19:09.5855994+00:00" testType="13cdc9d9-ddb5-4fa4-a97d-d965ccfc6d4b" outcome="Passed" testListId="8c84fa94-04c1-424b-9868-57a2d4851a1d" relativeResultsDirectory="68185980-39b1-4453-a4db-7ea784301507" />
    <UnitTestResult executionId="0e066bd5-b304-46f0-a6ec-0f795da40ebd" testId="06f81819-3fd4-bb37-39ac-53fe9c4dccb5" testName="NeoSharp.Tests.Crypto.ECKeyPairTests.NewPublicKeyFromPointWithHexPrefix_ShouldHandlePrefix" computerName="r3e" duration="00:00:00.0001554" startTime="2025-08-22T04:19:09.5821167+00:00" endTime="2025-08-22T04:19:09.5821168+00:00" testType="13cdc9d9-ddb5-4fa4-a97d-d965ccfc6d4b" outcome="Passed" testListId="8c84fa94-04c1-424b-9868-57a2d4851a1d" relativeResultsDirectory="0e066bd5-b304-46f0-a6ec-0f795da40ebd" />
    <UnitTestResult executionId="8c630917-8135-4192-a43e-45b9f265081e" testId="6eeceb8d-f303-db47-4bc1-99a3fca42609" testName="NeoSharp.Tests.Script.ScriptBuilderTests.OpCode_ShouldAddCorrectOpCode" computerName="r3e" duration="00:00:00.0227891" startTime="2025-08-22T04:19:09.5104771+00:00" endTime="2025-08-22T04:19:09.5104772+00:00" testType="13cdc9d9-ddb5-4fa4-a97d-d965ccfc6d4b" outcome="Passed" testListId="8c84fa94-04c1-424b-9868-57a2d4851a1d" relativeResultsDirectory="8c630917-8135-4192-a43e-45b9f265081e" />
    <UnitTestResult executionId="806ec3a0-6d6a-4e56-b80c-8c29eb0a85d7" testId="35384949-bc6d-881c-1268-c51617a75afb" testName="NeoSharp.Tests.Crypto.SecurityTests.TestSecureBytesCreation" computerName="r3e" duration="00:00:00.0005246" startTime="2025-08-22T04:19:14.1410669+00:00" endTime="2025-08-22T04:19:14.1410669+00:00" testType="13cdc9d9-ddb5-4fa4-a97d-d965ccfc6d4b" outcome="Passed" testListId="8c84fa94-04c1-424b-9868-57a2d4851a1d" relativeResultsDirectory="806ec3a0-6d6a-4e56-b80c-8c29eb0a85d7" />
    <UnitTestResult executionId="51a91fa6-2ed8-4b57-9675-87b12cb9d5c6" testId="a0bebf88-5e02-e146-8258-22cf0fc669cc" testName="NeoSharp.Tests.Types.Hash160Tests.Parse_WithoutPrefix_ShouldCreateHash" computerName="r3e" duration="00:00:00.0141907" startTime="2025-08-22T04:19:09.5018102+00:00" endTime="2025-08-22T04:19:09.5018102+00:00" testType="13cdc9d9-ddb5-4fa4-a97d-d965ccfc6d4b" outcome="Passed" testListId="8c84fa94-04c1-424b-9868-57a2d4851a1d" relativeResultsDirectory="51a91fa6-2ed8-4b57-9675-87b12cb9d5c6" />
    <UnitTestResult executionId="03ff9497-ca45-4c49-8503-b472bded7fed" testId="36429002-8d89-ea56-e975-9c33a5aedcfa" testName="NeoSharp.Tests.Crypto.NEP2Tests.TestDecryptWithWrongPassword" computerName="r3e" duration="00:00:03.9043445" startTime="2025-08-22T04:19:34.0771561+00:00" endTime="2025-08-22T04:19:34.0771562+00:00" testType="13cdc9d9-ddb5-4fa4-a97d-d965ccfc6d4b" outcome="Failed" testListId="8c84fa94-04c1-424b-9868-57a2d4851a1d" relativeResultsDirectory="03ff9497-ca45-4c49-8503-b472bded7fed">
      <Output>
        <ErrorInfo>
          <Message>Expected a &lt;NeoSharp.Crypto.NEP2Exception&gt; to be thrown, but found &lt;System.FormatException&gt;:
System.FormatException: Invalid base58 check string
   at NeoSharp.Wallet.NEP2.Base58CheckDecode(String encoded) in /home/ubuntu/NeoSwift/NeoSharp/src/NeoSharp/Wallet/NEP2.cs:line 280
   at NeoSharp.Wallet.NEP2.DecryptToBytes(String nep2Key, String password, ScryptParams scryptParams) in /home/ubuntu/NeoSwift/NeoSharp/src/NeoSharp/Wallet/NEP2.cs:line 123
   at NeoSharp.Wallet.NEP2.Decrypt(String nep2Key, String password, ScryptParams scryptParams) in /home/ubuntu/NeoSwift/NeoSharp/src/NeoSharp/Wallet/NEP2.cs:line 103
   at NeoSharp.Tests.Crypto.NEP2Tests.&lt;&gt;c__DisplayClass5_0.&lt;TestDecryptWithWrongPassword&gt;b__0() in /home/ubuntu/NeoSwift/NeoSharp/tests/NeoSharp.Tests/Crypto/NEP2Tests.cs:line 108
   at FluentAssertions.Specialized.ActionAssertions.InvokeSubject()
   at FluentAssertions.Specialized.DelegateAssertions`2.InvokeSubjectWithInterception().</Message>
          <StackTrace>   at FluentAssertions.Execution.XUnit2TestFramework.Throw(String message)
   at FluentAssertions.Execution.TestFrameworkProvider.Throw(String message)
   at FluentAssertions.Execution.DefaultAssertionStrategy.HandleFailure(String message)
   at FluentAssertions.Execution.AssertionScope.FailWith(Func`1 failReasonFunc)
   at FluentAssertions.Specialized.DelegateAssertionsBase`2.ThrowInternal[TException](Exception exception, String because, Object[] becauseArgs)
   at FluentAssertions.Specialized.DelegateAssertions`2.Throw[TException](String because, Object[] becauseArgs)
   at NeoSharp.Tests.Crypto.NEP2Tests.TestDecryptWithWrongPassword() in /home/ubuntu/NeoSwift/NeoSharp/tests/NeoSharp.Tests/Crypto/NEP2Tests.cs:line 109
   at System.RuntimeMethodHandle.InvokeMethod(Object target, Void** arguments, Signature sig, Boolean isConstructor)
   at System.Reflection.MethodBaseInvoker.InvokeWithNoArgs(Object obj, BindingFlags invokeAttr)</StackTrace>
        </ErrorInfo>
      </Output>
    </UnitTestResult>
    <UnitTestResult executionId="49823c45-88ba-4a8c-90c8-261e4369e788" testId="137931c0-8691-6fca-7f01-9635ba02a966" testName="NeoSharp.Tests.Crypto.Base58Tests.TestBase58EncodingKnownValues(hexInput: &quot;516b6fcd0f&quot;, expectedBase58: &quot;ABnLTmg&quot;)" computerName="r3e" duration="00:00:00.0000051" startTime="2025-08-22T04:19:09.5167444+00:00" endTime="2025-08-22T04:19:09.5167444+00:00" testType="13cdc9d9-ddb5-4fa4-a97d-d965ccfc6d4b" outcome="Passed" testListId="8c84fa94-04c1-424b-9868-57a2d4851a1d" relativeResultsDirectory="49823c45-88ba-4a8c-90c8-261e4369e788" />
    <UnitTestResult executionId="534f3d6c-faf3-4051-9503-7e883fccabbc" testId="1c288487-717c-db15-18cd-7065e8403dd8" testName="NeoSharp.Tests.Wallet.AccountTests.FromWIF_ShouldCreateCorrectAccount" computerName="r3e" duration="00:00:00.0001929" startTime="2025-08-22T04:19:09.5931006+00:00" endTime="2025-08-22T04:19:09.5931007+00:00" testType="13cdc9d9-ddb5-4fa4-a97d-d965ccfc6d4b" outcome="Failed" testListId="8c84fa94-04c1-424b-9868-57a2d4851a1d" relativeResultsDirectory="534f3d6c-faf3-4051-9503-7e883fccabbc">
      <Output>
        <ErrorInfo>
          <Message>System.FormatException : Invalid WIF compression flag</Message>
          <StackTrace>   at NeoSharp.Crypto.ECPrivateKey.FromWIF(String wif) in /home/ubuntu/NeoSwift/NeoSharp/src/NeoSharp/Crypto/ECPrivateKey.cs:line 169
   at NeoSharp.Crypto.ECKeyPair.FromWIF(String wif) in /home/ubuntu/NeoSwift/NeoSharp/src/NeoSharp/Crypto/ECKeyPair.cs:line 140
   at NeoSharp.Wallet.Account.FromWIF(String wif) in /home/ubuntu/NeoSwift/NeoSharp/src/NeoSharp/Wallet/Account.cs:line 454
   at NeoSharp.Tests.Wallet.AccountTests.FromWIF_ShouldCreateCorrectAccount() in /home/ubuntu/NeoSwift/NeoSharp/tests/NeoSharp.Tests/Wallet/AccountTests.cs:line 106
   at System.RuntimeMethodHandle.InvokeMethod(Object target, Void** arguments, Signature sig, Boolean isConstructor)
   at System.Reflection.MethodBaseInvoker.InvokeWithNoArgs(Object obj, BindingFlags invokeAttr)</StackTrace>
        </ErrorInfo>
      </Output>
    </UnitTestResult>
    <UnitTestResult executionId="963db483-c736-4dc4-90ec-8d0217e8c585" testId="a3ae36ff-fb49-636b-3f78-195a1ca621d2" testName="NeoSharp.Tests.Crypto.SignTests.TestSignMessage" computerName="r3e" duration="00:00:00.0008437" startTime="2025-08-22T04:19:09.5554492+00:00" endTime="2025-08-22T04:19:09.5554492+00:00" testType="13cdc9d9-ddb5-4fa4-a97d-d965ccfc6d4b" outcome="Failed" testListId="8c84fa94-04c1-424b-9868-57a2d4851a1d" relativeResultsDirectory="963db483-c736-4dc4-90ec-8d0217e8c585">
      <Output>
        <ErrorInfo>
          <Message>NeoSharp.Core.NeoSharpException : Could not construct a recoverable key. This should never happen.</Message>
          <StackTrace>   at NeoSharp.Crypto.Sign.SignMessage(Byte[] message, ECKeyPair keyPair) in /home/ubuntu/NeoSwift/NeoSharp/src/NeoSharp/Crypto/Sign.cs:line 67
   at NeoSharp.Tests.Crypto.SignTests.TestSignMessage() in /home/ubuntu/NeoSwift/NeoSharp/tests/NeoSharp.Tests/Crypto/SignTests.cs:line 73
   at System.RuntimeMethodHandle.InvokeMethod(Object target, Void** arguments, Signature sig, Boolean isConstructor)
   at System.Reflection.MethodBaseInvoker.InvokeWithNoArgs(Object obj, BindingFlags invokeAttr)</StackTrace>
        </ErrorInfo>
      </Output>
    </UnitTestResult>
    <UnitTestResult executionId="0036091b-f2f8-4c47-ab7c-29e9831d46a3" testId="3ad41eb3-674c-040c-673f-5eb164d827cb" testName="NeoSharp.Tests.Crypto.Base58Tests.TestBase58EncodingKnownValues(hexInput: &quot;61&quot;, expectedBase58: &quot;2g&quot;)" computerName="r3e" duration="00:00:00.0000029" startTime="2025-08-22T04:19:09.5166696+00:00" endTime="2025-08-22T04:19:09.5166696+00:00" testType="13cdc9d9-ddb5-4fa4-a97d-d965ccfc6d4b" outcome="Passed" testListId="8c84fa94-04c1-424b-9868-57a2d4851a1d" relativeResultsDirectory="0036091b-f2f8-4c47-ab7c-29e9831d46a3" />
    <UnitTestResult executionId="69bc25f1-d9ba-44ee-a416-8c80e5b8f224" testId="5a36d705-aa38-507a-4b32-976bc129677f" testName="NeoSharp.Tests.Types.ContractParameterTests.ToJson_Integer_ShouldSerializeCorrectly" computerName="r3e" duration="00:00:00.0136740" startTime="2025-08-22T04:19:09.5013545+00:00" endTime="2025-08-22T04:19:09.5013545+00:00" testType="13cdc9d9-ddb5-4fa4-a97d-d965ccfc6d4b" outcome="Passed" testListId="8c84fa94-04c1-424b-9868-57a2d4851a1d" relativeResultsDirectory="69bc25f1-d9ba-44ee-a416-8c80e5b8f224" />
    <UnitTestResult executionId="9b701f6c-6066-4b92-833b-ef7746f7405c" testId="0631d2fe-14c3-645d-b7f2-ea6ec366fdbe" testName="NeoSharp.Tests.Serialization.BinaryWriterTests.Reset_ShouldClearBuffer" computerName="r3e" duration="00:00:00.0033283" startTime="2025-08-22T04:19:09.5859518+00:00" endTime="2025-08-22T04:19:09.5859519+00:00" testType="13cdc9d9-ddb5-4fa4-a97d-d965ccfc6d4b" outcome="Failed" testListId="8c84fa94-04c1-424b-9868-57a2d4851a1d" relativeResultsDirectory="9b701f6c-6066-4b92-833b-ef7746f7405c">
      <Output>
        <ErrorInfo>
          <Message>Expected _writer.ToArray() to be empty, but found {0x42}.</Message>
          <StackTrace>   at FluentAssertions.Execution.XUnit2TestFramework.Throw(String message)
   at FluentAssertions.Execution.TestFrameworkProvider.Throw(String message)
   at FluentAssertions.Execution.DefaultAssertionStrategy.HandleFailure(String message)
   at FluentAssertions.Execution.AssertionScope.FailWith(Func`1 failReasonFunc)
   at FluentAssertions.Execution.AssertionScope.FailWith(Func`1 failReasonFunc)
   at FluentAssertions.Execution.AssertionScope.FailWith(String message, Object[] args)
   at FluentAssertions.Execution.GivenSelector`1.FailWith(String message, Object[] args)
   at FluentAssertions.Collections.GenericCollectionAssertions`3.BeEmpty(String because, Object[] becauseArgs)
   at NeoSharp.Tests.Serialization.BinaryWriterTests.Reset_ShouldClearBuffer() in /home/ubuntu/NeoSwift/NeoSharp/tests/NeoSharp.Tests/Serialization/BinaryWriterTests.cs:line 213
   at System.RuntimeMethodHandle.InvokeMethod(Object target, Void** arguments, Signature sig, Boolean isConstructor)
   at System.Reflection.MethodBaseInvoker.InvokeWithNoArgs(Object obj, BindingFlags invokeAttr)</StackTrace>
        </ErrorInfo>
      </Output>
    </UnitTestResult>
    <UnitTestResult executionId="d49c32f7-7018-4279-8250-1ce96ec9ebb3" testId="513e7ecc-85ad-0979-62bb-1b73ef202de7" testName="NeoSharp.Tests.Crypto.ECKeyPairTests.DeterministicKeyGeneration_ShouldBeConsistent" computerName="r3e" duration="00:00:00.0060514" startTime="2025-08-22T04:19:09.5174043+00:00" endTime="2025-08-22T04:19:09.5174044+00:00" testType="13cdc9d9-ddb5-4fa4-a97d-d965ccfc6d4b" outcome="Passed" testListId="8c84fa94-04c1-424b-9868-57a2d4851a1d" relativeResultsDirectory="d49c32f7-7018-4279-8250-1ce96ec9ebb3" />
    <UnitTestResult executionId="aea5e2b0-eed2-45cc-8d4f-c5cfe70a99eb" testId="f3e83804-4bfc-b256-1868-00b97a2ebe4b" testName="NeoSharp.Tests.Types.ContractParameterTests.Array_ShouldCreateArrayParameter" computerName="r3e" duration="00:00:00.0003734" startTime="2025-08-22T04:19:09.5094722+00:00" endTime="2025-08-22T04:19:09.5094723+00:00" testType="13cdc9d9-ddb5-4fa4-a97d-d965ccfc6d4b" outcome="Passed" testListId="8c84fa94-04c1-424b-9868-57a2d4851a1d" relativeResultsDirectory="aea5e2b0-eed2-45cc-8d4f-c5cfe70a99eb" />
    <UnitTestResult executionId="24315a28-45a3-4f19-a32f-2c5d48ce5fa7" testId="7b266048-0978-0a8c-a97a-95543f8ed20d" testName="NeoSharp.Tests.Types.ContractParameterTests.Hash160_ShouldCreateHash160Parameter" computerName="r3e" duration="00:00:00.0002499" startTime="2025-08-22T04:19:09.5042098+00:00" endTime="2025-08-22T04:19:09.5042098+00:00" testType="13cdc9d9-ddb5-4fa4-a97d-d965ccfc6d4b" outcome="Passed" testListId="8c84fa94-04c1-424b-9868-57a2d4851a1d" relativeResultsDirectory="24315a28-45a3-4f19-a32f-2c5d48ce5fa7" />
    <UnitTestResult executionId="4aed0f98-cf59-4058-b27b-e803348dbf7a" testId="47219b03-e477-2ce4-e2b2-e738b7e057c5" testName="NeoSharp.Tests.Crypto.NEP2Tests.TestEncryptWithNonDefaultScryptParams" computerName="r3e" duration="00:00:00.0039236" startTime="2025-08-22T04:19:45.2548319+00:00" endTime="2025-08-22T04:19:45.2548322+00:00" testType="13cdc9d9-ddb5-4fa4-a97d-d965ccfc6d4b" outcome="Failed" testListId="8c84fa94-04c1-424b-9868-57a2d4851a1d" relativeResultsDirectory="4aed0f98-cf59-4058-b27b-e803348dbf7a">
      <Output>
        <ErrorInfo>
          <Message>Expected encrypted to be "6PYM7jHL3uwhP8uuHP9fMGMfJxfyQbanUZPQEh1772iyb7vRnUkbkZmdRT" with a length of 58, but "QnVwghv7C7vBxoJCewcvJSY3Eeoa6DT3BMUhjUeCbwokzCHpoP9mrgMTM27" has a length of 59, differs near "QnV" (index 0).</Message>
          <StackTrace>   at FluentAssertions.Execution.XUnit2TestFramework.Throw(String message)
   at FluentAssertions.Execution.TestFrameworkProvider.Throw(String message)
   at FluentAssertions.Execution.DefaultAssertionStrategy.HandleFailure(String message)
   at FluentAssertions.Execution.AssertionScope.FailWith(Func`1 failReasonFunc)
   at FluentAssertions.Primitives.StringEqualityValidator.ValidateAgainstLengthDifferences()
   at FluentAssertions.Primitives.StringValidator.Validate()
   at FluentAssertions.Primitives.StringAssertions`1.Be(String expected, String because, Object[] becauseArgs)
   at NeoSharp.Tests.Crypto.NEP2Tests.TestEncryptWithNonDefaultScryptParams() in /home/ubuntu/NeoSwift/NeoSharp/tests/NeoSharp.Tests/Crypto/NEP2Tests.cs:line 74
   at System.RuntimeMethodHandle.InvokeMethod(Object target, Void** arguments, Signature sig, Boolean isConstructor)
   at System.Reflection.MethodBaseInvoker.InvokeWithNoArgs(Object obj, BindingFlags invokeAttr)</StackTrace>
        </ErrorInfo>
      </Output>
    </UnitTestResult>
    <UnitTestResult executionId="f57ed279-0ab2-49f3-9448-df37d132750c" testId="af020ac1-365f-b7eb-a431-ac7da1a55d0e" testName="NeoSharp.Tests.Serialization.BinaryWriterTests.WriteVarInt_ShouldEncodeCorrectly" computerName="r3e" duration="00:00:00.0007957" startTime="2025-08-22T04:19:09.5118393+00:00" endTime="2025-08-22T04:19:09.5118393+00:00" testType="13cdc9d9-ddb5-4fa4-a97d-d965ccfc6d4b" outcome="Passed" testListId="8c84fa94-04c1-424b-9868-57a2d4851a1d" relativeResultsDirectory="f57ed279-0ab2-49f3-9448-df37d132750c" />
    <UnitTestResult executionId="65825c97-4051-48fc-8bfb-58d5215dd893" testId="92594ce4-a29a-2f60-6b95-8de7cbb18821" testName="NeoSharp.Tests.Contract.SmartContractTests.ScriptHash_ShouldBeReadOnly" computerName="r3e" duration="00:00:00.0023220" startTime="2025-08-22T04:19:09.6154460+00:00" endTime="2025-08-22T04:19:09.6154464+00:00" testType="13cdc9d9-ddb5-4fa4-a97d-d965ccfc6d4b" outcome="Passed" testListId="8c84fa94-04c1-424b-9868-57a2d4851a1d" relativeResultsDirectory="65825c97-4051-48fc-8bfb-58d5215dd893" />
    <UnitTestResult executionId="b6ee372b-afbb-4cd0-8f9a-a8285c96ecbd" testId="f5fc6183-1464-d7b4-9e54-d9f91a9efcb6" testName="NeoSharp.Tests.Crypto.SignTests.TestSignatureByteArrayConversion" computerName="r3e" duration="00:00:00.0006368" startTime="2025-08-22T04:19:09.5496469+00:00" endTime="2025-08-22T04:19:09.5496470+00:00" testType="13cdc9d9-ddb5-4fa4-a97d-d965ccfc6d4b" outcome="Passed" testListId="8c84fa94-04c1-424b-9868-57a2d4851a1d" relativeResultsDirectory="b6ee372b-afbb-4cd0-8f9a-a8285c96ecbd" />
    <UnitTestResult executionId="742717e8-8148-46e7-a044-b321dace141e" testId="ea24ca3c-4e72-8267-eca6-49c11c381c9b" testName="NeoSharp.Tests.Script.ScriptBuilderTests.VerificationScriptFromPublicKey_ShouldCreateCorrectScript" computerName="r3e" duration="00:00:00.0034652" startTime="2025-08-22T04:19:09.5900670+00:00" endTime="2025-08-22T04:19:09.5900672+00:00" testType="13cdc9d9-ddb5-4fa4-a97d-d965ccfc6d4b" outcome="Failed" testListId="8c84fa94-04c1-424b-9868-57a2d4851a1d" relativeResultsDirectory="742717e8-8148-46e7-a044-b321dace141e">
      <Output>
        <ErrorInfo>
          <Message>Expected script[36] to be 0x5C, but found 0x56.
Expected script[37] to be 0x1F, but found 0xE7.
Expected script[38] to be 0x5F, but found 0xB3.
Expected script[39] to be 0xC1, but found 0x27.

With configuration:
- Use declared types and members
- Compare enums by value
- Compare tuples by their properties
- Compare anonymous types by their properties
- Compare records by their members
- Include non-browsable members
- Include all non-private properties
- Include all non-private fields
- Match member by name (or throw)
- Be strict about the order of items in byte arrays
- Without automatic conversion.
</Message>
          <StackTrace>   at FluentAssertions.Execution.XUnit2TestFramework.Throw(String message)
   at FluentAssertions.Execution.TestFrameworkProvider.Throw(String message)
   at FluentAssertions.Execution.CollectingAssertionStrategy.ThrowIfAny(IDictionary`2 context)
   at FluentAssertions.Execution.AssertionScope.Dispose()
   at FluentAssertions.Equivalency.EquivalencyValidator.AssertEquality(Comparands comparands, EquivalencyValidationContext context)
   at FluentAssertions.Equivalency.EquivalencyValidator.AssertEquality(Comparands comparands, EquivalencyValidationContext context)
   at FluentAssertions.Collections.GenericCollectionAssertions`3.BeEquivalentTo[TExpectation](IEnumerable`1 expectation, Func`2 config, String because, Object[] becauseArgs)
   at FluentAssertions.Collections.GenericCollectionAssertions`3.BeEquivalentTo[TExpectation](IEnumerable`1 expectation, String because, Object[] becauseArgs)
   at NeoSharp.Tests.Script.ScriptBuilderTests.VerificationScriptFromPublicKey_ShouldCreateCorrectScript() in /home/ubuntu/NeoSwift/NeoSharp/tests/NeoSharp.Tests/Script/ScriptBuilderTests.cs:line 234
   at System.RuntimeMethodHandle.InvokeMethod(Object target, Void** arguments, Signature sig, Boolean isConstructor)
   at System.Reflection.MethodBaseInvoker.InvokeWithNoArgs(Object obj, BindingFlags invokeAttr)</StackTrace>
        </ErrorInfo>
      </Output>
    </UnitTestResult>
    <UnitTestResult executionId="30e9c147-3a6f-412d-8391-ebeef853c867" testId="37ed753f-fb31-f836-a9b4-732002d7c58a" testName="NeoSharp.Tests.Crypto.Base58Tests.TestBase58DecodingKnownValues(base58Input: &quot;Rt5zm&quot;, expectedHex: &quot;10c8511e&quot;)" computerName="r3e" duration="00:00:00.0002563" startTime="2025-08-22T04:19:09.5155696+00:00" endTime="2025-08-22T04:19:09.5155697+00:00" testType="13cdc9d9-ddb5-4fa4-a97d-d965ccfc6d4b" outcome="Passed" testListId="8c84fa94-04c1-424b-9868-57a2d4851a1d" relativeResultsDirectory="30e9c147-3a6f-412d-8391-ebeef853c867" />
    <UnitTestResult executionId="ced0221a-8cdc-44b0-956e-39441f879255" testId="bbd40c50-138a-242f-0a1a-f5146e72bc55" testName="NeoSharp.Tests.Crypto.ECKeyPairTests.CreateRandomKeyPair_ShouldGenerateValidKeys" computerName="r3e" duration="00:00:00.0059479" startTime="2025-08-22T04:19:09.5862738+00:00" endTime="2025-08-22T04:19:09.5862738+00:00" testType="13cdc9d9-ddb5-4fa4-a97d-d965ccfc6d4b" outcome="Passed" testListId="8c84fa94-04c1-424b-9868-57a2d4851a1d" relativeResultsDirectory="ced0221a-8cdc-44b0-956e-39441f879255" />
    <UnitTestResult executionId="cf716c78-d434-4c3c-97fc-36e874ff7cc9" testId="c064602b-a199-c25b-89df-ce5815c62b71" testName="NeoSharp.Tests.Wallet.AccountTests.CreateMultiSigAccount_ShouldCreateCorrectMultiSigAccount" computerName="r3e" duration="00:00:00.0046138" startTime="2025-08-22T04:19:09.5821495+00:00" endTime="2025-08-22T04:19:09.5821496+00:00" testType="13cdc9d9-ddb5-4fa4-a97d-d965ccfc6d4b" outcome="Passed" testListId="8c84fa94-04c1-424b-9868-57a2d4851a1d" relativeResultsDirectory="cf716c78-d434-4c3c-97fc-36e874ff7cc9" />
    <UnitTestResult executionId="aca8545f-4346-4f9d-8d41-4ded5216e744" testId="fb9dbead-6581-a40e-326f-bb7f29555d11" testName="NeoSharp.Tests.Types.EnumTypeTests.ContractParameterType_FromJsonValue_WithValidValues_ShouldSucceed(jsonValue: &quot;Boolean&quot;)" computerName="r3e" duration="00:00:00.0000063" startTime="2025-08-22T04:19:09.5044272+00:00" endTime="2025-08-22T04:19:09.5044273+00:00" testType="13cdc9d9-ddb5-4fa4-a97d-d965ccfc6d4b" outcome="Passed" testListId="8c84fa94-04c1-424b-9868-57a2d4851a1d" relativeResultsDirectory="aca8545f-4346-4f9d-8d41-4ded5216e744" />
    <UnitTestResult executionId="0d148a32-769f-4906-938e-954e5fb51f65" testId="42f0c1d8-472b-225e-839a-1e8337b6f2c9" testName="NeoSharp.Tests.Types.Hash160Tests.ToLittleEndianArray_ShouldReverseBytes" computerName="r3e" duration="00:00:00.0151167" startTime="2025-08-22T04:19:09.5105255+00:00" endTime="2025-08-22T04:19:09.5105256+00:00" testType="13cdc9d9-ddb5-4fa4-a97d-d965ccfc6d4b" outcome="Passed" testListId="8c84fa94-04c1-424b-9868-57a2d4851a1d" relativeResultsDirectory="0d148a32-769f-4906-938e-954e5fb51f65" />
    <UnitTestResult executionId="172c2140-81d3-4e8f-b3cb-f1f825162841" testId="05a04dc9-7731-84e7-b9ed-ede4e5c43f86" testName="NeoSharp.Tests.Types.EnumTypeTests.ContractParameterType_FromJsonValue_WithValidValues_ShouldSucceed(jsonValue: &quot;Integer&quot;)" computerName="r3e" duration="00:00:00.0000083" startTime="2025-08-22T04:19:09.5043938+00:00" endTime="2025-08-22T04:19:09.5043938+00:00" testType="13cdc9d9-ddb5-4fa4-a97d-d965ccfc6d4b" outcome="Passed" testListId="8c84fa94-04c1-424b-9868-57a2d4851a1d" relativeResultsDirectory="172c2140-81d3-4e8f-b3cb-f1f825162841" />
    <UnitTestResult executionId="59f914b8-0c53-460d-b6ff-67c89929fc3b" testId="ebf5a56a-f7f7-6329-0fdd-d1c186256e6a" testName="NeoSharp.Tests.Crypto.WIFTests.IsValidWIF_WithInvalidWIF_ShouldReturnFalse(invalidWif: &quot;&quot;)" computerName="r3e" duration="00:00:00.0002553" startTime="2025-08-22T04:19:09.5134381+00:00" endTime="2025-08-22T04:19:09.5134381+00:00" testType="13cdc9d9-ddb5-4fa4-a97d-d965ccfc6d4b" outcome="Passed" testListId="8c84fa94-04c1-424b-9868-57a2d4851a1d" relativeResultsDirectory="59f914b8-0c53-460d-b6ff-67c89929fc3b" />
    <UnitTestResult executionId="c3e04221-fdd3-43dd-b73b-4a873e967041" testId="c0fece1f-9b44-eed0-6d57-25d33d60c993" testName="NeoSharp.Tests.Wallet.AccountTests.FromPublicKey_ShouldCreateCorrectAccount" computerName="r3e" duration="00:00:00.0002269" startTime="2025-08-22T04:19:09.5947873+00:00" endTime="2025-08-22T04:19:09.5947874+00:00" testType="13cdc9d9-ddb5-4fa4-a97d-d965ccfc6d4b" outcome="Passed" testListId="8c84fa94-04c1-424b-9868-57a2d4851a1d" relativeResultsDirectory="c3e04221-fdd3-43dd-b73b-4a873e967041" />
    <UnitTestResult executionId="1aa4c7f7-f51b-4d33-81aa-2c6c29a10aee" testId="9a19bf8c-2f75-d177-6e9d-60a96d4a88db" testName="NeoSharp.Tests.Crypto.Base58Tests.TestBase58DecodingKnownValues(base58Input: &quot;2cFupjhnEsSn59qHXstmK2ffpLv2&quot;, expectedHex: &quot;73696d706c792061206c6f6e6720737472696e67&quot;)" computerName="r3e" duration="00:00:00.0000100" startTime="2025-08-22T04:19:09.5159519+00:00" endTime="2025-08-22T04:19:09.5159519+00:00" testType="13cdc9d9-ddb5-4fa4-a97d-d965ccfc6d4b" outcome="Passed" testListId="8c84fa94-04c1-424b-9868-57a2d4851a1d" relativeResultsDirectory="1aa4c7f7-f51b-4d33-81aa-2c6c29a10aee" />
    <UnitTestResult executionId="52ed5229-73a5-4bd5-b0e3-b2ec2e160100" testId="a5f85e1f-a238-e2d3-1bc1-0d79eff381b9" testName="NeoSharp.Tests.Crypto.WIFTests.PrivateKeyToWif_ShouldEncodeCorrectly" computerName="r3e" duration="00:00:00.0001710" startTime="2025-08-22T04:19:09.5117517+00:00" endTime="2025-08-22T04:19:09.5117518+00:00" testType="13cdc9d9-ddb5-4fa4-a97d-d965ccfc6d4b" outcome="Passed" testListId="8c84fa94-04c1-424b-9868-57a2d4851a1d" relativeResultsDirectory="52ed5229-73a5-4bd5-b0e3-b2ec2e160100" />
    <UnitTestResult executionId="f86f3752-cf71-42ea-a781-587c4ca009a8" testId="3a8dc186-285e-ba06-37ed-700bdc91daf9" testName="NeoSharp.Tests.Types.ContractParameterTests.ToJson_String_ShouldSerializeCorrectly" computerName="r3e" duration="00:00:00.0001154" startTime="2025-08-22T04:19:09.5037809+00:00" endTime="2025-08-22T04:19:09.5037809+00:00" testType="13cdc9d9-ddb5-4fa4-a97d-d965ccfc6d4b" outcome="Passed" testListId="8c84fa94-04c1-424b-9868-57a2d4851a1d" relativeResultsDirectory="f86f3752-cf71-42ea-a781-587c4ca009a8" />
    <UnitTestResult executionId="e93ef869-6e08-4d53-aad9-d9929254b16f" testId="05f8f41f-2a0a-483a-d80a-d63002f27122" testName="NeoSharp.Tests.Crypto.NEP2Tests.TestNEP2KeyChecksumValidation" computerName="r3e" duration="00:00:04.6782159" startTime="2025-08-22T04:19:14.1444890+00:00" endTime="2025-08-22T04:19:14.1444891+00:00" testType="13cdc9d9-ddb5-4fa4-a97d-d965ccfc6d4b" outcome="Failed" testListId="8c84fa94-04c1-424b-9868-57a2d4851a1d" relativeResultsDirectory="e93ef869-6e08-4d53-aad9-d9929254b16f">
      <Output>
        <ErrorInfo>
          <Message>Expected exception message to match the equivalent of "*checksum*", but "Invalid base58 check string" does not.
</Message>
          <StackTrace>   at FluentAssertions.Execution.XUnit2TestFramework.Throw(String message)
   at FluentAssertions.Execution.TestFrameworkProvider.Throw(String message)
   at FluentAssertions.Execution.CollectingAssertionStrategy.ThrowIfAny(IDictionary`2 context)
   at FluentAssertions.Specialized.ExceptionAssertions`1.ExceptionMessageAssertion.Execute(IEnumerable`1 messages, String expectation, String because, Object[] becauseArgs)
   at FluentAssertions.Specialized.ExceptionAssertions`1.ExceptionMessageAssertion.Execute(IEnumerable`1 messages, String expectation, String because, Object[] becauseArgs)
   at FluentAssertions.Specialized.ExceptionAssertions`1.WithMessage(String expectedWildcardPattern, String because, Object[] becauseArgs)
   at NeoSharp.Tests.Crypto.NEP2Tests.TestNEP2KeyChecksumValidation() in /home/ubuntu/NeoSwift/NeoSharp/tests/NeoSharp.Tests/Crypto/NEP2Tests.cs:line 193
   at System.RuntimeMethodHandle.InvokeMethod(Object target, Void** arguments, Signature sig, Boolean isConstructor)
   at System.Reflection.MethodBaseInvoker.InvokeWithNoArgs(Object obj, BindingFlags invokeAttr)</StackTrace>
        </ErrorInfo>
      </Output>
    </UnitTestResult>
    <UnitTestResult executionId="ad07e665-6306-46b6-bc63-98610241b948" testId="4b35573e-3a26-d9e4-572f-1869874e4bc6" testName="NeoSharp.Tests.Wallet.AccountTests.Sign_ShouldCreateValidSignature" computerName="r3e" duration="00:00:00.0013041" startTime="2025-08-22T04:19:09.5965486+00:00" endTime="2025-08-22T04:19:09.5965487+00:00" testType="13cdc9d9-ddb5-4fa4-a97d-d965ccfc6d4b" outcome="Failed" testListId="8c84fa94-04c1-424b-9868-57a2d4851a1d" relativeResultsDirectory="ad07e665-6306-46b6-bc63-98610241b948">
      <Output>
        <ErrorInfo>
          <Message>System.FormatException : Invalid WIF compression flag</Message>
          <StackTrace>   at NeoSharp.Crypto.ECPrivateKey.FromWIF(String wif) in /home/ubuntu/NeoSwift/NeoSharp/src/NeoSharp/Crypto/ECPrivateKey.cs:line 169
   at NeoSharp.Crypto.ECKeyPair.FromWIF(String wif) in /home/ubuntu/NeoSwift/NeoSharp/src/NeoSharp/Crypto/ECKeyPair.cs:line 140
   at NeoSharp.Wallet.Account.FromWIF(String wif) in /home/ubuntu/NeoSwift/NeoSharp/src/NeoSharp/Wallet/Account.cs:line 454
   at NeoSharp.Tests.Wallet.AccountTests.Sign_ShouldCreateValidSignature() in /home/ubuntu/NeoSwift/NeoSharp/tests/NeoSharp.Tests/Wallet/AccountTests.cs:line 227
   at System.RuntimeMethodHandle.InvokeMethod(Object target, Void** arguments, Signature sig, Boolean isConstructor)
   at System.Reflection.MethodBaseInvoker.InvokeWithNoArgs(Object obj, BindingFlags invokeAttr)</StackTrace>
        </ErrorInfo>
      </Output>
    </UnitTestResult>
    <UnitTestResult executionId="34d44a2d-00a7-46ee-b4bd-7d8b1722d4dc" testId="9c0fb039-5409-8e27-4cbc-4bb910228eab" testName="NeoSharp.Tests.Crypto.ScryptParamsTests.TestScryptParamsEquality" computerName="r3e" duration="00:00:00.0010000" startTime="2025-08-22T04:19:09.4984408+00:00" endTime="2025-08-22T04:19:09.4984408+00:00" testType="13cdc9d9-ddb5-4fa4-a97d-d965ccfc6d4b" outcome="Failed" testListId="8c84fa94-04c1-424b-9868-57a2d4851a1d" relativeResultsDirectory="34d44a2d-00a7-46ee-b4bd-7d8b1722d4dc">
      <Output>
        <ErrorInfo>
          <Message>System.ArgumentException : N parameter must be a power of 2 (Parameter 'n')</Message>
          <StackTrace>   at NeoSharp.Crypto.ScryptParams.ValidateParameters(Int32 n, Int32 r, Int32 p) in /home/ubuntu/NeoSwift/NeoSharp/src/NeoSharp/Crypto/ScryptParams.cs:line 93
   at NeoSharp.Crypto.ScryptParams..ctor(Int32 n, Int32 r, Int32 p) in /home/ubuntu/NeoSwift/NeoSharp/src/NeoSharp/Crypto/ScryptParams.cs:line 74
   at NeoSharp.Tests.Crypto.ScryptParamsTests..ctor() in /home/ubuntu/NeoSwift/NeoSharp/tests/NeoSharp.Tests/Crypto/ScryptParamsTests.cs:line 16
   at System.RuntimeType.CreateInstanceDefaultCtor(Boolean publicOnly, Boolean wrapExceptions)</StackTrace>
        </ErrorInfo>
      </Output>
    </UnitTestResult>
    <UnitTestResult executionId="cda7fdca-fef4-4409-b305-1212f00657dd" testId="17439590-e91f-3aab-b409-463c285438fd" testName="NeoSharp.Tests.Crypto.SecurityTests.TestDeterministicSignatures" computerName="r3e" duration="00:00:00.0032600" startTime="2025-08-22T04:19:14.1406561+00:00" endTime="2025-08-22T04:19:14.1406562+00:00" testType="13cdc9d9-ddb5-4fa4-a97d-d965ccfc6d4b" outcome="Failed" testListId="8c84fa94-04c1-424b-9868-57a2d4851a1d" relativeResultsDirectory="cda7fdca-fef4-4409-b305-1212f00657dd">
      <Output>
        <ErrorInfo>
          <Message>Expected sig1[0] to be 0xF8, but found 0xA8.
Expected sig1[1] to be 0xF7, but found 0x3C.
Expected sig1[2] to be 0x1C, but found 0xA6.
Expected sig1[3] to be 0xD5, but found 0x29.
Expected sig1[4] to be 0xEF, but found 0x9A.
Expected sig1[5] to be 0x4A, but found 0xC1.
Expected sig1[6] to be 0x0D, but found 0x63.
Expected sig1[7] to be 0xEC, but found 0x2B.
Expected sig1[8] to be 0x08, but found 0x49.
Expected sig1[9] to be 0x8C, but found 0xA1.

With configuration:
- Use declared types and members
- Compare enums by value
- Compare tuples by their properties
- Compare anonymous types by their properties
- Compare records by their members
- Include non-browsable members
- Include all non-private properties
- Include all non-private fields
- Match member by name (or throw)
- Be strict about the order of items in byte arrays
- Without automatic conversion.
</Message>
          <StackTrace>   at FluentAssertions.Execution.XUnit2TestFramework.Throw(String message)
   at FluentAssertions.Execution.TestFrameworkProvider.Throw(String message)
   at FluentAssertions.Execution.CollectingAssertionStrategy.ThrowIfAny(IDictionary`2 context)
   at FluentAssertions.Equivalency.EquivalencyValidator.AssertEquality(Comparands comparands, EquivalencyValidationContext context)
   at FluentAssertions.Equivalency.EquivalencyValidator.AssertEquality(Comparands comparands, EquivalencyValidationContext context)
   at FluentAssertions.Collections.GenericCollectionAssertions`3.BeEquivalentTo[TExpectation](IEnumerable`1 expectation, Func`2 config, String because, Object[] becauseArgs)
   at FluentAssertions.Collections.GenericCollectionAssertions`3.BeEquivalentTo[TExpectation](IEnumerable`1 expectation, String because, Object[] becauseArgs)
   at NeoSharp.Tests.Crypto.SecurityTests.TestDeterministicSignatures() in /home/ubuntu/NeoSwift/NeoSharp/tests/NeoSharp.Tests/Crypto/SecurityTests.cs:line 247
   at System.RuntimeMethodHandle.InvokeMethod(Object target, Void** arguments, Signature sig, Boolean isConstructor)
   at System.Reflection.MethodBaseInvoker.InvokeWithNoArgs(Object obj, BindingFlags invokeAttr)</StackTrace>
        </ErrorInfo>
      </Output>
    </UnitTestResult>
    <UnitTestResult executionId="a336b5a9-943a-4596-be81-cd2bb88ada3f" testId="a7471f80-cbf9-8a3c-4135-e8764bf5beac" testName="NeoSharp.Tests.Serialization.BinaryReaderTests.ReadByte_ShouldReadSingleByte" computerName="r3e" duration="00:00:00.0001968" startTime="2025-08-22T04:19:09.9198918+00:00" endTime="2025-08-22T04:19:09.9198918+00:00" testType="13cdc9d9-ddb5-4fa4-a97d-d965ccfc6d4b" outcome="Passed" testListId="8c84fa94-04c1-424b-9868-57a2d4851a1d" relativeResultsDirectory="a336b5a9-943a-4596-be81-cd2bb88ada3f" />
    <UnitTestResult executionId="7b785ece-173a-4df1-8ca5-58339b3a6bf5" testId="7d2410b8-3c58-b582-417b-c169fd10082a" testName="NeoSharp.Tests.Serialization.BinaryReaderTests.ReadVarBytes_ShouldReadVariableBytes" computerName="r3e" duration="00:00:00.0006373" startTime="2025-08-22T04:19:09.9119606+00:00" endTime="2025-08-22T04:19:09.9119608+00:00" testType="13cdc9d9-ddb5-4fa4-a97d-d965ccfc6d4b" outcome="Passed" testListId="8c84fa94-04c1-424b-9868-57a2d4851a1d" relativeResultsDirectory="7b785ece-173a-4df1-8ca5-58339b3a6bf5" />
    <UnitTestResult executionId="ef8d1ed7-fefb-403e-84a5-ef69aaf2498e" testId="459adc09-7f49-1440-4f10-c70a3ca70d53" testName="NeoSharp.Tests.Contract.SmartContractTests.InvokeFunction_ShouldCreateTransactionBuilder" computerName="r3e" duration="00:00:00.0021752" startTime="2025-08-22T04:19:09.6511953+00:00" endTime="2025-08-22T04:19:09.6511954+00:00" testType="13cdc9d9-ddb5-4fa4-a97d-d965ccfc6d4b" outcome="Passed" testListId="8c84fa94-04c1-424b-9868-57a2d4851a1d" relativeResultsDirectory="ef8d1ed7-fefb-403e-84a5-ef69aaf2498e" />
    <UnitTestResult executionId="96a63b0c-08f7-4d8b-b3d0-cb2c3776ec2c" testId="5a39d779-7003-bdf3-d546-1b77b3f14d9c" testName="NeoSharp.Tests.Crypto.SignTests.TestSignatureDataFromBytes" computerName="r3e" duration="00:00:00.0039544" startTime="2025-08-22T04:19:09.5610293+00:00" endTime="2025-08-22T04:19:09.5610294+00:00" testType="13cdc9d9-ddb5-4fa4-a97d-d965ccfc6d4b" outcome="Passed" testListId="8c84fa94-04c1-424b-9868-57a2d4851a1d" relativeResultsDirectory="96a63b0c-08f7-4d8b-b3d0-cb2c3776ec2c" />
    <UnitTestResult executionId="102f51dc-96a4-40b0-ae34-06b16cb7601c" testId="0a80ec7c-a614-b66a-c381-75aab29fd732" testName="NeoSharp.Tests.Crypto.WIFTests.NullPrivateKey_ShouldThrowArgumentNullException" computerName="r3e" duration="00:00:00.0004736" startTime="2025-08-22T04:19:09.5155404+00:00" endTime="2025-08-22T04:19:09.5155404+00:00" testType="13cdc9d9-ddb5-4fa4-a97d-d965ccfc6d4b" outcome="Passed" testListId="8c84fa94-04c1-424b-9868-57a2d4851a1d" relativeResultsDirectory="102f51dc-96a4-40b0-ae34-06b16cb7601c" />
    <UnitTestResult executionId="324a34f5-5d17-40aa-84ab-8b8dc10b4ab2" testId="64826042-8696-d8e4-f559-e9388633cb53" testName="NeoSharp.Tests.Types.ContractParameterTests.ToJson_Hash160_ShouldSerializeCorrectly" computerName="r3e" duration="00:00:00.0001963" startTime="2025-08-22T04:19:09.5038418+00:00" endTime="2025-08-22T04:19:09.5038418+00:00" testType="13cdc9d9-ddb5-4fa4-a97d-d965ccfc6d4b" outcome="Passed" testListId="8c84fa94-04c1-424b-9868-57a2d4851a1d" relativeResultsDirectory="324a34f5-5d17-40aa-84ab-8b8dc10b4ab2" />
    <UnitTestResult executionId="9c7572c3-fe04-43ff-89d3-7bed7b682043" testId="e8045b2b-82d5-c4bc-52d0-a2b14899b624" testName="NeoSharp.Tests.Crypto.SecurityTests.TestNEP2WrongPassword" computerName="r3e" duration="00:00:04.6205424" startTime="2025-08-22T04:19:14.1079797+00:00" endTime="2025-08-22T04:19:14.1079805+00:00" testType="13cdc9d9-ddb5-4fa4-a97d-d965ccfc6d4b" outcome="Failed" testListId="8c84fa94-04c1-424b-9868-57a2d4851a1d" relativeResultsDirectory="9c7572c3-fe04-43ff-89d3-7bed7b682043">
      <Output>
        <ErrorInfo>
          <Message>Expected a &lt;NeoSharp.Crypto.NEP2Exception&gt; to be thrown, but found &lt;System.FormatException&gt;:
System.FormatException: Invalid base58 check string
   at NeoSharp.Wallet.NEP2.Base58CheckDecode(String encoded) in /home/ubuntu/NeoSwift/NeoSharp/src/NeoSharp/Wallet/NEP2.cs:line 280
   at NeoSharp.Wallet.NEP2.DecryptToBytes(String nep2Key, String password, ScryptParams scryptParams) in /home/ubuntu/NeoSwift/NeoSharp/src/NeoSharp/Wallet/NEP2.cs:line 123
   at NeoSharp.Wallet.NEP2.Decrypt(String nep2Key, String password, ScryptParams scryptParams) in /home/ubuntu/NeoSwift/NeoSharp/src/NeoSharp/Wallet/NEP2.cs:line 103
   at NeoSharp.Tests.Crypto.SecurityTests.&lt;&gt;c__DisplayClass7_0.&lt;TestNEP2WrongPassword&gt;b__0() in /home/ubuntu/NeoSwift/NeoSharp/tests/NeoSharp.Tests/Crypto/SecurityTests.cs:line 150
   at FluentAssertions.Specialized.ActionAssertions.InvokeSubject()
   at FluentAssertions.Specialized.DelegateAssertions`2.InvokeSubjectWithInterception().</Message>
          <StackTrace>   at FluentAssertions.Execution.XUnit2TestFramework.Throw(String message)
   at FluentAssertions.Execution.TestFrameworkProvider.Throw(String message)
   at FluentAssertions.Execution.DefaultAssertionStrategy.HandleFailure(String message)
   at FluentAssertions.Execution.AssertionScope.FailWith(Func`1 failReasonFunc)
   at FluentAssertions.Specialized.DelegateAssertionsBase`2.ThrowInternal[TException](Exception exception, String because, Object[] becauseArgs)
   at FluentAssertions.Specialized.DelegateAssertions`2.Throw[TException](String because, Object[] becauseArgs)
   at NeoSharp.Tests.Crypto.SecurityTests.TestNEP2WrongPassword() in /home/ubuntu/NeoSwift/NeoSharp/tests/NeoSharp.Tests/Crypto/SecurityTests.cs:line 151
   at System.RuntimeMethodHandle.InvokeMethod(Object target, Void** arguments, Signature sig, Boolean isConstructor)
   at System.Reflection.MethodBaseInvoker.InvokeWithNoArgs(Object obj, BindingFlags invokeAttr)</StackTrace>
        </ErrorInfo>
      </Output>
    </UnitTestResult>
    <UnitTestResult executionId="65d0cbc8-2d66-44b8-953d-96f55455c08f" testId="5569ace7-c374-a3a5-367c-296344974383" testName="NeoSharp.Tests.Types.Hash160Tests.Equals_WithDifferentHash_ShouldReturnFalse" computerName="r3e" duration="00:00:00.0001747" startTime="2025-08-22T04:19:09.5152983+00:00" endTime="2025-08-22T04:19:09.5152984+00:00" testType="13cdc9d9-ddb5-4fa4-a97d-d965ccfc6d4b" outcome="Passed" testListId="8c84fa94-04c1-424b-9868-57a2d4851a1d" relativeResultsDirectory="65d0cbc8-2d66-44b8-953d-96f55455c08f" />
    <UnitTestResult executionId="eab58b7c-805e-464f-b111-0b96f273fac5" testId="7c596a1b-f03c-10d5-15f5-4962c4c57d6b" testName="NeoSharp.Tests.Crypto.Base58Tests.TestBase58EmptyInput" computerName="r3e" duration="00:00:00.0001543" startTime="2025-08-22T04:19:09.5244703+00:00" endTime="2025-08-22T04:19:09.5244704+00:00" testType="13cdc9d9-ddb5-4fa4-a97d-d965ccfc6d4b" outcome="Passed" testListId="8c84fa94-04c1-424b-9868-57a2d4851a1d" relativeResultsDirectory="eab58b7c-805e-464f-b111-0b96f273fac5" />
    <UnitTestResult executionId="41acbb7b-33e9-423f-93b2-db4532d800c7" testId="723e2c01-0ca0-a41a-c68a-e34ac45318ce" testName="NeoSharp.Tests.Serialization.BinaryReaderTests.ReadVarInt_ShouldReadVariableIntegers" computerName="r3e" duration="00:00:00.0003063" startTime="2025-08-22T04:19:09.9198342+00:00" endTime="2025-08-22T04:19:09.9198342+00:00" testType="13cdc9d9-ddb5-4fa4-a97d-d965ccfc6d4b" outcome="Passed" testListId="8c84fa94-04c1-424b-9868-57a2d4851a1d" relativeResultsDirectory="41acbb7b-33e9-423f-93b2-db4532d800c7" />
    <UnitTestResult executionId="00ff6d74-cb9e-4595-8914-0a89959d0ccb" testId="fb9c5acf-a0a4-9474-e2d6-b90acdb6038f" testName="NeoSharp.Tests.Contract.SmartContractTests.Constructor_ShouldSetScriptHashCorrectly" computerName="r3e" duration="00:00:00.0051094" startTime="2025-08-22T04:19:09.6473307+00:00" endTime="2025-08-22T04:19:09.6473308+00:00" testType="13cdc9d9-ddb5-4fa4-a97d-d965ccfc6d4b" outcome="Passed" testListId="8c84fa94-04c1-424b-9868-57a2d4851a1d" relativeResultsDirectory="00ff6d74-cb9e-4595-8914-0a89959d0ccb" />
    <UnitTestResult executionId="ebc57958-c9f9-411c-9d8e-a4383c9b6209" testId="8fc4c271-55a8-1d75-ee9b-ca171542217e" testName="NeoSharp.Tests.Crypto.SignTests.TestDeterministicSigning" computerName="r3e" duration="00:00:00.0007697" startTime="2025-08-22T04:19:09.5562685+00:00" endTime="2025-08-22T04:19:09.5562686+00:00" testType="13cdc9d9-ddb5-4fa4-a97d-d965ccfc6d4b" outcome="Failed" testListId="8c84fa94-04c1-424b-9868-57a2d4851a1d" relativeResultsDirectory="ebc57958-c9f9-411c-9d8e-a4383c9b6209">
      <Output>
        <ErrorInfo>
          <Message>NeoSharp.Core.NeoSharpException : Could not construct a recoverable key. This should never happen.</Message>
          <StackTrace>   at NeoSharp.Crypto.Sign.SignMessage(Byte[] message, ECKeyPair keyPair) in /home/ubuntu/NeoSwift/NeoSharp/src/NeoSharp/Crypto/Sign.cs:line 67
   at NeoSharp.Tests.Crypto.SignTests.TestDeterministicSigning() in /home/ubuntu/NeoSwift/NeoSharp/tests/NeoSharp.Tests/Crypto/SignTests.cs:line 187
   at System.RuntimeMethodHandle.InvokeMethod(Object target, Void** arguments, Signature sig, Boolean isConstructor)
   at System.Reflection.MethodBaseInvoker.InvokeWithNoArgs(Object obj, BindingFlags invokeAttr)</StackTrace>
        </ErrorInfo>
      </Output>
    </UnitTestResult>
    <UnitTestResult executionId="fbd663a2-741b-41e7-bac1-8fe69e6fcd86" testId="5c8b8879-3785-ed7e-8517-b4801c6cd5ed" testName="NeoSharp.Tests.Serialization.BinaryWriterTests.ToArray_ShouldReturnAllWrittenData" computerName="r3e" duration="00:00:00.0003433" startTime="2025-08-22T04:19:09.5110457+00:00" endTime="2025-08-22T04:19:09.5110458+00:00" testType="13cdc9d9-ddb5-4fa4-a97d-d965ccfc6d4b" outcome="Passed" testListId="8c84fa94-04c1-424b-9868-57a2d4851a1d" relativeResultsDirectory="fbd663a2-741b-41e7-bac1-8fe69e6fcd86" />
    <UnitTestResult executionId="ac957922-5244-4826-9623-64178c8eb8df" testId="498133df-5339-0fec-7f10-6cd5a987c16c" testName="NeoSharp.Tests.Types.EnumTypeTests.ContractParameterType_FromJsonValue_WithValidValues_ShouldSucceed(jsonValue: &quot;Array&quot;)" computerName="r3e" duration="00:00:00.0000061" startTime="2025-08-22T04:19:09.5044594+00:00" endTime="2025-08-22T04:19:09.5044594+00:00" testType="13cdc9d9-ddb5-4fa4-a97d-d965ccfc6d4b" outcome="Passed" testListId="8c84fa94-04c1-424b-9868-57a2d4851a1d" relativeResultsDirectory="ac957922-5244-4826-9623-64178c8eb8df" />
    <UnitTestResult executionId="df30c644-c4fe-4995-be6c-b722a16cd283" testId="8037f4df-cf2b-6def-7972-b1473d2ac3fc" testName="NeoSharp.Tests.Crypto.Base58Tests.TestBase58DecodingKnownValues(base58Input: &quot;ABnLTmg&quot;, expectedHex: &quot;516b6fcd0f&quot;)" computerName="r3e" duration="00:00:00.0000087" startTime="2025-08-22T04:19:09.5156063+00:00" endTime="2025-08-22T04:19:09.5156063+00:00" testType="13cdc9d9-ddb5-4fa4-a97d-d965ccfc6d4b" outcome="Passed" testListId="8c84fa94-04c1-424b-9868-57a2d4851a1d" relativeResultsDirectory="df30c644-c4fe-4995-be6c-b722a16cd283" />
    <UnitTestResult executionId="dbbf5318-d76d-4b8c-bef6-2738814d5a0e" testId="7b1adb34-29e1-8e99-6cf5-b6dc68ed1598" testName="NeoSharp.Tests.Types.Hash160Tests.GetHashCode_ShouldBeConsistent" computerName="r3e" duration="00:00:00.0001912" startTime="2025-08-22T04:19:09.5148679+00:00" endTime="2025-08-22T04:19:09.5148679+00:00" testType="13cdc9d9-ddb5-4fa4-a97d-d965ccfc6d4b" outcome="Passed" testListId="8c84fa94-04c1-424b-9868-57a2d4851a1d" relativeResultsDirectory="dbbf5318-d76d-4b8c-bef6-2738814d5a0e" />
    <UnitTestResult executionId="9c3a99f5-f02c-4169-a934-105aa6da7d67" testId="89d95cf3-c50b-5860-b057-4a39d76baba8" testName="NeoSharp.Tests.Types.ContractParameterTests.Equals_ShouldWorkCorrectly" computerName="r3e" duration="00:00:00.0005316" startTime="2025-08-22T04:19:09.5096213+00:00" endTime="2025-08-22T04:19:09.5096214+00:00" testType="13cdc9d9-ddb5-4fa4-a97d-d965ccfc6d4b" outcome="Passed" testListId="8c84fa94-04c1-424b-9868-57a2d4851a1d" relativeResultsDirectory="9c3a99f5-f02c-4169-a934-105aa6da7d67" />
    <UnitTestResult executionId="42d07d75-fef1-48cd-bc30-fd8d5ccd0b5b" testId="6f06f4f6-7e48-c0da-1fff-f5c44b023382" testName="NeoSharp.Tests.Types.Hash160Tests.FromScript_WithValidScript_ShouldCreateHash" computerName="r3e" duration="00:00:00.0062654" startTime="2025-08-22T04:19:09.5080917+00:00" endTime="2025-08-22T04:19:09.5080922+00:00" testType="13cdc9d9-ddb5-4fa4-a97d-d965ccfc6d4b" outcome="Passed" testListId="8c84fa94-04c1-424b-9868-57a2d4851a1d" relativeResultsDirectory="42d07d75-fef1-48cd-bc30-fd8d5ccd0b5b" />
    <UnitTestResult executionId="9ec7853d-a34b-44cd-a15a-72e15c29f4dd" testId="7f7ab2b2-597e-eee2-72be-73a112a769f7" testName="NeoSharp.Tests.Types.EnumTypeTests.ContractParameterType_AllValues_ShouldHaveCorrectProperties(paramType: Integer, expectedJson: &quot;Integer&quot;, expectedByte: 17)" computerName="r3e" duration="00:00:00.0001724" startTime="2025-08-22T04:19:09.5022651+00:00" endTime="2025-08-22T04:19:09.5022652+00:00" testType="13cdc9d9-ddb5-4fa4-a97d-d965ccfc6d4b" outcome="Passed" testListId="8c84fa94-04c1-424b-9868-57a2d4851a1d" relativeResultsDirectory="9ec7853d-a34b-44cd-a15a-72e15c29f4dd" />
    <UnitTestResult executionId="92653fac-e576-45c2-8d6f-584be39a94af" testId="cabce220-086e-7b08-bb2d-5b89bcbe34c8" testName="NeoSharp.Tests.Crypto.Base58Tests.TestBase58DecodingForInvalidStrings" computerName="r3e" duration="00:00:00.0001695" startTime="2025-08-22T04:19:09.5242623+00:00" endTime="2025-08-22T04:19:09.5242624+00:00" testType="13cdc9d9-ddb5-4fa4-a97d-d965ccfc6d4b" outcome="Passed" testListId="8c84fa94-04c1-424b-9868-57a2d4851a1d" relativeResultsDirectory="92653fac-e576-45c2-8d6f-584be39a94af" />
[...]
[xUnit.net 00:00:47.45]            at System.RuntimeMethodHandle.InvokeMethod(Object target, Void** arguments, Signature sig, Boolean isConstructor)
[xUnit.net 00:00:47.45]            at System.Reflection.MethodBaseInvoker.InvokeWithNoArgs(Object obj, BindingFlags invokeAttr)
[xUnit.net 00:00:47.46]   Finished:    NeoSharp.Tests
</StdOut>
    </Output>
    <RunInfos>
      <RunInfo computerName="r3e" outcome="Error" timestamp="2025-08-22T04:19:09.4921830+00:00">
        <Text>[xUnit.net 00:00:00.16]     NeoSharp.Tests.Crypto.ScryptParamsTests.TestScryptParamsStringRepresentation [FAIL]</Text>
      </RunInfo>
      <RunInfo computerName="r3e" outcome="Error" timestamp="2025-08-22T04:19:09.4924704+00:00">
        <Text>[xUnit.net 00:00:00.16]     NeoSharp.Tests.Crypto.ScryptParamsTests.TestScryptParamsPerformanceRelativeTime [FAIL]</Text>
      </RunInfo>
      <RunInfo computerName="r3e" outcome="Error" timestamp="2025-08-22T04:19:09.4925064+00:00">
        <Text>[xUnit.net 00:00:00.16]     NeoSharp.Tests.Crypto.ScryptParamsTests.TestScryptParamsRoundTrip(n: 256, r: 1, p: 1) [FAIL]</Text>
      </RunInfo>
      <RunInfo computerName="r3e" outcome="Error" timestamp="2025-08-22T04:19:09.4926473+00:00">
        <Text>[xUnit.net 00:00:00.16]     NeoSharp.Tests.Crypto.ScryptParamsTests.TestScryptParamsRoundTrip(n: 32768, r: 8, p: 8) [FAIL]</Text>
      </RunInfo>
      <RunInfo computerName="r3e" outcome="Error" timestamp="2025-08-22T04:19:09.4929309+00:00">
        <Text>[xUnit.net 00:00:00.16]     NeoSharp.Tests.Crypto.ScryptParamsTests.TestScryptParamsRoundTrip(n: 16384, r: 8, p: 8) [FAIL]</Text>
      </RunInfo>
      <RunInfo computerName="r3e" outcome="Error" timestamp="2025-08-22T04:19:09.4931659+00:00">
        <Text>[xUnit.net 00:00:00.16]     NeoSharp.Tests.Crypto.ScryptParamsTests.TestScryptParamsRoundTrip(n: 4096, r: 4, p: 4) [FAIL]</Text>
      </RunInfo>
      <RunInfo computerName="r3e" outcome="Error" timestamp="2025-08-22T04:19:09.4933490+00:00">
        <Text>[xUnit.net 00:00:00.16]     NeoSharp.Tests.Crypto.ScryptParamsTests.TestDefaultScryptParams [FAIL]</Text>
      </RunInfo>
      <RunInfo computerName="r3e" outcome="Error" timestamp="2025-08-22T04:19:09.4935532+00:00">
        <Text>[xUnit.net 00:00:00.16]     NeoSharp.Tests.Crypto.ScryptParamsTests.TestSerialize [FAIL]</Text>
      </RunInfo>
      <RunInfo computerName="r3e" outcome="Error" timestamp="2025-08-22T04:19:09.5194704+00:00">
        <Text>[xUnit.net 00:00:00.17]     NeoSharp.Tests.Crypto.ScryptParamsTests.TestScryptParamsIncompleteJson [FAIL]</Text>
      </RunInfo>
      <RunInfo computerName="r3e" outcome="Error" timestamp="2025-08-22T04:19:09.5195262+00:00">
        <Text>[xUnit.net 00:00:00.17]     NeoSharp.Tests.Crypto.ScryptParamsTests.TestScryptParamsJsonVariations(json: "{\"cost\":7,\"blockSize\":8,\"p\":9}") [FAIL]</Text>
      </RunInfo>
      <RunInfo computerName="r3e" outcome="Error" timestamp="2025-08-22T04:19:09.5195502+00:00">
        <Text>[xUnit.net 00:00:00.17]     NeoSharp.Tests.Crypto.ScryptParamsTests.TestScryptParamsJsonVariations(json: "{\"N\":7,\"R\":8,\"P\":9}") [FAIL]</Text>
      </RunInfo>
      <RunInfo computerName="r3e" outcome="Error" timestamp="2025-08-22T04:19:09.5195731+00:00">
        <Text>[xUnit.net 00:00:00.17]     NeoSharp.Tests.Crypto.ScryptParamsTests.TestScryptParamsJsonVariations(json: "{\"n\": 7, \"r\": 8, \"p\": 9}") [FAIL]</Text>
      </RunInfo>
      <RunInfo computerName="r3e" outcome="Error" timestamp="2025-08-22T04:19:09.5195957+00:00">
        <Text>[xUnit.net 00:00:00.17]     NeoSharp.Tests.Crypto.ScryptParamsTests.TestScryptParamsEquality [FAIL]</Text>
      </RunInfo>
      <RunInfo computerName="r3e" outcome="Error" timestamp="2025-08-22T04:19:09.5196204+00:00">
        <Text>[xUnit.net 00:00:00.17]     NeoSharp.Tests.Crypto.ScryptParamsTests.TestScryptParamsMemoryUsageCalculation [FAIL]</Text>
      </RunInfo>
      <RunInfo computerName="r3e" outcome="Error" timestamp="2025-08-22T04:19:09.5196474+00:00">
        <Text>[xUnit.net 00:00:00.17]     NeoSharp.Tests.Crypto.ScryptParamsTests.TestDeserialize [FAIL]</Text>
      </RunInfo>
      <RunInfo computerName="r3e" outcome="Error" timestamp="2025-08-22T04:19:09.5196864+00:00">
        <Text>[xUnit.net 00:00:00.17]     NeoSharp.Tests.Crypto.ScryptParamsTests.TestScryptParamsValidation [FAIL]</Text>
      </RunInfo>
      <RunInfo computerName="r3e" outcome="Error" timestamp="2025-08-22T04:19:09.5197108+00:00">
        <Text>[xUnit.net 00:00:00.17]     NeoSharp.Tests.Crypto.ScryptParamsTests.TestScryptParamsWithExtraFields [FAIL]</Text>
      </RunInfo>
      <RunInfo computerName="r3e" outcome="Error" timestamp="2025-08-22T04:19:09.5206786+00:00">
        <Text>[xUnit.net 00:00:00.18]     NeoSharp.Tests.Crypto.WIFTests.UncompressedWif_ShouldDecodeCorrectly [FAIL]</Text>
      </RunInfo>
      <RunInfo computerName="r3e" outcome="Error" timestamp="2025-08-22T04:19:09.5232334+00:00">
        <Text>[xUnit.net 00:00:00.19]     NeoSharp.Tests.Crypto.WIFTests.CompressedFlag_ShouldBeHandledCorrectly(compressed: False) [FAIL]</Text>
      </RunInfo>
      <RunInfo computerName="r3e" outcome="Error" timestamp="2025-08-22T04:19:09.5252874+00:00">
        <Text>[xUnit.net 00:00:00.20]     NeoSharp.Tests.Crypto.ECKeyPairTests.NewPublicKeyFromUncompressedPoint_ShouldCompressCorrectly [FAIL]</Text>
      </RunInfo>
      <RunInfo computerName="r3e" outcome="Error" timestamp="2025-08-22T04:19:09.5416590+00:00">
        <Text>[xUnit.net 00:00:00.22]     NeoSharp.Tests.Crypto.SignTests.TestSignVariousMessages(message: "Hello World") [FAIL]</Text>
      </RunInfo>
      <RunInfo computerName="r3e" outcome="Error" timestamp="2025-08-22T04:19:09.5426185+00:00">
        <Text>[xUnit.net 00:00:00.22]     NeoSharp.Tests.Crypto.SignTests.TestSignVariousMessages(message: "\ud83d\ude80 Unicode message with emojis \ud83d\udd10") [FAIL]</Text>
      </RunInfo>
      <RunInfo computerName="r3e" outcome="Error" timestamp="2025-08-22T04:19:09.5433791+00:00">
        <Text>[xUnit.net 00:00:00.22]     NeoSharp.Tests.Crypto.SignTests.TestSignVariousMessages(message: "") [FAIL]</Text>
      </RunInfo>
      <RunInfo computerName="r3e" outcome="Error" timestamp="2025-08-22T04:19:09.5441312+00:00">
        <Text>[xUnit.net 00:00:00.22]     NeoSharp.Tests.Crypto.SignTests.TestSignVariousMessages(message: "This is a longer message that tests the signing al"···) [FAIL]</Text>
      </RunInfo>
      <RunInfo computerName="r3e" outcome="Error" timestamp="2025-08-22T04:19:09.5493428+00:00">
        <Text>[xUnit.net 00:00:00.22]     NeoSharp.Tests.Crypto.SignTests.TestSignatureWithWrongKey [FAIL]</Text>
      </RunInfo>
      <RunInfo computerName="r3e" outcome="Error" timestamp="2025-08-22T04:19:09.5529727+00:00">
        <Text>[xUnit.net 00:00:00.23]     NeoSharp.Tests.Crypto.SignTests.TestSignDifferentMessages [FAIL]</Text>
      </RunInfo>
      <RunInfo computerName="r3e" outcome="Error" timestamp="2025-08-22T04:19:09.5538756+00:00">
        <Text>[xUnit.net 00:00:00.23]     NeoSharp.Tests.Crypto.SignTests.TestPublicKeyFromSignedMessage [FAIL]</Text>
      </RunInfo>
      <RunInfo computerName="r3e" outcome="Error" timestamp="2025-08-22T04:19:09.5544802+00:00">
        <Text>[xUnit.net 00:00:00.23]     NeoSharp.Tests.Crypto.SignTests.TestRecoverSigningScriptHash [FAIL]</Text>
      </RunInfo>
      <RunInfo computerName="r3e" outcome="Error" timestamp="2025-08-22T04:19:09.5554352+00:00">
        <Text>[xUnit.net 00:00:00.23]     NeoSharp.Tests.Crypto.SignTests.TestSignMessage [FAIL]</Text>
      </RunInfo>
      <RunInfo computerName="r3e" outcome="Error" timestamp="2025-08-22T04:19:09.5562576+00:00">
        <Text>[xUnit.net 00:00:00.23]     NeoSharp.Tests.Crypto.SignTests.TestDeterministicSigning [FAIL]</Text>
      </RunInfo>
      <RunInfo computerName="r3e" outcome="Error" timestamp="2025-08-22T04:19:09.5570889+00:00">
        <Text>[xUnit.net 00:00:00.23]     NeoSharp.Tests.Crypto.SignTests.TestVerifySignature [FAIL]</Text>
      </RunInfo>
      <RunInfo computerName="r3e" outcome="Error" timestamp="2025-08-22T04:19:09.5737716+00:00">
        <Text>[xUnit.net 00:00:00.25]     NeoSharp.Tests.Wallet.AccountTests.GetAddress_ShouldReturnCorrectAddress [FAIL]</Text>
      </RunInfo>
      <RunInfo computerName="r3e" outcome="Error" timestamp="2025-08-22T04:19:09.5744531+00:00">
        <Text>[xUnit.net 00:00:00.25]     NeoSharp.Tests.Serialization.BinaryReaderTests.ReadBigInteger_ShouldReadCorrectly [FAIL]</Text>
      </RunInfo>
      <RunInfo computerName="r3e" outcome="Error" timestamp="2025-08-22T04:19:09.5759927+00:00">
        <Text>[xUnit.net 00:00:00.25]     NeoSharp.Tests.Wallet.AccountTests.DecryptPrivateKey_ShouldDecryptPrivateKey [FAIL]</Text>
      </RunInfo>
      <RunInfo computerName="r3e" outcome="Error" timestamp="2025-08-22T04:19:09.5776629+00:00">
        <Text>[xUnit.net 00:00:00.25]     NeoSharp.Tests.Serialization.BinaryWriterTests.WriteVarBytes_WithBigIntegerData_ShouldEncodeCorrectly [FAIL]</Text>
      </RunInfo>
      <RunInfo computerName="r3e" outcome="Error" timestamp="2025-08-22T04:19:09.5787086+00:00">
        <Text>[xUnit.net 00:00:00.25]     NeoSharp.Tests.Script.ScriptBuilderTests.PushString_ShouldHandleDifferentSizes [FAIL]</Text>
      </RunInfo>
      <RunInfo computerName="r3e" outcome="Error" timestamp="2025-08-22T04:19:09.5826844+00:00">
        <Text>[xUnit.net 00:00:00.26]     NeoSharp.Tests.Wallet.AccountTests.DecryptPrivateKey_WithWrongPassword_ShouldThrowException [FAIL]</Text>
      </RunInfo>
      <RunInfo computerName="r3e" outcome="Error" timestamp="2025-08-22T04:19:09.5838483+00:00">
        <Text>[xUnit.net 00:00:00.26]     NeoSharp.Tests.Script.ScriptBuilderTests.VerificationScriptFromPublicKeys_ShouldCreateCorrectScript [FAIL]</Text>
      </RunInfo>
      <RunInfo computerName="r3e" outcome="Error" timestamp="2025-08-22T04:19:09.5857821+00:00">
        <Text>[xUnit.net 00:00:00.26]     NeoSharp.Tests.Serialization.BinaryWriterTests.Reset_ShouldClearBuffer [FAIL]</Text>
      </RunInfo>
      <RunInfo computerName="r3e" outcome="Error" timestamp="2025-08-22T04:19:09.5871810+00:00">
        <Text>[xUnit.net 00:00:00.26]     NeoSharp.Tests.Crypto.SignTests.TestPublicKeyFromPrivateKey [FAIL]</Text>
      </RunInfo>
      <RunInfo computerName="r3e" outcome="Error" timestamp="2025-08-22T04:19:09.5895535+00:00">
        <Text>[xUnit.net 00:00:00.26]     NeoSharp.Tests.Script.ScriptBuilderTests.VerificationScriptFromPublicKey_ShouldCreateCorrectScript [FAIL]</Text>
      </RunInfo>
      <RunInfo computerName="r3e" outcome="Error" timestamp="2025-08-22T04:19:09.5913998+00:00">
        <Text>[xUnit.net 00:00:00.27]     NeoSharp.Tests.Crypto.SignTests.TestInvalidSignatureVerification [FAIL]</Text>
      </RunInfo>
      <RunInfo computerName="r3e" outcome="Error" timestamp="2025-08-22T04:19:09.5914473+00:00">
        <Text>[xUnit.net 00:00:00.27]     NeoSharp.Tests.Crypto.SignTests.TestKeyFromSignedMessageWithInvalidSignature [FAIL]</Text>
      </RunInfo>
      <RunInfo computerName="r3e" outcome="Error" timestamp="2025-08-22T04:19:09.5919345+00:00">
        <Text>[xUnit.net 00:00:00.27]     NeoSharp.Tests.Wallet.AccountTests.Equals_ShouldCompareByScriptHash [FAIL]</Text>
      </RunInfo>
      <RunInfo computerName="r3e" outcome="Error" timestamp="2025-08-22T04:19:09.5929548+00:00">
        <Text>[xUnit.net 00:00:00.27]     NeoSharp.Tests.Wallet.AccountTests.FromWIF_ShouldCreateCorrectAccount [FAIL]</Text>
      </RunInfo>
      <RunInfo computerName="r3e" outcome="Error" timestamp="2025-08-22T04:19:09.5932343+00:00">
        <Text>[xUnit.net 00:00:00.27]     NeoSharp.Tests.Wallet.AccountTests.EncryptPrivateKey_ShouldEncryptPrivateKey [FAIL]</Text>
      </RunInfo>
      <RunInfo computerName="r3e" outcome="Error" timestamp="2025-08-22T04:19:09.5946030+00:00">
        <Text>[xUnit.net 00:00:00.27]     NeoSharp.Tests.Wallet.AccountTests.SignData_ShouldCreateValidSignature [FAIL]</Text>
      </RunInfo>
      <RunInfo computerName="r3e" outcome="Error" timestamp="2025-08-22T04:19:09.5964500+00:00">
        <Text>[xUnit.net 00:00:00.27]     NeoSharp.Tests.Wallet.AccountTests.Sign_ShouldCreateValidSignature [FAIL]</Text>
      </RunInfo>
      <RunInfo computerName="r3e" outcome="Error" timestamp="2025-08-22T04:19:09.6018489+00:00">
        <Text>[xUnit.net 00:00:00.27]     NeoSharp.Tests.Wallet.AccountTests.Sign_WithLockedAccount_ShouldThrowException [FAIL]</Text>
      </RunInfo>
      <RunInfo computerName="r3e" outcome="Error" timestamp="2025-08-22T04:19:09.6047223+00:00">
        <Text>[xUnit.net 00:00:00.28]     NeoSharp.Tests.Wallet.AccountTests.CreateMultiSigAccount_WithEmptyPublicKeys_ShouldThrowArgumentException [FAIL]</Text>
      </RunInfo>
      <RunInfo computerName="r3e" outcome="Error" timestamp="2025-08-22T04:19:09.6051422+00:00">
        <Text>[xUnit.net 00:00:00.28]     NeoSharp.Tests.Wallet.AccountTests.IsWatchOnly_ShouldReturnFalseForAccountsWithPrivateKey [FAIL]</Text>
      </RunInfo>
      <RunInfo computerName="r3e" outcome="Error" timestamp="2025-08-22T04:19:09.6054468+00:00">
        <Text>[xUnit.net 00:00:00.28]     NeoSharp.Tests.Wallet.AccountTests.GetScriptHash_ShouldReturnCorrectHash [FAIL]</Text>
      </RunInfo>
      <RunInfo computerName="r3e" outcome="Error" timestamp="2025-08-22T04:19:09.6057223+00:00">
        <Text>[xUnit.net 00:00:00.28]     NeoSharp.Tests.Crypto.ECKeyPairTests.KeyPairVerification_ShouldVerifyOwnSignature [FAIL]</Text>
      </RunInfo>
      <RunInfo computerName="r3e" outcome="Error" timestamp="2025-08-22T04:19:09.6064917+00:00">
        <Text>[xUnit.net 00:00:00.28]     NeoSharp.Tests.Crypto.ECKeyPairTests.PublicKeyEquality_ShouldWorkCorrectly [FAIL]</Text>
      </RunInfo>
      <RunInfo computerName="r3e" outcome="Error" timestamp="2025-08-22T04:19:09.9102256+00:00">
        <Text>[xUnit.net 00:00:00.58]     NeoSharp.Tests.Serialization.BinaryReaderTests.ReadPushData_WithInvalidOpCode_ShouldThrowException [FAIL]</Text>
      </RunInfo>
      <RunInfo computerName="r3e" outcome="Error" timestamp="2025-08-22T04:19:09.9142303+00:00">
        <Text>[xUnit.net 00:00:00.59]     NeoSharp.Tests.Serialization.BinaryReaderTests.ReadPushDataBigInteger_ShouldReadNumbersCorrectly [FAIL]</Text>
      </RunInfo>
      <RunInfo computerName="r3e" outcome="Error" timestamp="2025-08-22T04:19:09.9185865+00:00">
        <Text>[xUnit.net 00:00:00.59]     NeoSharp.Tests.Serialization.BinaryReaderTests.ReadBoolean_ShouldReadBooleaneanValues [FAIL]</Text>
      </RunInfo>
      <RunInfo computerName="r3e" outcome="Error" timestamp="2025-08-22T04:19:14.1070623+00:00">
        <Text>[xUnit.net 00:00:04.78]     NeoSharp.Tests.Crypto.SecurityTests.TestNEP2WrongPassword [FAIL]</Text>
      </RunInfo>
      <RunInfo computerName="r3e" outcome="Error" timestamp="2025-08-22T04:19:14.1172403+00:00">
        <Text>[xUnit.net 00:00:04.79]     NeoSharp.Tests.Crypto.SecurityTests.TestSignatureVerification [FAIL]</Text>
      </RunInfo>
      <RunInfo computerName="r3e" outcome="Error" timestamp="2025-08-22T04:19:14.1265164+00:00">
        <Text>[xUnit.net 00:00:04.80]     NeoSharp.Tests.Crypto.SecurityTests.TestTimingAttackResistance [FAIL]</Text>
      </RunInfo>
      <RunInfo computerName="r3e" outcome="Error" timestamp="2025-08-22T04:19:14.1402375+00:00">
        <Text>[xUnit.net 00:00:04.82]     NeoSharp.Tests.Crypto.SecurityTests.TestDeterministicSignatures [FAIL]</Text>
      </RunInfo>
      <RunInfo computerName="r3e" outcome="Error" timestamp="2025-08-22T04:19:14.1442361+00:00">
        <Text>[xUnit.net 00:00:04.82]     NeoSharp.Tests.Crypto.NEP2Tests.TestNEP2KeyChecksumValidation [FAIL]</Text>
      </RunInfo>
      <RunInfo computerName="r3e" outcome="Error" timestamp="2025-08-22T04:19:18.3838035+00:00">
        <Text>[xUnit.net 00:00:09.06]     NeoSharp.Tests.Crypto.SecurityTests.TestNEP2EncryptionDecryption [FAIL]</Text>
      </RunInfo>
      <RunInfo computerName="r3e" outcome="Error" timestamp="2025-08-22T04:19:18.3867376+00:00">
        <Text>[xUnit.net 00:00:09.06]     NeoSharp.Tests.Crypto.SecurityTests.TestWIFImportSecurely [FAIL]</Text>
      </RunInfo>
      <RunInfo computerName="r3e" outcome="Error" timestamp="2025-08-22T04:19:18.4287421+00:00">
        <Text>[xUnit.net 00:00:09.10]     NeoSharp.Tests.Crypto.NEP2Tests.TestVariousPasswords(password: "password") [FAIL]</Text>
      </RunInfo>
      <RunInfo computerName="r3e" outcome="Error" timestamp="2025-08-22T04:19:22.4939175+00:00">
        <Text>[xUnit.net 00:00:13.17]     NeoSharp.Tests.Crypto.NEP2Tests.TestVariousPasswords(password: "a") [FAIL]</Text>
      </RunInfo>
      <RunInfo computerName="r3e" outcome="Error" timestamp="2025-08-22T04:19:22.4945130+00:00">
        <Text>[xUnit.net 00:00:13.17]     NeoSharp.Tests.Crypto.NEP2Tests.TestVariousPasswords(password: "") [FAIL]</Text>
      </RunInfo>
      <RunInfo computerName="r3e" outcome="Error" timestamp="2025-08-22T04:19:26.2961641+00:00">
        <Text>[xUnit.net 00:00:16.97]     NeoSharp.Tests.Crypto.NEP2Tests.TestVariousPasswords(password: "VeryLongPasswordWithSpecialCharacters!@#$%^&amp;*()_+-"···) [FAIL]</Text>
      </RunInfo>
      <RunInfo computerName="r3e" outcome="Error" timestamp="2025-08-22T04:19:30.1676914+00:00">
        <Text>[xUnit.net 00:00:20.84]     NeoSharp.Tests.Crypto.NEP2Tests.TestVariousPasswords(password: "\ud83d\udd10\ud83d\udd11\ud83d\udc8e") [FAIL]</Text>
      </RunInfo>
      <RunInfo computerName="r3e" outcome="Error" timestamp="2025-08-22T04:19:34.0721279+00:00">
        <Text>[xUnit.net 00:00:24.75]     NeoSharp.Tests.Crypto.NEP2Tests.TestDecryptWithWrongPassword [FAIL]</Text>
      </RunInfo>
      <RunInfo computerName="r3e" outcome="Error" timestamp="2025-08-22T04:19:38.6689626+00:00">
        <Text>[xUnit.net 00:00:29.34]     NeoSharp.Tests.Crypto.NEP2Tests.TestNEP2WithDifferentScryptParams [FAIL]</Text>
      </RunInfo>
      <RunInfo computerName="r3e" outcome="Error" timestamp="2025-08-22T04:19:38.6702374+00:00">
        <Text>[xUnit.net 00:00:29.35]     NeoSharp.Tests.Crypto.NEP2Tests.TestDecryptWithDefaultScryptParams [FAIL]</Text>
      </RunInfo>
      <RunInfo computerName="r3e" outcome="Error" timestamp="2025-08-22T04:19:38.6703133+00:00">
        <Text>[xUnit.net 00:00:29.35]     NeoSharp.Tests.Crypto.NEP2Tests.TestDecryptWithNonDefaultScryptParams [FAIL]</Text>
      </RunInfo>
      <RunInfo computerName="r3e" outcome="Error" timestamp="2025-08-22T04:19:45.2513268+00:00">
        <Text>[xUnit.net 00:00:35.93]     NeoSharp.Tests.Crypto.NEP2Tests.TestRoundTripEncryptionDecryption [FAIL]</Text>
      </RunInfo>
      <RunInfo computerName="r3e" outcome="Error" timestamp="2025-08-22T04:19:45.2547570+00:00">
        <Text>[xUnit.net 00:00:35.93]     NeoSharp.Tests.Crypto.NEP2Tests.TestEncryptWithNonDefaultScryptParams [FAIL]</Text>
      </RunInfo>
      <RunInfo computerName="r3e" outcome="Error" timestamp="2025-08-22T04:19:52.9588822+00:00">
        <Text>[xUnit.net 00:00:43.63]     NeoSharp.Tests.Crypto.NEP2Tests.TestMultipleEncryptionsProduceDifferentResults [FAIL]</Text>
      </RunInfo>
      <RunInfo computerName="r3e" outcome="Error" timestamp="2025-08-22T04:19:56.7775558+00:00">
        <Text>[xUnit.net 00:00:47.45]     NeoSharp.Tests.Crypto.NEP2Tests.TestEncryptWithDefaultScryptParams [FAIL]</Text>
      </RunInfo>
      <RunInfo computerName="r3e" outcome="Error" timestamp="2025-08-22T04:19:56.7782170+00:00">
        <Text>[xUnit.net 00:00:47.45]     NeoSharp.Tests.Crypto.NEP2Tests.TestNEP2AddressGeneration [FAIL]</Text>
      </RunInfo>
      <RunInfo computerName="r3e" outcome="Error" timestamp="2025-08-22T04:19:56.7790997+00:00">
        <Text>[xUnit.net 00:00:47.45]     NeoSharp.Tests.Crypto.NEP2Tests.TestInvalidNEP2Format [FAIL]</Text>
      </RunInfo>
    </RunInfos>
  </ResultSummary>
</TestRun>