<?xml version="1.0" encoding="utf-8"?>
<TestRun id="905802d7-02ab-4a26-822e-84d80c473f0f" name="@r3e 2025-08-22 09:53:19" xmlns="http://microsoft.com/schemas/VisualStudio/TeamTest/2010">
  <Times creation="2025-08-22T09:53:19.5152863+00:00" queuing="2025-08-22T09:53:19.5152864+00:00" start="2025-08-22T09:53:18.8020743+00:00" finish="2025-08-22T09:56:55.2839970+00:00" />
  <TestSettings name="default" id="f2b31808-71c6-4734-8cc5-9aa9465bcb48">
    <Deployment runDeploymentRoot="_r3e_2025-08-22_09_53_19" />
  </TestSettings>
  <Results>
    <UnitTestResult executionId="7492a4dd-8278-4596-b01b-396fd4518b11" testId="27f2afbd-9f07-3545-d5d6-b28952ebdfd1" testName="NeoSharp.Tests.Crypto.Base58Tests.TestBase58DecodingKnownValues(base58Input: &quot;1NS17iag9jJgTHD1VXjvLCEnZuQ3rJDE9L&quot;, expectedHex: &quot;00eb15231dfceb60925886b67d065299925915aeb172c06647&quot;)" computerName="r3e" duration="00:00:00.0000275" startTime="2025-08-22T09:53:19.4970829+00:00" endTime="2025-08-22T09:53:19.4970829+00:00" testType="13cdc9d9-ddb5-4fa4-a97d-d965ccfc6d4b" outcome="Passed" testListId="8c84fa94-04c1-424b-9868-57a2d4851a1d" relativeResultsDirectory="7492a4dd-8278-4596-b01b-396fd4518b11" />
    <UnitTestResult executionId="4954d237-743e-4ccd-9e49-86d7e89bfe95" testId="93afad43-36e1-d731-837d-ad6d5a7f49c1" testName="NeoSharp.Tests.Crypto.WIFTests.IsValidWIF_WithValidWIF_ShouldReturnTrue" computerName="r3e" duration="00:00:00.0002732" startTime="2025-08-22T09:53:19.6166290+00:00" endTime="2025-08-22T09:53:19.6166290+00:00" testType="13cdc9d9-ddb5-4fa4-a97d-d965ccfc6d4b" outcome="Passed" testListId="8c84fa94-04c1-424b-9868-57a2d4851a1d" relativeResultsDirectory="4954d237-743e-4ccd-9e49-86d7e89bfe95" />
    <UnitTestResult executionId="e9f59f8c-1d80-408b-a67a-5eed5065630f" testId="9a7d42b9-5bb8-9a73-719c-d3d0d3f66968" testName="NeoSharp.Tests.Wallet.AccountTests.GetScriptHash_ShouldReturnCorrectHash" computerName="r3e" duration="00:00:00.0004122" startTime="2025-08-22T09:53:50.0392091+00:00" endTime="2025-08-22T09:53:50.0392091+00:00" testType="13cdc9d9-ddb5-4fa4-a97d-d965ccfc6d4b" outcome="Passed" testListId="8c84fa94-04c1-424b-9868-57a2d4851a1d" relativeResultsDirectory="e9f59f8c-1d80-408b-a67a-5eed5065630f" />
    <UnitTestResult executionId="efe7433e-9343-4ca3-aafd-63a9acb770c9" testId="520fc664-9814-ee48-7c06-87170716aa83" testName="NeoSharp.Tests.Crypto.SecurityTests.TestHashCacheThreadSafety" computerName="r3e" duration="00:00:00.0047380" startTime="2025-08-22T09:53:31.7385827+00:00" endTime="2025-08-22T09:53:31.7385828+00:00" testType="13cdc9d9-ddb5-4fa4-a97d-d965ccfc6d4b" outcome="Passed" testListId="8c84fa94-04c1-424b-9868-57a2d4851a1d" relativeResultsDirectory="efe7433e-9343-4ca3-aafd-63a9acb770c9" />
    <UnitTestResult executionId="489860c3-67f9-43bc-b61e-c81f4941d5a2" testId="a3ae36ff-fb49-636b-3f78-195a1ca621d2" testName="NeoSharp.Tests.Crypto.SignTests.TestSignMessage" computerName="r3e" duration="00:00:00.0194206" startTime="2025-08-22T09:53:19.7770055+00:00" endTime="2025-08-22T09:53:19.7770056+00:00" testType="13cdc9d9-ddb5-4fa4-a97d-d965ccfc6d4b" outcome="Passed" testListId="8c84fa94-04c1-424b-9868-57a2d4851a1d" relativeResultsDirectory="489860c3-67f9-43bc-b61e-c81f4941d5a2" />
    <UnitTestResult executionId="b03c938e-17c5-4b56-8ff3-6fbe77fd4721" testId="0cd0b68b-dc3d-1e65-70c2-00debc90e057" testName="NeoSharp.Tests.Crypto.ScryptParamsTests.TestScryptParamsRoundTrip(n: 16384, r: 8, p: 8)" computerName="r3e" duration="00:00:00.0000449" startTime="2025-08-22T09:53:19.5666964+00:00" endTime="2025-08-22T09:53:19.5666964+00:00" testType="13cdc9d9-ddb5-4fa4-a97d-d965ccfc6d4b" outcome="Passed" testListId="8c84fa94-04c1-424b-9868-57a2d4851a1d" relativeResultsDirectory="b03c938e-17c5-4b56-8ff3-6fbe77fd4721" />
    <UnitTestResult executionId="08e52781-adc0-4ae1-b60d-5c41215bfa38" testId="7f7ab2b2-597e-eee2-72be-73a112a769f7" testName="NeoSharp.Tests.Types.EnumTypeTests.ContractParameterType_AllValues_ShouldHaveCorrectProperties(paramType: Integer, expectedJson: &quot;Integer&quot;, expectedByte: 17)" computerName="r3e" duration="00:00:00.0002634" startTime="2025-08-22T09:53:19.5471112+00:00" endTime="2025-08-22T09:53:19.5471112+00:00" testType="13cdc9d9-ddb5-4fa4-a97d-d965ccfc6d4b" outcome="Passed" testListId="8c84fa94-04c1-424b-9868-57a2d4851a1d" relativeResultsDirectory="08e52781-adc0-4ae1-b60d-5c41215bfa38" />
    <UnitTestResult executionId="bdad0acf-a25f-4d36-a711-bbd47012e1dc" testId="84f4aa5b-2dbf-da24-8c49-9944ee9416f3" testName="NeoSharp.Tests.Types.Hash160Tests.Zero_ShouldReturnZeroHash" computerName="r3e" duration="00:00:00.0068706" startTime="2025-08-22T09:53:19.6496278+00:00" endTime="2025-08-22T09:53:19.6496278+00:00" testType="13cdc9d9-ddb5-4fa4-a97d-d965ccfc6d4b" outcome="Passed" testListId="8c84fa94-04c1-424b-9868-57a2d4851a1d" relativeResultsDirectory="bdad0acf-a25f-4d36-a711-bbd47012e1dc" />
    <UnitTestResult executionId="7db7af2b-e0de-4f88-951b-26e7e5ff625c" testId="8c8e5669-cac9-8cd2-8cb1-9da59e2f22d4" testName="NeoSharp.Tests.Script.ScriptBuilderTests.PushByteArray_ShouldHandleDifferentSizes" computerName="r3e" duration="00:00:00.0037417" startTime="2025-08-22T09:53:19.6339657+00:00" endTime="2025-08-22T09:53:19.6339658+00:00" testType="13cdc9d9-ddb5-4fa4-a97d-d965ccfc6d4b" outcome="Passed" testListId="8c84fa94-04c1-424b-9868-57a2d4851a1d" relativeResultsDirectory="7db7af2b-e0de-4f88-951b-26e7e5ff625c" />
    <UnitTestResult executionId="ab5ffce3-4b23-431d-9ddb-1d1fa5187631" testId="2d2a9605-3a0d-6e02-270f-fff5f7a24d69" testName="NeoSharp.Tests.Types.Hash256Tests.Zero_ShouldReturnZeroHash" computerName="r3e" duration="00:00:00.0042812" startTime="2025-08-22T09:53:19.5248240+00:00" endTime="2025-08-22T09:53:19.5248240+00:00" testType="13cdc9d9-ddb5-4fa4-a97d-d965ccfc6d4b" outcome="Passed" testListId="8c84fa94-04c1-424b-9868-57a2d4851a1d" relativeResultsDirectory="ab5ffce3-4b23-431d-9ddb-1d1fa5187631" />
    <UnitTestResult executionId="52bc00aa-e766-4ddc-93cd-b8f51dda90ed" testId="ab3c62e7-d184-01a1-5e12-a63742eb3420" testName="NeoSharp.Tests.Crypto.ECKeyPairTests.DeserializePublicKey_ShouldCreateCorrectKey" computerName="r3e" duration="00:00:00.0001198" startTime="2025-08-22T09:53:19.6866869+00:00" endTime="2025-08-22T09:53:19.6866869+00:00" testType="13cdc9d9-ddb5-4fa4-a97d-d965ccfc6d4b" outcome="Passed" testListId="8c84fa94-04c1-424b-9868-57a2d4851a1d" relativeResultsDirectory="52bc00aa-e766-4ddc-93cd-b8f51dda90ed" />
    <UnitTestResult executionId="1b9d0302-f333-4b36-9d7a-ac000fcdfef6" testId="06f81819-3fd4-bb37-39ac-53fe9c4dccb5" testName="NeoSharp.Tests.Crypto.ECKeyPairTests.NewPublicKeyFromPointWithHexPrefix_ShouldHandlePrefix" computerName="r3e" duration="00:00:00.0001652" startTime="2025-08-22T09:53:19.6826761+00:00" endTime="2025-08-22T09:53:19.6826761+00:00" testType="13cdc9d9-ddb5-4fa4-a97d-d965ccfc6d4b" outcome="Passed" testListId="8c84fa94-04c1-424b-9868-57a2d4851a1d" relativeResultsDirectory="1b9d0302-f333-4b36-9d7a-ac000fcdfef6" />
    <UnitTestResult executionId="9874e81c-6bb6-421d-a5ee-18fdc112b7fd" testId="137931c0-8691-6fca-7f01-9635ba02a966" testName="NeoSharp.Tests.Crypto.Base58Tests.TestBase58EncodingKnownValues(hexInput: &quot;516b6fcd0f&quot;, expectedBase58: &quot;ABnLTmg&quot;)" computerName="r3e" duration="00:00:00.0000116" startTime="2025-08-22T09:53:19.5154077+00:00" endTime="2025-08-22T09:53:19.5154077+00:00" testType="13cdc9d9-ddb5-4fa4-a97d-d965ccfc6d4b" outcome="Passed" testListId="8c84fa94-04c1-424b-9868-57a2d4851a1d" relativeResultsDirectory="9874e81c-6bb6-421d-a5ee-18fdc112b7fd" />
    <UnitTestResult executionId="3ccad6f5-f5d3-476e-9fa5-87728fe8eccc" testId="0a93bcd0-fc6a-56a2-32f3-61add043fee9" testName="NeoSharp.Tests.Crypto.ECKeyPairTests.KeyPairSigning_ShouldProduceValidSignature" computerName="r3e" duration="00:00:00.0011794" startTime="2025-08-22T09:53:19.6835265+00:00" endTime="2025-08-22T09:53:19.6835265+00:00" testType="13cdc9d9-ddb5-4fa4-a97d-d965ccfc6d4b" outcome="Passed" testListId="8c84fa94-04c1-424b-9868-57a2d4851a1d" relativeResultsDirectory="3ccad6f5-f5d3-476e-9fa5-87728fe8eccc" />
    <UnitTestResult executionId="3c16362a-2d99-4327-917b-ee98d433c851" testId="f3e83804-4bfc-b256-1868-00b97a2ebe4b" testName="NeoSharp.Tests.Types.ContractParameterTests.Array_ShouldCreateArrayParameter" computerName="r3e" duration="00:00:00.0005580" startTime="2025-08-22T09:53:19.5440435+00:00" endTime="2025-08-22T09:53:19.5440435+00:00" testType="13cdc9d9-ddb5-4fa4-a97d-d965ccfc6d4b" outcome="Passed" testListId="8c84fa94-04c1-424b-9868-57a2d4851a1d" relativeResultsDirectory="3c16362a-2d99-4327-917b-ee98d433c851" />
    <UnitTestResult executionId="65d5c0b6-e759-47a3-8442-53338bf89c91" testId="cabce220-086e-7b08-bb2d-5b89bcbe34c8" testName="NeoSharp.Tests.Crypto.Base58Tests.TestBase58DecodingForInvalidStrings" computerName="r3e" duration="00:00:00.0001334" startTime="2025-08-22T09:53:19.5374787+00:00" endTime="2025-08-22T09:53:19.5374787+00:00" testType="13cdc9d9-ddb5-4fa4-a97d-d965ccfc6d4b" outcome="Passed" testListId="8c84fa94-04c1-424b-9868-57a2d4851a1d" relativeResultsDirectory="65d5c0b6-e759-47a3-8442-53338bf89c91" />
    <UnitTestResult executionId="420e91f2-b36f-4710-bc55-577c8b894d82" testId="f10fde39-91da-cdc8-1ac1-947772a818bb" testName="NeoSharp.Tests.Types.Hash256Tests.Deserialize_ShouldCreateHashFromLittleEndianBytes" computerName="r3e" duration="00:00:00.0143411" startTime="2025-08-22T09:53:19.4741406+00:00" endTime="2025-08-22T09:53:19.4741406+00:00" testType="13cdc9d9-ddb5-4fa4-a97d-d965ccfc6d4b" outcome="Passed" testListId="8c84fa94-04c1-424b-9868-57a2d4851a1d" relativeResultsDirectory="420e91f2-b36f-4710-bc55-577c8b894d82" />
    <UnitTestResult executionId="7739710c-f06f-4ea0-951f-8b32e0baff32" testId="c5499fac-0887-5ff8-f4e8-5df1dcf51938" testName="NeoSharp.Tests.Crypto.ScryptParamsTests.TestScryptParamsJsonVariations(json: &quot;{\&quot;cost\&quot;:8,\&quot;blockSize\&quot;:4,\&quot;p\&quot;:9}&quot;)" computerName="r3e" duration="00:00:00.0000285" startTime="2025-08-22T09:53:19.5904884+00:00" endTime="2025-08-22T09:53:19.5904885+00:00" testType="13cdc9d9-ddb5-4fa4-a97d-d965ccfc6d4b" outcome="Passed" testListId="8c84fa94-04c1-424b-9868-57a2d4851a1d" relativeResultsDirectory="7739710c-f06f-4ea0-951f-8b32e0baff32" />
    <UnitTestResult executionId="8895e8b3-6f8a-458a-9de2-17db57cc2c40" testId="b4da6257-ddc3-4454-c78a-2162fb472e15" testName="NeoSharp.Tests.Types.ContractParameterTests.Integer_WithInt_ShouldCreateIntegerParameter" computerName="r3e" duration="00:00:00.0001994" startTime="2025-08-22T09:53:19.5242223+00:00" endTime="2025-08-22T09:53:19.5242224+00:00" testType="13cdc9d9-ddb5-4fa4-a97d-d965ccfc6d4b" outcome="Passed" testListId="8c84fa94-04c1-424b-9868-57a2d4851a1d" relativeResultsDirectory="8895e8b3-6f8a-458a-9de2-17db57cc2c40" />
    <UnitTestResult executionId="2c3d207d-b94d-4222-84cd-76eaa29b7c92" testId="e0f51f72-d8b8-59e9-9de3-c6b33c399d4f" testName="NeoSharp.Tests.Wallet.AccountTests.FromVerificationScript_ShouldCreateCorrectAccount" computerName="r3e" duration="00:00:00.0003686" startTime="2025-08-22T09:53:41.2878067+00:00" endTime="2025-08-22T09:53:41.2878067+00:00" testType="13cdc9d9-ddb5-4fa4-a97d-d965ccfc6d4b" outcome="Passed" testListId="8c84fa94-04c1-424b-9868-57a2d4851a1d" relativeResultsDirectory="2c3d207d-b94d-4222-84cd-76eaa29b7c92" />
    <UnitTestResult executionId="a61a8b52-7eed-4154-8578-bc7f98149bce" testId="28c1a9bf-5a93-c3ad-eea0-bb20680fffa4" testName="NeoSharp.Tests.Types.Hash256Tests.Serialize_ShouldWriteLittleEndianBytes" computerName="r3e" duration="00:00:00.0157842" startTime="2025-08-22T09:53:19.5662406+00:00" endTime="2025-08-22T09:53:19.5662407+00:00" testType="13cdc9d9-ddb5-4fa4-a97d-d965ccfc6d4b" outcome="Passed" testListId="8c84fa94-04c1-424b-9868-57a2d4851a1d" relativeResultsDirectory="a61a8b52-7eed-4154-8578-bc7f98149bce" />
    <UnitTestResult executionId="30b1c2b8-3d9b-4924-9169-45f25da4b474" testId="35384949-bc6d-881c-1268-c51617a75afb" testName="NeoSharp.Tests.Crypto.SecurityTests.TestSecureBytesCreation" computerName="r3e" duration="00:00:00.0005398" startTime="2025-08-22T09:53:31.7463678+00:00" endTime="2025-08-22T09:53:31.7463678+00:00" testType="13cdc9d9-ddb5-4fa4-a97d-d965ccfc6d4b" outcome="Passed" testListId="8c84fa94-04c1-424b-9868-57a2d4851a1d" relativeResultsDirectory="30b1c2b8-3d9b-4924-9169-45f25da4b474" />
    <UnitTestResult executionId="8f0daf30-2428-46b0-ad75-75704ed4a206" testId="ec4a4449-1424-a7ee-e040-db656a90d838" testName="NeoSharp.Tests.Crypto.NEP2Tests.TestVariousPasswords(password: &quot;password&quot;)" computerName="r3e" duration="00:00:10.9987832" startTime="2025-08-22T09:53:36.8313644+00:00" endTime="2025-08-22T09:53:36.8313657+00:00" testType="13cdc9d9-ddb5-4fa4-a97d-d965ccfc6d4b" outcome="Passed" testListId="8c84fa94-04c1-424b-9868-57a2d4851a1d" relativeResultsDirectory="8f0daf30-2428-46b0-ad75-75704ed4a206" />
    <UnitTestResult executionId="1f93bcf1-7333-4556-8160-06864e481753" testId="920e6c5d-9623-aca6-54e1-2a6db20518e7" testName="NeoSharp.Tests.Crypto.Base58Tests.TestBase58EncodingKnownValues(hexInput: &quot;&quot;, expectedBase58: &quot;&quot;)" computerName="r3e" duration="00:00:00.0001599" startTime="2025-08-22T09:53:19.5109001+00:00" endTime="2025-08-22T09:53:19.5109001+00:00" testType="13cdc9d9-ddb5-4fa4-a97d-d965ccfc6d4b" outcome="Passed" testListId="8c84fa94-04c1-424b-9868-57a2d4851a1d" relativeResultsDirectory="1f93bcf1-7333-4556-8160-06864e481753" />
    <UnitTestResult executionId="40336642-a7fc-4a35-96f3-b44c442b3caa" testId="3ad41eb3-674c-040c-673f-5eb164d827cb" testName="NeoSharp.Tests.Crypto.Base58Tests.TestBase58EncodingKnownValues(hexInput: &quot;61&quot;, expectedBase58: &quot;2g&quot;)" computerName="r3e" duration="00:00:00.0000090" startTime="2025-08-22T09:53:19.5144648+00:00" endTime="2025-08-22T09:53:19.5144649+00:00" testType="13cdc9d9-ddb5-4fa4-a97d-d965ccfc6d4b" outcome="Passed" testListId="8c84fa94-04c1-424b-9868-57a2d4851a1d" relativeResultsDirectory="40336642-a7fc-4a35-96f3-b44c442b3caa" />
    <UnitTestResult executionId="4570fc5e-7e4b-4856-85ae-d4b5687a8115" testId="42f0c1d8-472b-225e-839a-1e8337b6f2c9" testName="NeoSharp.Tests.Types.Hash160Tests.ToLittleEndianArray_ShouldReverseBytes" computerName="r3e" duration="00:00:00.0004732" startTime="2025-08-22T09:53:19.6358028+00:00" endTime="2025-08-22T09:53:19.6358029+00:00" testType="13cdc9d9-ddb5-4fa4-a97d-d965ccfc6d4b" outcome="Passed" testListId="8c84fa94-04c1-424b-9868-57a2d4851a1d" relativeResultsDirectory="4570fc5e-7e4b-4856-85ae-d4b5687a8115" />
    <UnitTestResult executionId="8caf9256-4c94-4763-9bcc-8333f365e1e6" testId="d386e6a8-91ed-763e-b3a1-4b62ffed5cf3" testName="NeoSharp.Tests.Crypto.Base58Tests.TestBase58CheckDecodingWithInvalidCharacters" computerName="r3e" duration="00:00:00.0003399" startTime="2025-08-22T09:53:19.5339472+00:00" endTime="2025-08-22T09:53:19.5339473+00:00" testType="13cdc9d9-ddb5-4fa4-a97d-d965ccfc6d4b" outcome="Passed" testListId="8c84fa94-04c1-424b-9868-57a2d4851a1d" relativeResultsDirectory="8caf9256-4c94-4763-9bcc-8333f365e1e6" />
    <UnitTestResult executionId="0a2b1dcf-0e3d-4622-b836-1f19424cd06c" testId="e5bc4cef-c9d7-228d-d607-aa84511db155" testName="NeoSharp.Tests.Types.Hash256Tests.Equals_ShouldWorkCorrectly" computerName="r3e" duration="00:00:00.0008779" startTime="2025-08-22T09:53:19.6361011+00:00" endTime="2025-08-22T09:53:19.6361011+00:00" testType="13cdc9d9-ddb5-4fa4-a97d-d965ccfc6d4b" outcome="Passed" testListId="8c84fa94-04c1-424b-9868-57a2d4851a1d" relativeResultsDirectory="0a2b1dcf-0e3d-4622-b836-1f19424cd06c" />
    <UnitTestResult executionId="132a1dec-30d0-402a-8f26-87ce05663043" testId="6ab66c03-5ab2-3e1f-187f-860a3bcb8043" testName="NeoSharp.Tests.Crypto.ECKeyPairTests.PublicKeyInequality_ShouldWorkCorrectly" computerName="r3e" duration="00:00:00.1683197" startTime="2025-08-22T09:53:19.6820732+00:00" endTime="2025-08-22T09:53:19.6820732+00:00" testType="13cdc9d9-ddb5-4fa4-a97d-d965ccfc6d4b" outcome="Passed" testListId="8c84fa94-04c1-424b-9868-57a2d4851a1d" relativeResultsDirectory="132a1dec-30d0-402a-8f26-87ce05663043" />
    <UnitTestResult executionId="5b7957d5-f69c-427d-b923-c92fe51baa5b" testId="51f5edf3-4cf1-eb27-23e0-a2855310af0f" testName="NeoSharp.Tests.Crypto.WIFTests.UncompressedWif_ShouldDecodeCorrectly" computerName="r3e" duration="00:00:00.0137911" startTime="2025-08-22T09:53:19.5620719+00:00" endTime="2025-08-22T09:53:19.5620719+00:00" testType="13cdc9d9-ddb5-4fa4-a97d-d965ccfc6d4b" outcome="Passed" testListId="8c84fa94-04c1-424b-9868-57a2d4851a1d" relativeResultsDirectory="5b7957d5-f69c-427d-b923-c92fe51baa5b" />
    <UnitTestResult executionId="f1320633-e38e-47fb-ad65-4bd195ef3b53" testId="629e7032-8557-9949-051b-245664692db4" testName="NeoSharp.Tests.Types.EnumTypeTests.ContractParameterType_AllValues_ShouldHaveCorrectProperties(paramType: Boolean, expectedJson: &quot;Boolean&quot;, expectedByte: 16)" computerName="r3e" duration="00:00:00.0000122" startTime="2025-08-22T09:53:19.5495130+00:00" endTime="2025-08-22T09:53:19.5495131+00:00" testType="13cdc9d9-ddb5-4fa4-a97d-d965ccfc6d4b" outcome="Passed" testListId="8c84fa94-04c1-424b-9868-57a2d4851a1d" relativeResultsDirectory="f1320633-e38e-47fb-ad65-4bd195ef3b53" />
    <UnitTestResult executionId="a68ba5a6-4018-4e55-81a9-f0abc89b28a7" testId="18b7722c-b2a8-52c1-cddc-92860b3f2b90" testName="NeoSharp.Tests.Types.EnumTypeTests.TransactionAttributeType_ShouldWorkCorrectly" computerName="r3e" duration="00:00:00.0001195" startTime="2025-08-22T09:53:19.5724926+00:00" endTime="2025-08-22T09:53:19.5724927+00:00" testType="13cdc9d9-ddb5-4fa4-a97d-d965ccfc6d4b" outcome="Passed" testListId="8c84fa94-04c1-424b-9868-57a2d4851a1d" relativeResultsDirectory="a68ba5a6-4018-4e55-81a9-f0abc89b28a7" />
    <UnitTestResult executionId="e8fa6f13-1154-477a-8488-eeefd8fd9206" testId="43a93774-e244-efde-3836-bf3986847e98" testName="NeoSharp.Tests.Types.Hash160Tests.CompareTo_ShouldOrderCorrectly" computerName="r3e" duration="00:00:00.0007891" startTime="2025-08-22T09:53:19.6562125+00:00" endTime="2025-08-22T09:53:19.6562126+00:00" testType="13cdc9d9-ddb5-4fa4-a97d-d965ccfc6d4b" outcome="Passed" testListId="8c84fa94-04c1-424b-9868-57a2d4851a1d" relativeResultsDirectory="e8fa6f13-1154-477a-8488-eeefd8fd9206" />
    <UnitTestResult executionId="cc26e34c-3f7c-440e-88a1-465d5c8895bb" testId="3e6e6c8a-2579-62b2-c566-29b61215c625" testName="NeoSharp.Tests.Types.EnumTypeTests.ContractParameterType_Hashes_ShouldBeDetected" computerName="r3e" duration="00:00:00.0002347" startTime="2025-08-22T09:53:19.5603027+00:00" endTime="2025-08-22T09:53:19.5603027+00:00" testType="13cdc9d9-ddb5-4fa4-a97d-d965ccfc6d4b" outcome="Passed" testListId="8c84fa94-04c1-424b-9868-57a2d4851a1d" relativeResultsDirectory="cc26e34c-3f7c-440e-88a1-465d5c8895bb" />
    <UnitTestResult executionId="d09b73a9-e3e2-4d3e-a790-61e172118aa9" testId="8b02887a-436a-84b1-9469-502e894249de" testName="NeoSharp.Tests.Crypto.NEP2Tests.TestVariousPasswords(password: &quot;&quot;)" computerName="r3e" duration="00:00:07.9537775" startTime="2025-08-22T09:53:54.2720453+00:00" endTime="2025-08-22T09:53:54.2720455+00:00" testType="13cdc9d9-ddb5-4fa4-a97d-d965ccfc6d4b" outcome="Passed" testListId="8c84fa94-04c1-424b-9868-57a2d4851a1d" relativeResultsDirectory="d09b73a9-e3e2-4d3e-a790-61e172118aa9" />
    <UnitTestResult executionId="4afa0e02-2375-40f4-b619-0bbf5d924839" testId="04920b5f-686b-4d0a-a325-7e2ad0ac452a" testName="NeoSharp.Tests.Serialization.BinaryReaderTests.ReadPushData_WithInvalidOpCode_ShouldThrowException" computerName="r3e" duration="00:00:00.0021820" startTime="2025-08-22T09:53:20.1434356+00:00" endTime="2025-08-22T09:53:20.1434358+00:00" testType="13cdc9d9-ddb5-4fa4-a97d-d965ccfc6d4b" outcome="Passed" testListId="8c84fa94-04c1-424b-9868-57a2d4851a1d" relativeResultsDirectory="4afa0e02-2375-40f4-b619-0bbf5d924839" />
    <UnitTestResult executionId="47e7d927-e8c1-4817-8a2b-4439972d592a" testId="a670f6ba-6b92-ff82-b344-e17a9ee818a8" testName="NeoSharp.Tests.Crypto.WIFTests.ValidWifToPrivateKey_ShouldDecodeCorrectly" computerName="r3e" duration="00:00:00.0001459" startTime="2025-08-22T09:53:19.6200280+00:00" endTime="2025-08-22T09:53:19.6200280+00:00" testType="13cdc9d9-ddb5-4fa4-a97d-d965ccfc6d4b" outcome="Passed" testListId="8c84fa94-04c1-424b-9868-57a2d4851a1d" relativeResultsDirectory="47e7d927-e8c1-4817-8a2b-4439972d592a" />
    <UnitTestResult executionId="efd6d785-3c0b-406a-b912-2a7da7df2dc1" testId="33843bfb-59e0-4d8b-1700-315e81e57341" testName="NeoSharp.Tests.Wallet.AccountTests.IsWatchOnly_ShouldReturnFalseForAccountsWithPrivateKey" computerName="r3e" duration="00:00:00.0003654" startTime="2025-08-22T09:53:50.0387656+00:00" endTime="2025-08-22T09:53:50.0387656+00:00" testType="13cdc9d9-ddb5-4fa4-a97d-d965ccfc6d4b" outcome="Passed" testListId="8c84fa94-04c1-424b-9868-57a2d4851a1d" relativeResultsDirectory="efd6d785-3c0b-406a-b912-2a7da7df2dc1" />
    <UnitTestResult executionId="5a5db514-63e5-4e2e-9bf4-27210aa337c0" testId="e1772adc-4111-9752-4572-923cbd634c5b" testName="NeoSharp.Tests.Serialization.BinaryWriterTests.WriteVarBytes_WithBigIntegerData_ShouldEncodeCorrectly" computerName="r3e" duration="00:00:00.0005918" startTime="2025-08-22T09:53:19.6005732+00:00" endTime="2025-08-22T09:53:19.6005733+00:00" testType="13cdc9d9-ddb5-4fa4-a97d-d965ccfc6d4b" outcome="Passed" testListId="8c84fa94-04c1-424b-9868-57a2d4851a1d" relativeResultsDirectory="5a5db514-63e5-4e2e-9bf4-27210aa337c0" />
    <UnitTestResult executionId="8ff2ac2e-53b1-41f3-bb81-49c55c1c81a6" testId="693f5a41-e6ea-2fe8-b639-69d705d0deef" testName="NeoSharp.Tests.Crypto.Bip32ECKeyPairTests.TestPathValidation" computerName="r3e" duration="00:00:00.0144339" startTime="2025-08-22T09:53:19.4742805+00:00" endTime="2025-08-22T09:53:19.4742806+00:00" testType="13cdc9d9-ddb5-4fa4-a97d-d965ccfc6d4b" outcome="Passed" testListId="8c84fa94-04c1-424b-9868-57a2d4851a1d" relativeResultsDirectory="8ff2ac2e-53b1-41f3-bb81-49c55c1c81a6" />
    <UnitTestResult executionId="1f4a61d3-3f7b-42b4-a66d-d958fa1fd89c" testId="a4f10603-0b26-0d65-ce5e-e2df30b3d1b6" testName="NeoSharp.Tests.Crypto.Base64Tests.Base64Encode_ForBytes_ShouldEncodeCorrectly" computerName="r3e" duration="00:00:00.0001279" startTime="2025-08-22T09:53:19.5234442+00:00" endTime="2025-08-22T09:53:19.5234442+00:00" testType="13cdc9d9-ddb5-4fa4-a97d-d965ccfc6d4b" outcome="Passed" testListId="8c84fa94-04c1-424b-9868-57a2d4851a1d" relativeResultsDirectory="1f4a61d3-3f7b-42b4-a66d-d958fa1fd89c" />
    <UnitTestResult executionId="6ee23a69-84bf-459b-95fd-31f230ad564b" testId="afa758de-baa5-0ce9-bfdd-2c3fb03d1e53" testName="NeoSharp.Tests.Crypto.ScryptParamsTests.TestScryptParamsJsonVariations(json: &quot;{\&quot;N\&quot;:8,\&quot;R\&quot;:4,\&quot;P\&quot;:9}&quot;)" computerName="r3e" duration="00:00:00.0002240" startTime="2025-08-22T09:53:19.5901695+00:00" endTime="2025-08-22T09:53:19.5901696+00:00" testType="13cdc9d9-ddb5-4fa4-a97d-d965ccfc6d4b" outcome="Passed" testListId="8c84fa94-04c1-424b-9868-57a2d4851a1d" relativeResultsDirectory="6ee23a69-84bf-459b-95fd-31f230ad564b" />
    <UnitTestResult executionId="a2a84543-9420-437c-8e68-41755612cac7" testId="c130288d-a9d4-34a1-8371-13344ddcfeae" testName="NeoSharp.Tests.Types.Hash256Tests.Constructor_WithInvalidHex_ShouldThrowException" computerName="r3e" duration="00:00:00.0141118" startTime="2025-08-22T09:53:19.6134307+00:00" endTime="2025-08-22T09:53:19.6134307+00:00" testType="13cdc9d9-ddb5-4fa4-a97d-d965ccfc6d4b" outcome="Passed" testListId="8c84fa94-04c1-424b-9868-57a2d4851a1d" relativeResultsDirectory="a2a84543-9420-437c-8e68-41755612cac7" />
    <UnitTestResult executionId="202e6eb7-66cc-4a1a-8d3c-ab78505fa356" testId="c064602b-a199-c25b-89df-ce5815c62b71" testName="NeoSharp.Tests.Wallet.AccountTests.CreateMultiSigAccount_ShouldCreateCorrectMultiSigAccount" computerName="r3e" duration="00:00:00.0017736" startTime="2025-08-22T09:53:31.4104447+00:00" endTime="2025-08-22T09:53:31.4104448+00:00" testType="13cdc9d9-ddb5-4fa4-a97d-d965ccfc6d4b" outcome="Passed" testListId="8c84fa94-04c1-424b-9868-57a2d4851a1d" relativeResultsDirectory="202e6eb7-66cc-4a1a-8d3c-ab78505fa356" />
    <UnitTestResult executionId="6d753891-fead-4bb8-a68a-919b6b399342" testId="c4d11546-b7ff-9147-d8a7-3a820d75d8d6" testName="NeoSharp.Tests.Serialization.BinaryReaderTests.ReadBeyondEnd_ShouldThrowException" computerName="r3e" duration="00:00:00.0009866" startTime="2025-08-22T09:53:20.1488634+00:00" endTime="2025-08-22T09:53:20.1488635+00:00" testType="13cdc9d9-ddb5-4fa4-a97d-d965ccfc6d4b" outcome="Passed" testListId="8c84fa94-04c1-424b-9868-57a2d4851a1d" relativeResultsDirectory="6d753891-fead-4bb8-a68a-919b6b399342" />
    <UnitTestResult executionId="8bed63c1-7a6d-4eec-a463-f458bb908768" testId="46e9ff7c-0efc-b9b8-9dfa-b389ab865583" testName="NeoSharp.Tests.Crypto.WIFTests.CompressedFlag_ShouldBeHandledCorrectly(compressed: False)" computerName="r3e" duration="00:00:00.0005323" startTime="2025-08-22T09:53:19.6137176+00:00" endTime="2025-08-22T09:53:19.6137177+00:00" testType="13cdc9d9-ddb5-4fa4-a97d-d965ccfc6d4b" outcome="Passed" testListId="8c84fa94-04c1-424b-9868-57a2d4851a1d" relativeResultsDirectory="8bed63c1-7a6d-4eec-a463-f458bb908768" />
    <UnitTestResult executionId="dddbc23e-a4ea-4d89-9cbf-e67459c6933b" testId="c2bfde30-e914-458b-e340-ab93132a81d3" testName="NeoSharp.Tests.Types.ContractParameterTests.Integer_WithBigInteger_ShouldCreateIntegerParameter" computerName="r3e" duration="00:00:00.0015946" startTime="2025-08-22T09:53:19.5436244+00:00" endTime="2025-08-22T09:53:19.5436245+00:00" testType="13cdc9d9-ddb5-4fa4-a97d-d965ccfc6d4b" outcome="Passed" testListId="8c84fa94-04c1-424b-9868-57a2d4851a1d" relativeResultsDirectory="dddbc23e-a4ea-4d89-9cbf-e67459c6933b" />
    <UnitTestResult executionId="afacca4b-11b1-4735-bec4-a3105e612f31" testId="a808c36a-caa7-39d4-cdb6-d21910c083e8" testName="NeoSharp.Tests.Crypto.ScryptParamsTests.TestScryptParamsWithExtraFields" computerName="r3e" duration="00:00:00.0002061" startTime="2025-08-22T09:53:19.6164531+00:00" endTime="2025-08-22T09:53:19.6164532+00:00" testType="13cdc9d9-ddb5-4fa4-a97d-d965ccfc6d4b" outcome="Passed" testListId="8c84fa94-04c1-424b-9868-57a2d4851a1d" relativeResultsDirectory="afacca4b-11b1-4735-bec4-a3105e612f31" />
    <UnitTestResult executionId="53491d09-7697-4161-8e0a-5f5a5a0ceb04" testId="6861b503-9934-6890-ab3d-e56aa077c1aa" testName="NeoSharp.Tests.Crypto.SignTests.TestRecoverSigningScriptHash" computerName="r3e" duration="00:00:00.0212915" startTime="2025-08-22T09:53:19.7562051+00:00" endTime="2025-08-22T09:53:19.7562051+00:00" testType="13cdc9d9-ddb5-4fa4-a97d-d965ccfc6d4b" outcome="Passed" testListId="8c84fa94-04c1-424b-9868-57a2d4851a1d" relativeResultsDirectory="53491d09-7697-4161-8e0a-5f5a5a0ceb04" />
    <UnitTestResult executionId="3be34034-405d-4733-904f-a24abd5336d2" testId="a7973589-6615-ff59-0718-69a2453e4a2e" testName="NeoSharp.Tests.Crypto.SecurityTests.TestConstantTimeByteComparison" computerName="r3e" duration="00:00:00.0001742" startTime="2025-08-22T09:53:41.6357804+00:00" endTime="2025-08-22T09:53:41.6357805+00:00" testType="13cdc9d9-ddb5-4fa4-a97d-d965ccfc6d4b" outcome="Passed" testListId="8c84fa94-04c1-424b-9868-57a2d4851a1d" relativeResultsDirectory="3be34034-405d-4733-904f-a24abd5336d2" />
    <UnitTestResult executionId="5f45fedb-52cb-4056-a884-52dd12e28a9b" testId="7215a0c9-7676-8e37-e04e-db7c106aeda3" testName="NeoSharp.Tests.Serialization.BinaryWriterTests.WriteUInt32_ShouldWriteCorrectBytes" computerName="r3e" duration="00:00:00.0038801" startTime="2025-08-22T09:53:19.6080293+00:00" endTime="2025-08-22T09:53:19.6080293+00:00" testType="13cdc9d9-ddb5-4fa4-a97d-d965ccfc6d4b" outcome="Passed" testListId="8c84fa94-04c1-424b-9868-57a2d4851a1d" relativeResultsDirectory="5f45fedb-52cb-4056-a884-52dd12e28a9b" />
    <UnitTestResult executionId="96fdb172-5cd1-4a8b-b363-0ddac6a08ea6" testId="ed290d48-5b09-a0ef-0064-b242dcf2f952" testName="NeoSharp.Tests.Crypto.Base58Tests.TestBase58DecodingForValidStrings" computerName="r3e" duration="00:00:00.0002342" startTime="2025-08-22T09:53:19.5408362+00:00" endTime="2025-08-22T09:53:19.5408363+00:00" testType="13cdc9d9-ddb5-4fa4-a97d-d965ccfc6d4b" outcome="Passed" testListId="8c84fa94-04c1-424b-9868-57a2d4851a1d" relativeResultsDirectory="96fdb172-5cd1-4a8b-b363-0ddac6a08ea6" />
    <UnitTestResult executionId="0518591a-aa12-41a3-8a33-3d7f154bb8a1" testId="8d64e49c-54b6-a9d2-2909-1d5c6c0bbf6b" testName="NeoSharp.Tests.Types.Hash256Tests.FromData_ShouldCreateHashFromData" computerName="r3e" duration="00:00:00.0005075" startTime="2025-08-22T09:53:19.6242362+00:00" endTime="2025-08-22T09:53:19.6242363+00:00" testType="13cdc9d9-ddb5-4fa4-a97d-d965ccfc6d4b" outcome="Passed" testListId="8c84fa94-04c1-424b-9868-57a2d4851a1d" relativeResultsDirectory="0518591a-aa12-41a3-8a33-3d7f154bb8a1" />
    <UnitTestResult executionId="d1301561-821b-4997-affd-b614706e4cb0" testId="eb73977e-8f44-f8b8-ed4a-02bb3f4815ba" testName="NeoSharp.Tests.Types.Hash256Tests.ToArray_ShouldReturnBigEndianBytes" computerName="r3e" duration="00:00:00.0004685" startTime="2025-08-22T09:53:19.6203319+00:00" endTime="2025-08-22T09:53:19.6203320+00:00" testType="13cdc9d9-ddb5-4fa4-a97d-d965ccfc6d4b" outcome="Passed" testListId="8c84fa94-04c1-424b-9868-57a2d4851a1d" relativeResultsDirectory="d1301561-821b-4997-affd-b614706e4cb0" />
    <UnitTestResult executionId="e9ee17ab-3619-4e4a-b275-971ba9fdd737" testId="f8d47d8d-7ddf-b062-b8b7-9793b946bf9b" testName="NeoSharp.Tests.Serialization.BinaryReaderTests.ReadInt64_ShouldReadCorrectValues" computerName="r3e" duration="00:00:00.0003317" startTime="2025-08-22T09:53:20.1483877+00:00" endTime="2025-08-22T09:53:20.1483878+00:00" testType="13cdc9d9-ddb5-4fa4-a97d-d965ccfc6d4b" outcome="Passed" testListId="8c84fa94-04c1-424b-9868-57a2d4851a1d" relativeResultsDirectory="e9ee17ab-3619-4e4a-b275-971ba9fdd737" />
    <UnitTestResult executionId="22fcaa81-9c7b-42f9-91a8-af68da765684" testId="dbf23bcc-10fe-b4f8-bdba-93a8f4169160" testName="NeoSharp.Tests.Serialization.BinaryReaderTests.Position_ShouldTrackCurrentPosition" computerName="r3e" duration="00:00:00.0003846" startTime="2025-08-22T09:53:20.1443728+00:00" endTime="2025-08-22T09:53:20.1443730+00:00" testType="13cdc9d9-ddb5-4fa4-a97d-d965ccfc6d4b" outcome="Passed" testListId="8c84fa94-04c1-424b-9868-57a2d4851a1d" relativeResultsDirectory="22fcaa81-9c7b-42f9-91a8-af68da765684" />
    <UnitTestResult executionId="9451d308-0846-43c0-8a4f-8b5635f41889" testId="723e2c01-0ca0-a41a-c68a-e34ac45318ce" testName="NeoSharp.Tests.Serialization.BinaryReaderTests.ReadVarInt_ShouldReadVariableIntegers" computerName="r3e" duration="00:00:00.0003223" startTime="2025-08-22T09:53:20.1522829+00:00" endTime="2025-08-22T09:53:20.1522830+00:00" testType="13cdc9d9-ddb5-4fa4-a97d-d965ccfc6d4b" outcome="Passed" testListId="8c84fa94-04c1-424b-9868-57a2d4851a1d" relativeResultsDirectory="9451d308-0846-43c0-8a4f-8b5635f41889" />
    <UnitTestResult executionId="bff6c7d7-6625-42c2-aa76-9187a2cd26f0" testId="9a19bf8c-2f75-d177-6e9d-60a96d4a88db" testName="NeoSharp.Tests.Crypto.Base58Tests.TestBase58DecodingKnownValues(base58Input: &quot;2cFupjhnEsSn59qHXstmK2ffpLv2&quot;, expectedHex: &quot;73696d706c792061206c6f6e6720737472696e67&quot;)" computerName="r3e" duration="00:00:00.0000199" startTime="2025-08-22T09:53:19.5054105+00:00" endTime="2025-08-22T09:53:19.5054106+00:00" testType="13cdc9d9-ddb5-4fa4-a97d-d965ccfc6d4b" outcome="Passed" testListId="8c84fa94-04c1-424b-9868-57a2d4851a1d" relativeResultsDirectory="bff6c7d7-6625-42c2-aa76-9187a2cd26f0" />
    <UnitTestResult executionId="93904993-7f89-4bf5-8c40-e6f6f7e2aed2" testId="694269c9-e36e-d154-83f2-af845bc2e686" testName="NeoSharp.Tests.Crypto.NEP2Tests.TestVariousPasswords(password: &quot;a&quot;)" computerName="r3e" duration="00:00:09.4867153" startTime="2025-08-22T09:53:46.3181733+00:00" endTime="2025-08-22T09:53:46.3181734+00:00" testType="13cdc9d9-ddb5-4fa4-a97d-d965ccfc6d4b" outcome="Passed" testListId="8c84fa94-04c1-424b-9868-57a2d4851a1d" relativeResultsDirectory="93904993-7f89-4bf5-8c40-e6f6f7e2aed2" />
    <UnitTestResult executionId="079ecb71-6144-4dee-aff2-d696c22a856b" testId="6a5e6311-a3da-999b-519f-c3f8d768df61" testName="NeoSharp.Tests.Contract.SmartContractTests.InvokeFunction_WithEmptyString_ShouldThrowException" computerName="r3e" duration="00:00:00.0035407" startTime="2025-08-22T09:53:19.6620211+00:00" endTime="2025-08-22T09:53:19.6620211+00:00" testType="13cdc9d9-ddb5-4fa4-a97d-d965ccfc6d4b" outcome="Passed" testListId="8c84fa94-04c1-424b-9868-57a2d4851a1d" relativeResultsDirectory="079ecb71-6144-4dee-aff2-d696c22a856b" />
    <UnitTestResult executionId="24335654-908b-4b3f-9c28-e79aa6bd03ad" testId="2563e2a7-4774-1734-682f-9b5a97cf68dd" testName="NeoSharp.Tests.Contract.SmartContractTests.BuildInvokeFunctionScript_ShouldCreateCorrectScript" computerName="r3e" duration="00:00:00.0013012" startTime="2025-08-22T09:53:19.6872694+00:00" endTime="2025-08-22T09:53:19.6872694+00:00" testType="13cdc9d9-ddb5-4fa4-a97d-d965ccfc6d4b" outcome="Passed" testListId="8c84fa94-04c1-424b-9868-57a2d4851a1d" relativeResultsDirectory="24335654-908b-4b3f-9c28-e79aa6bd03ad" />
    <UnitTestResult executionId="b86d3b4b-17b0-4b10-8383-8dfdb382c1a7" testId="b097dbb8-c1a9-a4fd-8dd1-eb21b696c11d" testName="NeoSharp.Tests.Script.ScriptBuilderTests.PushInteger_ShouldHandleVeryLargeNumbers" computerName="r3e" duration="00:00:00.0014801" startTime="2025-08-22T09:53:19.6405845+00:00" endTime="2025-08-22T09:53:19.6405845+00:00" testType="13cdc9d9-ddb5-4fa4-a97d-d965ccfc6d4b" outcome="Passed" testListId="8c84fa94-04c1-424b-9868-57a2d4851a1d" relativeResultsDirectory="b86d3b4b-17b0-4b10-8383-8dfdb382c1a7" />
    <UnitTestResult executionId="5cf5b965-23bf-4fb5-aa0e-f34d542af8d7" testId="3ed16a39-f753-1684-2bda-2743af606520" testName="NeoSharp.Tests.Wallet.AccountTests.Constructor_WithExistingKeyPair_ShouldCreateCorrectAccount" computerName="r3e" duration="00:00:00.0004515" startTime="2025-08-22T09:53:50.0362990+00:00" endTime="2025-08-22T09:53:50.0362990+00:00" testType="13cdc9d9-ddb5-4fa4-a97d-d965ccfc6d4b" outcome="Passed" testListId="8c84fa94-04c1-424b-9868-57a2d4851a1d" relativeResultsDirectory="5cf5b965-23bf-4fb5-aa0e-f34d542af8d7" />
    <UnitTestResult executionId="e0583517-fe2c-46a8-9773-22cfc20194b1" testId="125ad7c0-573e-815a-337e-6925403e5304" testName="NeoSharp.Tests.Contract.SmartContractTests.BuildInvokeFunctionScript_WithNullMethod_ShouldThrowArgumentNullException" computerName="r3e" duration="00:00:00.0029153" startTime="2025-08-22T09:53:19.6829870+00:00" endTime="2025-08-22T09:53:19.6829871+00:00" testType="13cdc9d9-ddb5-4fa4-a97d-d965ccfc6d4b" outcome="Passed" testListId="8c84fa94-04c1-424b-9868-57a2d4851a1d" relativeResultsDirectory="e0583517-fe2c-46a8-9773-22cfc20194b1" />
    <UnitTestResult executionId="f37a7676-3818-4dc1-9d27-5347a31325a4" testId="c9d78f46-4c53-e244-bafd-0d22014fcd87" testName="NeoSharp.Tests.Wallet.AccountTests.DecryptPrivateKey_ShouldDecryptPrivateKey" computerName="r3e" duration="00:00:11.9126242" startTime="2025-08-22T09:53:31.4085858+00:00" endTime="2025-08-22T09:53:31.4085858+00:00" testType="13cdc9d9-ddb5-4fa4-a97d-d965ccfc6d4b" outcome="Passed" testListId="8c84fa94-04c1-424b-9868-57a2d4851a1d" relativeResultsDirectory="f37a7676-3818-4dc1-9d27-5347a31325a4" />
    <UnitTestResult executionId="ee45b1b8-1417-4559-8a74-0631d1cc7010" testId="2119fef3-55b3-cb02-38e7-b693aad1c328" testName="NeoSharp.Tests.Script.ScriptBuilderTests.VerificationScriptFromPublicKeys_ShouldCreateCorrectScript" computerName="r3e" duration="00:00:00.0079040" startTime="2025-08-22T09:53:19.6231476+00:00" endTime="2025-08-22T09:53:19.6231477+00:00" testType="13cdc9d9-ddb5-4fa4-a97d-d965ccfc6d4b" outcome="Passed" testListId="8c84fa94-04c1-424b-9868-57a2d4851a1d" relativeResultsDirectory="ee45b1b8-1417-4559-8a74-0631d1cc7010" />
    <UnitTestResult executionId="930e658a-e8dd-4e13-8a18-40ab7b3f6986" testId="e00d70fb-44f8-7b36-8e1e-0ef0429966ac" testName="NeoSharp.Tests.Crypto.NEP2Tests.TestNEP2WithDifferentScryptParams" computerName="r3e" duration="00:00:29.4774131" startTime="2025-08-22T09:55:07.8102890+00:00" endTime="2025-08-22T09:55:07.8102891+00:00" testType="13cdc9d9-ddb5-4fa4-a97d-d965ccfc6d4b" outcome="Passed" testListId="8c84fa94-04c1-424b-9868-57a2d4851a1d" relativeResultsDirectory="930e658a-e8dd-4e13-8a18-40ab7b3f6986" />
    <UnitTestResult executionId="a8c735a5-97f3-465d-ba03-752e3f11cc45" testId="dc7a5ba7-f9d6-fc52-1733-2b6ba5e7f9c8" testName="NeoSharp.Tests.Serialization.BinaryReaderTests.Available_ShouldReturnRemainingBytes" computerName="r3e" duration="00:00:00.0003618" startTime="2025-08-22T09:53:19.5999302+00:00" endTime="2025-08-22T09:53:19.5999302+00:00" testType="13cdc9d9-ddb5-4fa4-a97d-d965ccfc6d4b" outcome="Passed" testListId="8c84fa94-04c1-424b-9868-57a2d4851a1d" relativeResultsDirectory="a8c735a5-97f3-465d-ba03-752e3f11cc45" />
    <UnitTestResult executionId="a3b37857-84d7-497e-a98c-938fcd0e7d42" testId="603a4190-4c31-e235-1dea-4448262c18fc" testName="NeoSharp.Tests.Types.EnumTypeTests.ContractParameterType_BinaryData_ShouldBeDetected" computerName="r3e" duration="00:00:00.0003295" startTime="2025-08-22T09:53:19.5597551+00:00" endTime="2025-08-22T09:53:19.5597551+00:00" testType="13cdc9d9-ddb5-4fa4-a97d-d965ccfc6d4b" outcome="Passed" testListId="8c84fa94-04c1-424b-9868-57a2d4851a1d" relativeResultsDirectory="a3b37857-84d7-497e-a98c-938fcd0e7d42" />
    <UnitTestResult executionId="9d5fc69a-fdac-4d68-bb4c-d7946a0335c7" testId="219f2562-40dc-2f4d-2d29-11af09c2f8b7" testName="NeoSharp.Tests.Crypto.WIFTests.NullWifString_ShouldThrowArgumentNullException" computerName="r3e" duration="00:00:00.0004606" startTime="2025-08-22T09:53:19.6398786+00:00" endTime="2025-08-22T09:53:19.6398786+00:00" testType="13cdc9d9-ddb5-4fa4-a97d-d965ccfc6d4b" outcome="Passed" testListId="8c84fa94-04c1-424b-9868-57a2d4851a1d" relativeResultsDirectory="9d5fc69a-fdac-4d68-bb4c-d7946a0335c7" />
    <UnitTestResult executionId="17f06b82-bc0e-4b8c-8c12-bae8b3a1910b" testId="0c17d28a-6ce5-362a-f711-bf5c79224b99" testName="NeoSharp.Tests.Script.ScriptBuilderTests.PushString_ShouldHandleDifferentSizes" computerName="r3e" duration="00:00:00.0005184" startTime="2025-08-22T09:53:19.6045559+00:00" endTime="2025-08-22T09:53:19.6045559+00:00" testType="13cdc9d9-ddb5-4fa4-a97d-d965ccfc6d4b" outcome="Passed" testListId="8c84fa94-04c1-424b-9868-57a2d4851a1d" relativeResultsDirectory="17f06b82-bc0e-4b8c-8c12-bae8b3a1910b" />
    <UnitTestResult executionId="ca7fc19a-ec01-4100-8647-20b22fe359ba" testId="98f39cc9-60d5-cddc-419a-d6fad552effe" testName="NeoSharp.Tests.Serialization.BinaryWriterTests.WriteInt64_ShouldWriteCorrectBytes" computerName="r3e" duration="00:00:00.0007029" startTime="2025-08-22T09:53:19.6047330+00:00" endTime="2025-08-22T09:53:19.6047330+00:00" testType="13cdc9d9-ddb5-4fa4-a97d-d965ccfc6d4b" outcome="Passed" testListId="8c84fa94-04c1-424b-9868-57a2d4851a1d" relativeResultsDirectory="ca7fc19a-ec01-4100-8647-20b22fe359ba" />
    <UnitTestResult executionId="3fc92b93-fe3e-4571-895b-92b6c826c17c" testId="c059a965-96a2-5f6a-33b0-65d3371d6856" testName="NeoSharp.Tests.Crypto.ScryptParamsTests.TestSerialize" computerName="r3e" duration="00:00:00.0001919" startTime="2025-08-22T09:53:19.5927841+00:00" endTime="2025-08-22T09:53:19.5927842+00:00" testType="13cdc9d9-ddb5-4fa4-a97d-d965ccfc6d4b" outcome="Passed" testListId="8c84fa94-04c1-424b-9868-57a2d4851a1d" relativeResultsDirectory="3fc92b93-fe3e-4571-895b-92b6c826c17c" />
    <UnitTestResult executionId="03a0f8d1-ca8e-4bc3-9965-d17b655c1a86" testId="ba42f61a-4918-db0a-7057-c08cf25ba397" testName="NeoSharp.Tests.Crypto.ECKeyPairTests.GetAddress_ShouldReturnValidNeoAddress" computerName="r3e" duration="00:00:00.0103197" startTime="2025-08-22T09:53:19.6527546+00:00" endTime="2025-08-22T09:53:19.6527546+00:00" testType="13cdc9d9-ddb5-4fa4-a97d-d965ccfc6d4b" outcome="Passed" testListId="8c84fa94-04c1-424b-9868-57a2d4851a1d" relativeResultsDirectory="03a0f8d1-ca8e-4bc3-9965-d17b655c1a86" />
    <UnitTestResult executionId="b716e98a-a78c-428b-9629-5d75308974e8" testId="956fca44-5e60-03fc-7509-a833909ab23c" testName="NeoSharp.Tests.Types.ContractParameterTests.String_ShouldCreateStringParameter" computerName="r3e" duration="00:00:00.0001678" startTime="2025-08-22T09:53:19.5442187+00:00" endTime="2025-08-22T09:53:19.5442188+00:00" testType="13cdc9d9-ddb5-4fa4-a97d-d965ccfc6d4b" outcome="Passed" testListId="8c84fa94-04c1-424b-9868-57a2d4851a1d" relativeResultsDirectory="b716e98a-a78c-428b-9629-5d75308974e8" />
    <UnitTestResult executionId="57908d8b-56f8-4ce4-bb38-bab7b62694f1" testId="f5fc6183-1464-d7b4-9e54-d9f91a9efcb6" testName="NeoSharp.Tests.Crypto.SignTests.TestSignatureByteArrayConversion" computerName="r3e" duration="00:00:00.0025274" startTime="2025-08-22T09:53:19.6960955+00:00" endTime="2025-08-22T09:53:19.6960956+00:00" testType="13cdc9d9-ddb5-4fa4-a97d-d965ccfc6d4b" outcome="Passed" testListId="8c84fa94-04c1-424b-9868-57a2d4851a1d" relativeResultsDirectory="57908d8b-56f8-4ce4-bb38-bab7b62694f1" />
    <UnitTestResult executionId="2868a7dd-9a92-4ee7-b44e-55d53dc267d6" testId="e3627c06-71fc-a060-1d4d-260adb9f1210" testName="NeoSharp.Tests.Types.EnumTypeTests.WitnessScope_ShouldWorkCorrectly" computerName="r3e" duration="00:00:00.0008480" startTime="2025-08-22T09:53:19.5719532+00:00" endTime="2025-08-22T09:53:19.5719533+00:00" testType="13cdc9d9-ddb5-4fa4-a97d-d965ccfc6d4b" outcome="Passed" testListId="8c84fa94-04c1-424b-9868-57a2d4851a1d" relativeResultsDirectory="2868a7dd-9a92-4ee7-b44e-55d53dc267d6" />
    <UnitTestResult executionId="66e356a6-d63f-4038-8b92-419d2d3cf550" testId="78244beb-de60-cebe-d71b-1d69e6c372ee" testName="NeoSharp.Tests.Types.ContractParameterTests.Hash256_ShouldCreateHash256Parameter" computerName="r3e" duration="00:00:00.0013417" startTime="2025-08-22T09:53:19.5236081+00:00" endTime="2025-08-22T09:53:19.5236082+00:00" testType="13cdc9d9-ddb5-4fa4-a97d-d965ccfc6d4b" outcome="Passed" testListId="8c84fa94-04c1-424b-9868-57a2d4851a1d" relativeResultsDirectory="66e356a6-d63f-4038-8b92-419d2d3cf550" />
    <UnitTestResult executionId="734ff1d2-aa24-42bb-9db8-1a5ada2ae6ca" testId="0c0c4f0b-af88-b5f0-9da0-491f9d254775" testName="NeoSharp.Tests.Crypto.Base58Tests.TestBase58EncodingKnownValues(hexInput: &quot;00eb15231dfceb60925886b67d065299925915aeb172c06647&quot;, expectedBase58: &quot;1NS17iag9jJgTHD1VXjvLCEnZuQ3rJDE9L&quot;)" computerName="r3e" duration="00:00:00.0000165" startTime="2025-08-22T09:53:19.5183694+00:00" endTime="2025-08-22T09:53:19.5183695+00:00" testType="13cdc9d9-ddb5-4fa4-a97d-d965ccfc6d4b" outcome="Passed" testListId="8c84fa94-04c1-424b-9868-57a2d4851a1d" relativeResultsDirectory="734ff1d2-aa24-42bb-9db8-1a5ada2ae6ca" />
    <UnitTestResult executionId="c6805252-cba7-4853-88a0-5d6e0796f7b4" testId="26db6d8c-2b9b-41b0-9243-370f8164f8a8" testName="NeoSharp.Tests.Crypto.SecurityTests.TestHashCaching" computerName="r3e" duration="00:00:00.0014036" startTime="2025-08-22T09:53:31.7154614+00:00" endTime="2025-08-22T09:53:31.7154615+00:00" testType="13cdc9d9-ddb5-4fa4-a97d-d965ccfc6d4b" outcome="Passed" testListId="8c84fa94-04c1-424b-9868-57a2d4851a1d" relativeResultsDirectory="c6805252-cba7-4853-88a0-5d6e0796f7b4" />
    <UnitTestResult executionId="882aa80e-1c75-4741-af10-ca3bf53749e2" testId="ac899e7c-3b9d-efbd-e46c-1925a05dd291" testName="NeoSharp.Tests.Wallet.AccountTests.FromPrivateKey_ShouldCreateCorrectAccount" computerName="r3e" duration="00:00:00.0012928" startTime="2025-08-22T09:53:41.2873836+00:00" endTime="2025-08-22T09:53:41.2873838+00:00" testType="13cdc9d9-ddb5-4fa4-a97d-d965ccfc6d4b" outcome="Passed" testListId="8c84fa94-04c1-424b-9868-57a2d4851a1d" relativeResultsDirectory="882aa80e-1c75-4741-af10-ca3bf53749e2" />
    <UnitTestResult executionId="c7eb61c8-8867-434c-b1a9-586fd77d5e76" testId="a0b69eef-402a-b362-a21b-b7c396dde08f" testName="NeoSharp.Tests.Crypto.SignTests.TestSignatureRecoveryIds" computerName="r3e" duration="00:00:00.0181407" startTime="2025-08-22T09:53:19.6815958+00:00" endTime="2025-08-22T09:53:19.6815958+00:00" testType="13cdc9d9-ddb5-4fa4-a97d-d965ccfc6d4b" outcome="Passed" testListId="8c84fa94-04c1-424b-9868-57a2d4851a1d" relativeResultsDirectory="c7eb61c8-8867-434c-b1a9-586fd77d5e76" />
    <UnitTestResult executionId="a5b542e7-5e4b-42aa-bb2a-91d6431cc997" testId="709b4022-f285-904a-2c89-b604766b2030" testName="NeoSharp.Tests.Serialization.BinaryReaderTests.ReadPushDataBigInteger_ShouldReadNumbersCorrectly" computerName="r3e" duration="00:00:00.0005497" startTime="2025-08-22T09:53:20.1474341+00:00" endTime="2025-08-22T09:53:20.1474342+00:00" testType="13cdc9d9-ddb5-4fa4-a97d-d965ccfc6d4b" outcome="Passed" testListId="8c84fa94-04c1-424b-9868-57a2d4851a1d" relativeResultsDirectory="a5b542e7-5e4b-42aa-bb2a-91d6431cc997" />
    <UnitTestResult executionId="c8f2e3d7-32a8-456f-a3e5-6c31077018e5" testId="1c288487-717c-db15-18cd-7065e8403dd8" testName="NeoSharp.Tests.Wallet.AccountTests.FromWIF_ShouldCreateCorrectAccount" computerName="r3e" duration="00:00:00.0004253" startTime="2025-08-22T09:53:41.2917945+00:00" endTime="2025-08-22T09:53:41.2917946+00:00" testType="13cdc9d9-ddb5-4fa4-a97d-d965ccfc6d4b" outcome="Passed" testListId="8c84fa94-04c1-424b-9868-57a2d4851a1d" relativeResultsDirectory="c8f2e3d7-32a8-456f-a3e5-6c31077018e5" />
    <UnitTestResult executionId="5c639ac3-914e-4b24-bb14-810c293e95ed" testId="deb531c7-2015-a88f-674c-68295032b174" testName="NeoSharp.Tests.Crypto.WIFTests.EmptyWifString_ShouldThrowWIFException" computerName="r3e" duration="00:00:00.0011143" startTime="2025-08-22T09:53:19.6294217+00:00" endTime="2025-08-22T09:53:19.6294218+00:00" testType="13cdc9d9-ddb5-4fa4-a97d-d965ccfc6d4b" outcome="Passed" testListId="8c84fa94-04c1-424b-9868-57a2d4851a1d" relativeResultsDirectory="5c639ac3-914e-4b24-bb14-810c293e95ed" />
    <UnitTestResult executionId="9057107a-f81a-45eb-92b2-a23eda03fc10" testId="bf17d55d-18b3-99d1-0543-d696a261fdc4" testName="NeoSharp.Tests.Types.Hash256Tests.Parse_WithRealHashes_ShouldSucceed(hashString: &quot;0xf782c7fde78c1c2b2021d1c0c8f17236d1c68690b96ad884&quot;···)" computerName="r3e" duration="00:00:00.0006521" startTime="2025-08-22T09:53:19.5114690+00:00" endTime="2025-08-22T09:53:19.5114690+00:00" testType="13cdc9d9-ddb5-4fa4-a97d-d965ccfc6d4b" outcome="Passed" testListId="8c84fa94-04c1-424b-9868-57a2d4851a1d" relativeResultsDirectory="9057107a-f81a-45eb-92b2-a23eda03fc10" />
    <UnitTestResult executionId="af22572b-82c7-47f6-8178-28b70c3df678" testId="1fd2d563-2db0-b811-6dea-5bf5b95f5c6c" testName="NeoSharp.Tests.Types.ContractParameterTests.ByteArray_WithBytes_ShouldCreateByteArrayParameter" computerName="r3e" duration="00:00:00.0055771" startTime="2025-08-22T09:53:19.5411359+00:00" endTime="2025-08-22T09:53:19.5411360+00:00" testType="13cdc9d9-ddb5-4fa4-a97d-d965ccfc6d4b" outcome="Passed" testListId="8c84fa94-04c1-424b-9868-57a2d4851a1d" relativeResultsDirectory="af22572b-82c7-47f6-8178-28b70c3df678" />
    <UnitTestResult executionId="d2056f75-60ae-42c6-aebe-781fcbaa3856" testId="1bbd0f7b-de32-4350-357e-2b738932497b" testName="NeoSharp.Tests.Crypto.Base58Tests.TestBase58EncodingKnownValues(hexInput: &quot;bf4f89001e670274dd&quot;, expectedBase58: &quot;3SEo3LWLoPntC&quot;)" computerName="r3e" duration="00:00:00.0000113" startTime="2025-08-22T09:53:19.5195644+00:00" endTime="2025-08-22T09:53:19.5195644+00:00" testType="13cdc9d9-ddb5-4fa4-a97d-d965ccfc6d4b" outcome="Passed" testListId="8c84fa94-04c1-424b-9868-57a2d4851a1d" relativeResultsDirectory="d2056f75-60ae-42c6-aebe-781fcbaa3856" />
    <UnitTestResult executionId="1fea9e91-7571-4eff-b98d-fc9b8c3d0c48" testId="1c147b09-1397-43a6-8b37-d96f2d1f3ed4" testName="NeoSharp.Tests.Crypto.SecurityTests.TestConstantTimeStringComparison" computerName="r3e" duration="00:00:00.0000998" startTime="2025-08-22T09:53:41.6361980+00:00" endTime="2025-08-22T09:53:41.6361980+00:00" testType="13cdc9d9-ddb5-4fa4-a97d-d965ccfc6d4b" outcome="Passed" testListId="8c84fa94-04c1-424b-9868-57a2d4851a1d" relativeResultsDirectory="1fea9e91-7571-4eff-b98d-fc9b8c3d0c48" />
    <UnitTestResult executionId="680e98fc-f675-469c-a2d0-fbd7a58b1dda" testId="693de814-d436-dc86-2f4b-cd82be387302" testName="NeoSharp.Tests.Types.Hash160Tests.FromLittleEndianBytes_ShouldCreateHashCorrectly" computerName="r3e" duration="00:00:00.0003532" startTime="2025-08-22T09:53:19.6402300+00:00" endTime="2025-08-22T09:53:19.6402300+00:00" testType="13cdc9d9-ddb5-4fa4-a97d-d965ccfc6d4b" outcome="Passed" testListId="8c84fa94-04c1-424b-9868-57a2d4851a1d" relativeResultsDirectory="680e98fc-f675-469c-a2d0-fbd7a58b1dda" />
    <UnitTestResult executionId="11f7141a-eee7-4088-819e-22eee8ab987f" testId="7152b94d-2d9b-e310-2aa2-69d02bf45611" testName="NeoSharp.Tests.Crypto.ScryptParamsTests.TestScryptParamsPerformanceRelativeTime" computerName="r3e" duration="00:00:00.0068891" startTime="2025-08-22T09:53:19.5321160+00:00" endTime="2025-08-22T09:53:19.5321161+00:00" testType="13cdc9d9-ddb5-4fa4-a97d-d965ccfc6d4b" outcome="Passed" testListId="8c84fa94-04c1-424b-9868-57a2d4851a1d" relativeResultsDirectory="11f7141a-eee7-4088-819e-22eee8ab987f" />
    <UnitTestResult executionId="c3cd5f94-4be1-476e-a17a-aa1c1f96ac3b" testId="78f352c5-3b6e-fb0e-98ff-03ea8c6b439a" testName="NeoSharp.Tests.Script.ScriptBuilderTests.ContractCall_ShouldCreateCorrectScript" computerName="r3e" duration="00:00:00.0008072" startTime="2025-08-22T09:53:19.6455450+00:00" endTime="2025-08-22T09:53:19.6455451+00:00" testType="13cdc9d9-ddb5-4fa4-a97d-d965ccfc6d4b" outcome="Passed" testListId="8c84fa94-04c1-424b-9868-57a2d4851a1d" relativeResultsDirectory="c3cd5f94-4be1-476e-a17a-aa1c1f96ac3b" />
    <UnitTestResult executionId="19b9564a-c15e-4f95-952a-e31e463e7738" testId="6ec975b5-1579-df12-f95a-68143de38353" testName="NeoSharp.Tests.Wallet.AccountTests.Equals_ShouldCompareByScriptHash" computerName="r3e" duration="00:00:00.0024941" startTime="2025-08-22T09:53:41.2913445+00:00" endTime="2025-08-22T09:53:41.2913446+00:00" testType="13cdc9d9-ddb5-4fa4-a97d-d965ccfc6d4b" outcome="Passed" testListId="8c84fa94-04c1-424b-9868-57a2d4851a1d" relativeResultsDirectory="19b9564a-c15e-4f95-952a-e31e463e7738" />
    <UnitTestResult executionId="1f7de09b-5a12-41e1-851c-b447e7745510" testId="ab896882-276a-8776-de00-376c160e386c" testName="NeoSharp.Tests.Crypto.Base58Tests.TestBase58EncodingKnownValues(hexInput: &quot;572e4794&quot;, expectedBase58: &quot;3EFU7m&quot;)" computerName="r3e" duration="00:00:00.0000045" startTime="2025-08-22T09:53:19.5151175+00:00" endTime="2025-08-22T09:53:19.5151176+00:00" testType="13cdc9d9-ddb5-4fa4-a97d-d965ccfc6d4b" outcome="Passed" testListId="8c84fa94-04c1-424b-9868-57a2d4851a1d" relativeResultsDirectory="1f7de09b-5a12-41e1-851c-b447e7745510" />
    <UnitTestResult executionId="972403fe-2408-4ec9-8bbd-de991d555f23" testId="89cd3ca8-497c-6040-13f0-10f5cb59f90d" testName="NeoSharp.Tests.Crypto.SecurityTests.TestSecureBytesConstantTimeComparison" computerName="r3e" duration="00:00:00.0002719" startTime="2025-08-22T09:53:41.6360756+00:00" endTime="2025-08-22T09:53:41.6360756+00:00" testType="13cdc9d9-ddb5-4fa4-a97d-d965ccfc6d4b" outcome="Passed" testListId="8c84fa94-04c1-424b-9868-57a2d4851a1d" relativeResultsDirectory="972403fe-2408-4ec9-8bbd-de991d555f23" />
    <UnitTestResult executionId="5824e503-3e7a-404d-aefb-10d27f6f7d31" testId="5a39d779-7003-bdf3-d546-1b77b3f14d9c" testName="NeoSharp.Tests.Crypto.SignTests.TestSignatureDataFromBytes" computerName="r3e" duration="00:00:00.0043215" startTime="2025-08-22T09:53:19.8175942+00:00" endTime="2025-08-22T09:53:19.8175943+00:00" testType="13cdc9d9-ddb5-4fa4-a97d-d965ccfc6d4b" outcome="Passed" testListId="8c84fa94-04c1-424b-9868-57a2d4851a1d" relativeResultsDirectory="5824e503-3e7a-404d-aefb-10d27f6f7d31" />
    <UnitTestResult executionId="69eff6a6-67b4-4831-a53a-8488d65a0900" testId="b1072d1f-7873-6c4a-c503-939a854d65f7" testName="NeoSharp.Tests.Crypto.Base58Tests.TestBase58DecodingKnownValues(base58Input: &quot;3SEo3LWLoPntC&quot;, expectedHex: &quot;bf4f89001e670274dd&quot;)" computerName="r3e" duration="00:00:00.0000103" startTime="2025-08-22T09:53:19.5062310+00:00" endTime="2025-08-22T09:53:19.5062310+00:00" testType="13cdc9d9-ddb5-4fa4-a97d-d965ccfc6d4b" outcome="Passed" testListId="8c84fa94-04c1-424b-9868-57a2d4851a1d" relativeResultsDirectory="69eff6a6-67b4-4831-a53a-8488d65a0900" />
    <UnitTestResult executionId="0bbb102a-b5db-419c-8e61-7a745bd7fa17" testId="3a8dc186-285e-ba06-37ed-700bdc91daf9" testName="NeoSharp.Tests.Types.ContractParameterTests.ToJson_String_ShouldSerializeCorrectly" computerName="r3e" duration="00:00:00.0001481" startTime="2025-08-22T09:53:19.5293783+00:00" endTime="2025-08-22T09:53:19.5293784+00:00" testType="13cdc9d9-ddb5-4fa4-a97d-d965ccfc6d4b" outcome="Passed" testListId="8c84fa94-04c1-424b-9868-57a2d4851a1d" relativeResultsDirectory="0bbb102a-b5db-419c-8e61-7a745bd7fa17" />
    <UnitTestResult executionId="8b19adc6-9224-4055-9fb3-bd47d4c23b53" testId="30d6f990-16b2-1890-0b3a-d1dfbe9eedf5" testName="NeoSharp.Tests.Crypto.WIFTests.WronglySizedWifs_ShouldThrowException(invalidWif: &quot;L25kgAQJXNHnhc7Sx9bomxxwVSMsZdkaNQ3m2VfHrnLzKWMLP1&quot;···)" computerName="r3e" duration="00:00:00.0035466" startTime="2025-08-22T09:53:19.6342635+00:00" endTime="2025-08-22T09:53:19.6342636+00:00" testType="13cdc9d9-ddb5-4fa4-a97d-d965ccfc6d4b" outcome="Passed" testListId="8c84fa94-04c1-424b-9868-57a2d4851a1d" relativeResultsDirectory="8b19adc6-9224-4055-9fb3-bd47d4c23b53" />
    <UnitTestResult executionId="bd608666-5d29-4133-9080-60817744cdff" testId="eef9c9b8-ae6a-45f8-64af-99c50f984646" testName="NeoSharp.Tests.Crypto.NEP2Tests.TestMultipleEncryptionsProduceSameResults" computerName="r3e" duration="00:00:20.1142432" startTime="2025-08-22T09:54:38.3353740+00:00" endTime="2025-08-22T09:54:38.3353741+00:00" testType="13cdc9d9-ddb5-4fa4-a97d-d965ccfc6d4b" outcome="Passed" testListId="8c84fa94-04c1-424b-9868-57a2d4851a1d" relativeResultsDirectory="bd608666-5d29-4133-9080-60817744cdff" />
    <UnitTestResult executionId="6f1b7e4e-1712-46ee-8a38-b2c85c96e77c" testId="180b2260-9f10-8804-ff19-b6ea3fa61d5c" testName="NeoSharp.Tests.Crypto.Base64Tests.Base64Decode_WithInvalidInput_ShouldThrowException" computerName="r3e" duration="00:00:00.0013546" startTime="2025-08-22T09:53:19.5223695+00:00" endTime="2025-08-22T09:53:19.5223695+00:00" testType="13cdc9d9-ddb5-4fa4-a97d-d965ccfc6d4b" outcome="Passed" testListId="8c84fa94-04c1-424b-9868-57a2d4851a1d" relativeResultsDirectory="6f1b7e4e-1712-46ee-8a38-b2c85c96e77c" />
    <UnitTestResult executionId="4170bcef-3e28-47d7-a94d-0390ac89aa98" testId="159b95df-fcac-493e-9d02-021648159908" testName="NeoSharp.Tests.Crypto.Base58Tests.TestBase58EncodingKnownValues(hexInput: &quot;626262&quot;, expectedBase58: &quot;a3gV&quot;)" computerName="r3e" duration="00:00:00.0000087" startTime="2025-08-22T09:53:19.5188541+00:00" endTime="2025-08-22T09:53:19.5188541+00:00" testType="13cdc9d9-ddb5-4fa4-a97d-d965ccfc6d4b" outcome="Passed" testListId="8c84fa94-04c1-424b-9868-57a2d4851a1d" relativeResultsDirectory="4170bcef-3e28-47d7-a94d-0390ac89aa98" />
    <UnitTestResult executionId="bf8114cc-35e9-4ea1-9687-aa1be61f304a" testId="c6ca9350-47d0-de0b-9e29-00de07b6df7a" testName="NeoSharp.Tests.Contract.SmartContractTests.InvokeFunction_WithWhitespaceMethod_ShouldThrowArgumentException" computerName="r3e" duration="00:00:00.0038392" startTime="2025-08-22T09:53:19.6885888+00:00" endTime="2025-08-22T09:53:19.6885889+00:00" testType="13cdc9d9-ddb5-4fa4-a97d-d965ccfc6d4b" outcome="Passed" testListId="8c84fa94-04c1-424b-9868-57a2d4851a1d" relativeResultsDirectory="bf8114cc-35e9-4ea1-9687-aa1be61f304a" />
    <UnitTestResult executionId="677a3fc8-94ff-4db5-aec7-aee7b18a5a9d" testId="89f9964d-c6bd-f1e1-c61d-b736a8b08ce9" testName="NeoSharp.Tests.Serialization.BinaryReaderTests.ReadBigInteger_ShouldReadCorrectly" computerName="r3e" duration="00:00:00.0035967" startTime="2025-08-22T09:53:19.5977666+00:00" endTime="2025-08-22T09:53:19.5977667+00:00" testType="13cdc9d9-ddb5-4fa4-a97d-d965ccfc6d4b" outcome="Passed" testListId="8c84fa94-04c1-424b-9868-57a2d4851a1d" relativeResultsDirectory="677a3fc8-94ff-4db5-aec7-aee7b18a5a9d" />
    <UnitTestResult executionId="dc1de1e5-67fe-4f13-8731-e36ddeb8bd43" testId="61724534-4112-de3a-86e6-9c884b4d524d" testName="NeoSharp.Tests.Wallet.AccountTests.Constructor_WithNullKeyPair_ShouldThrowArgumentNullException" computerName="r3e" duration="00:00:00.0014032" startTime="2025-08-22T09:53:45.5914982+00:00" endTime="2025-08-22T09:53:45.5914982+00:00" testType="13cdc9d9-ddb5-4fa4-a97d-d965ccfc6d4b" outcome="Passed" testListId="8c84fa94-04c1-424b-9868-57a2d4851a1d" relativeResultsDirectory="dc1de1e5-67fe-4f13-8731-e36ddeb8bd43" />
    <UnitTestResult executionId="90388966-00a0-426f-b749-65a74a569e62" testId="513e7ecc-85ad-0979-62bb-1b73ef202de7" testName="NeoSharp.Tests.Crypto.ECKeyPairTests.DeterministicKeyGeneration_ShouldBeConsistent" computerName="r3e" duration="00:00:00.0613815" startTime="2025-08-22T09:53:19.6438302+00:00" endTime="2025-08-22T09:53:19.6438303+00:00" testType="13cdc9d9-ddb5-4fa4-a97d-d965ccfc6d4b" outcome="Passed" testListId="8c84fa94-04c1-424b-9868-57a2d4851a1d" relativeResultsDirectory="90388966-00a0-426f-b749-65a74a569e62" />
    <UnitTestResult executionId="8c1f1962-e3c7-4b70-a234-5ac3f9358406" testId="d88f0724-fb18-bcb6-0e7b-5a1ac4859c7c" testName="NeoSharp.Tests.Serialization.BinaryReaderTests.ReadUInt16_ShouldReadCorrectValues" computerName="r3e" duration="00:00:00.0017536" startTime="2025-08-22T09:53:20.1464434+00:00" endTime="2025-08-22T09:53:20.1464436+00:00" testType="13cdc9d9-ddb5-4fa4-a97d-d965ccfc6d4b" outcome="Passed" testListId="8c84fa94-04c1-424b-9868-57a2d4851a1d" relativeResultsDirectory="8c1f1962-e3c7-4b70-a234-5ac3f9358406" />
    <UnitTestResult executionId="8e11f2a1-c020-4e9c-b300-ace01b631c1f" testId="b0afab83-521d-3bdc-8472-8661a0acaf09" testName="NeoSharp.Tests.Types.EnumTypeTests.ContractParameterType_FromJsonValue_WithValidValues_ShouldSucceed(jsonValue: &quot;Map&quot;)" computerName="r3e" duration="00:00:00.0007678" startTime="2025-08-22T09:53:19.5732929+00:00" endTime="2025-08-22T09:53:19.5732930+00:00" testType="13cdc9d9-ddb5-4fa4-a97d-d965ccfc6d4b" outcome="Passed" testListId="8c84fa94-04c1-424b-9868-57a2d4851a1d" relativeResultsDirectory="8e11f2a1-c020-4e9c-b300-ace01b631c1f" />
    <UnitTestResult executionId="5ec6862e-75bf-4f04-af27-e749b9cf1028" testId="8f7f6552-5520-b454-97d1-e1ac4c03bd80" testName="NeoSharp.Tests.Types.EnumTypeTests.OpCode_ShouldHaveCorrectByteValues" computerName="r3e" duration="00:00:00.0002509" startTime="2025-08-22T09:53:19.5618021+00:00" endTime="2025-08-22T09:53:19.5618021+00:00" testType="13cdc9d9-ddb5-4fa4-a97d-d965ccfc6d4b" outcome="Passed" testListId="8c84fa94-04c1-424b-9868-57a2d4851a1d" relativeResultsDirectory="5ec6862e-75bf-4f04-af27-e749b9cf1028" />
    <UnitTestResult executionId="2ef5c61b-a3f0-46a4-82ca-e25fbf198e8f" testId="4cd92221-df49-90c6-39a3-365e787a59a6" testName="NeoSharp.Tests.Types.Hash256Tests.ToLittleEndianArray_ShouldReverseBytes" computerName="r3e" duration="00:00:00.0005377" startTime="2025-08-22T09:53:19.6268500+00:00" endTime="2025-08-22T09:53:19.6268500+00:00" testType="13cdc9d9-ddb5-4fa4-a97d-d965ccfc6d4b" outcome="Passed" testListId="8c84fa94-04c1-424b-9868-57a2d4851a1d" relativeResultsDirectory="2ef5c61b-a3f0-46a4-82ca-e25fbf198e8f" />
    <UnitTestResult executionId="d3766d3e-0421-4904-853c-3ce9fa2b35c2" testId="5d748615-1a32-dcc6-a161-923cde120b47" testName="NeoSharp.Tests.Types.ContractParameterTests.Boolean_ShouldCreateBooleanParameter" computerName="r3e" duration="00:00:00.0001672" startTime="2025-08-22T09:53:19.5274894+00:00" endTime="2025-08-22T09:53:19.5274895+00:00" testType="13cdc9d9-ddb5-4fa4-a97d-d965ccfc6d4b" outcome="Passed" testListId="8c84fa94-04c1-424b-9868-57a2d4851a1d" relativeResultsDirectory="d3766d3e-0421-4904-853c-3ce9fa2b35c2" />
    <UnitTestResult executionId="d44d65d3-1d4d-44a6-ad07-8024469200e4" testId="d74c1b47-2b45-42f8-b27a-2c9d874ea10b" testName="NeoSharp.Tests.Crypto.ECKeyPairTests.GetScriptHash_ShouldReturnValidHash" computerName="r3e" duration="00:00:00.0025818" startTime="2025-08-22T09:53:19.6902991+00:00" endTime="2025-08-22T09:53:19.6902992+00:00" testType="13cdc9d9-ddb5-4fa4-a97d-d965ccfc6d4b" outcome="Passed" testListId="8c84fa94-04c1-424b-9868-57a2d4851a1d" relativeResultsDirectory="d44d65d3-1d4d-44a6-ad07-8024469200e4" />
    <UnitTestResult executionId="7e06474a-3f82-48fd-9e9e-2b8c3ac9b6b7" testId="cebdfbc2-1c44-c355-92fb-f3754bfef121" testName="NeoSharp.Tests.Crypto.Base58Tests.TestBase58DecodingKnownValues(base58Input: &quot;a3gV&quot;, expectedHex: &quot;626262&quot;)" computerName="r3e" duration="00:00:00.0000085" startTime="2025-08-22T09:53:19.5057540+00:00" endTime="2025-08-22T09:53:19.5057540+00:00" testType="13cdc9d9-ddb5-4fa4-a97d-d965ccfc6d4b" outcome="Passed" testListId="8c84fa94-04c1-424b-9868-57a2d4851a1d" relativeResultsDirectory="7e06474a-3f82-48fd-9e9e-2b8c3ac9b6b7" />
    <UnitTestResult executionId="cf647f8b-616f-412a-8c8d-a75c9269a443" testId="54257088-ee8c-40f1-c5ba-2f061684eb74" testName="NeoSharp.Tests.Crypto.SecurityTests.TestCryptographicRandomness" computerName="r3e" duration="00:00:00.0005180" startTime="2025-08-22T09:53:31.7161412+00:00" endTime="2025-08-22T09:53:31.7161414+00:00" testType="13cdc9d9-ddb5-4fa4-a97d-d965ccfc6d4b" outcome="Passed" testListId="8c84fa94-04c1-424b-9868-57a2d4851a1d" relativeResultsDirectory="cf647f8b-616f-412a-8c8d-a75c9269a443" />
    <UnitTestResult executionId="99c5c27f-8b1c-445b-a31c-d850d0af73bb" testId="f0c0998a-02c2-d6bb-d7e3-38a411a27bd4" testName="NeoSharp.Tests.Crypto.WIFTests.CompressedFlag_ShouldBeHandledCorrectly(compressed: True)" computerName="r3e" duration="00:00:00.0005429" startTime="2025-08-22T09:53:19.6124920+00:00" endTime="2025-08-22T09:53:19.6124920+00:00" testType="13cdc9d9-ddb5-4fa4-a97d-d965ccfc6d4b" outcome="Passed" testListId="8c84fa94-04c1-424b-9868-57a2d4851a1d" relativeResultsDirectory="99c5c27f-8b1c-445b-a31c-d850d0af73bb" />
    <UnitTestResult executionId="51a02c57-5f10-4e04-8e2d-094628384115" testId="4b35573e-3a26-d9e4-572f-1869874e4bc6" testName="NeoSharp.Tests.Wallet.AccountTests.Sign_ShouldCreateValidSignature" computerName="r3e" duration="00:00:00.0008735" startTime="2025-08-22T09:53:45.5900336+00:00" endTime="2025-08-22T09:53:45.5900337+00:00" testType="13cdc9d9-ddb5-4fa4-a97d-d965ccfc6d4b" outcome="Passed" testListId="8c84fa94-04c1-424b-9868-57a2d4851a1d" relativeResultsDirectory="51a02c57-5f10-4e04-8e2d-094628384115" />
    <UnitTestResult executionId="ed653ac9-fcf3-450e-9ef7-dab70a004f2a" testId="47faf41c-250f-3921-1a8f-8cb28a6d80ff" testName="NeoSharp.Tests.Crypto.NEP2Tests.TestRoundTripEncryptionDecryption" computerName="r3e" duration="00:00:07.7436004" startTime="2025-08-22T09:55:19.5080966+00:00" endTime="2025-08-22T09:55:19.5080967+00:00" testType="13cdc9d9-ddb5-4fa4-a97d-d965ccfc6d4b" outcome="Passed" testListId="8c84fa94-04c1-424b-9868-57a2d4851a1d" relativeResultsDirectory="ed653ac9-fcf3-450e-9ef7-dab70a004f2a" />
    <UnitTestResult executionId="276f5a0c-ebad-4df3-a8aa-25ab825a2ea1" testId="ed490758-ac9d-30c7-6c35-31dda870b5e6" testName="NeoSharp.Tests.Types.Hash256Tests.Parse_WithRealHashes_ShouldSucceed(hashString: &quot;0x668e0c1f9870f61d45b8a91c77585e468c22c1216c5d6f94&quot;···)" computerName="r3e" duration="00:00:00.0001234" startTime="2025-08-22T09:53:19.5181202+00:00" endTime="2025-08-22T09:53:19.5181203+00:00" testType="13cdc9d9-ddb5-4fa4-a97d-d965ccfc6d4b" outcome="Passed" testListId="8c84fa94-04c1-424b-9868-57a2d4851a1d" relativeResultsDirectory="276f5a0c-ebad-4df3-a8aa-25ab825a2ea1" />
    <UnitTestResult executionId="98192f0c-9c8b-449b-85bf-48cbccaa3a77" testId="ee15e4ec-2da5-7177-94d9-138b7165c68e" testName="NeoSharp.Tests.Crypto.ScryptParamsTests.TestScryptParamsJsonVariations(json: &quot;{\&quot;n\&quot;: 8, \&quot;r\&quot;: 4, \&quot;p\&quot;: 9}&quot;)" computerName="r3e" duration="00:00:00.0020231" startTime="2025-08-22T09:53:19.5889159+00:00" endTime="2025-08-22T09:53:19.5889160+00:00" testType="13cdc9d9-ddb5-4fa4-a97d-d965ccfc6d4b" outcome="Passed" testListId="8c84fa94-04c1-424b-9868-57a2d4851a1d" relativeResultsDirectory="98192f0c-9c8b-449b-85bf-48cbccaa3a77" />
    <UnitTestResult executionId="a1a34938-0a95-454e-a176-7da10e325836" testId="54e39a07-b8b3-ea60-fc2e-939b4e8d3e8a" testName="NeoSharp.Tests.Types.EnumTypeTests.ContractParameterType_AllValues_ShouldHaveCorrectProperties(paramType: Any, expectedJson: &quot;Any&quot;, expectedByte: 0)" computerName="r3e" duration="00:00:00.0000062" startTime="2025-08-22T09:53:19.5499625+00:00" endTime="2025-08-22T09:53:19.5499626+00:00" testType="13cdc9d9-ddb5-4fa4-a97d-d965ccfc6d4b" outcome="Passed" testListId="8c84fa94-04c1-424b-9868-57a2d4851a1d" relativeResultsDirectory="a1a34938-0a95-454e-a176-7da10e325836" />
    <UnitTestResult executionId="f96a5153-4ef4-48c0-b69b-0a782eed059c" testId="4f32cb3d-de52-e96e-9283-a46161e53f2c" testName="NeoSharp.Tests.Crypto.NEP2Tests.TestVariousPasswords(password: &quot;VeryLongPasswordWithSpecialCharacters!@#$%^&amp;*()_+-&quot;···)" computerName="r3e" duration="00:00:07.6172184" startTime="2025-08-22T09:54:01.8893829+00:00" endTime="2025-08-22T09:54:01.8893836+00:00" testType="13cdc9d9-ddb5-4fa4-a97d-d965ccfc6d4b" outcome="Passed" testListId="8c84fa94-04c1-424b-9868-57a2d4851a1d" relativeResultsDirectory="f96a5153-4ef4-48c0-b69b-0a782eed059c" />
    <UnitTestResult executionId="947b046c-9bc4-4552-b41c-cdd45bd35287" testId="9ac25e8c-f2f8-8f1f-14f5-488a222ed3b0" testName="NeoSharp.Tests.Types.Hash256Tests.ExplicitHashConversion_ShouldCreateFromHexString" computerName="r3e" duration="00:00:00.0002571" startTime="2025-08-22T09:53:19.6333604+00:00" endTime="2025-08-22T09:53:19.6333604+00:00" testType="13cdc9d9-ddb5-4fa4-a97d-d965ccfc6d4b" outcome="Passed" testListId="8c84fa94-04c1-424b-9868-57a2d4851a1d" relativeResultsDirectory="947b046c-9bc4-4552-b41c-cdd45bd35287" />
    <UnitTestResult executionId="78d106db-48b1-465c-87f1-84a0b7b87d4e" testId="7d8319eb-03fb-08d3-0f3a-a74ec239d2fe" testName="NeoSharp.Tests.Crypto.ScryptParamsTests.TestScryptParamsMemoryUsageCalculation" computerName="r3e" duration="00:00:00.0012075" startTime="2025-08-22T09:53:19.6051804+00:00" endTime="2025-08-22T09:53:19.6051804+00:00" testType="13cdc9d9-ddb5-4fa4-a97d-d965ccfc6d4b" outcome="Passed" testListId="8c84fa94-04c1-424b-9868-57a2d4851a1d" relativeResultsDirectory="78d106db-48b1-465c-87f1-84a0b7b87d4e" />
    <UnitTestResult executionId="0b268cd7-96c4-41ff-88b9-ca798eda1699" testId="05a04dc9-7731-84e7-b9ed-ede4e5c43f86" testName="NeoSharp.Tests.Types.EnumTypeTests.ContractParameterType_FromJsonValue_WithValidValues_ShouldSucceed(jsonValue: &quot;Integer&quot;)" computerName="r3e" duration="00:00:00.0000115" startTime="2025-08-22T09:53:19.5810928+00:00" endTime="2025-08-22T09:53:19.5810928+00:00" testType="13cdc9d9-ddb5-4fa4-a97d-d965ccfc6d4b" outcome="Passed" testListId="8c84fa94-04c1-424b-9868-57a2d4851a1d" relativeResultsDirectory="0b268cd7-96c4-41ff-88b9-ca798eda1699" />
    <UnitTestResult executionId="1c29f643-1458-4a2e-a2df-9431ee80abdb" testId="2343f28d-b6f1-ea40-62f5-69bed78cd97b" testName="NeoSharp.Tests.Crypto.SignTests.TestSignatureWithWrongKey" computerName="r3e" duration="00:00:00.0113122" startTime="2025-08-22T09:53:19.6934969+00:00" endTime="2025-08-22T09:53:19.6934970+00:00" testType="13cdc9d9-ddb5-4fa4-a97d-d965ccfc6d4b" outcome="Passed" testListId="8c84fa94-04c1-424b-9868-57a2d4851a1d" relativeResultsDirectory="1c29f643-1458-4a2e-a2df-9431ee80abdb" />
    <UnitTestResult executionId="50ace2e4-6688-40ce-9110-36e8b22b8564" testId="0f5e07ad-4979-2fa5-f6e0-8e5750b169fc" testName="NeoSharp.Tests.Crypto.Bip32ECKeyPairTests.TestHardenedDerivation" computerName="r3e" duration="00:00:00.0003134" startTime="2025-08-22T09:53:19.5368591+00:00" endTime="2025-08-22T09:53:19.5368591+00:00" testType="13cdc9d9-ddb5-4fa4-a97d-d965ccfc6d4b" outcome="Passed" testListId="8c84fa94-04c1-424b-9868-57a2d4851a1d" relativeResultsDirectory="50ace2e4-6688-40ce-9110-36e8b22b8564" />
    <UnitTestResult executionId="7287f5b4-45c9-4ec0-bc8e-09a9860f4392" testId="400f22d6-d2e2-8408-a698-81e6d43f3f42" testName="NeoSharp.Tests.Crypto.Base58Tests.TestBase58EncodingKnownValues(hexInput: &quot;636363&quot;, expectedBase58: &quot;aPEr&quot;)" computerName="r3e" duration="00:00:00.0000113" startTime="2025-08-22T09:53:19.5141219+00:00" endTime="2025-08-22T09:53:19.5141219+00:00" testType="13cdc9d9-ddb5-4fa4-a97d-d965ccfc6d4b" outcome="Passed" testListId="8c84fa94-04c1-424b-9868-57a2d4851a1d" relativeResultsDirectory="7287f5b4-45c9-4ec0-bc8e-09a9860f4392" />
    <UnitTestResult executionId="64bc8ba9-a401-4b94-bb81-232f5c571f78" testId="a8d17546-f6ae-34d4-9e27-95bbfd5e1d33" testName="NeoSharp.Tests.Crypto.SignTests.TestSignDifferentMessages" computerName="r3e" duration="00:00:00.0224545" startTime="2025-08-22T09:53:19.7186645+00:00" endTime="2025-08-22T09:53:19.7186646+00:00" testType="13cdc9d9-ddb5-4fa4-a97d-d965ccfc6d4b" outcome="Passed" testListId="8c84fa94-04c1-424b-9868-57a2d4851a1d" relativeResultsDirectory="64bc8ba9-a401-4b94-bb81-232f5c571f78" />
    <UnitTestResult executionId="c425ef49-1c26-4004-830e-8d92820319c4" testId="8eb0f6de-e206-b1b3-376e-4fc96993f209" testName="NeoSharp.Tests.Crypto.WIFTests.WrongByte33Wif_ShouldThrowException" computerName="r3e" duration="00:00:00.0009607" startTime="2025-08-22T09:53:19.6484453+00:00" endTime="2025-08-22T09:53:19.6484454+00:00" testType="13cdc9d9-ddb5-4fa4-a97d-d965ccfc6d4b" outcome="Passed" testListId="8c84fa94-04c1-424b-9868-57a2d4851a1d" relativeResultsDirectory="c425ef49-1c26-4004-830e-8d92820319c4" />
    <UnitTestResult executionId="a2f2d5fd-563e-4c52-94d4-5dfaf63e1179" testId="beaeae1a-5663-5159-f554-4cb8ce24af1b" testName="NeoSharp.Tests.Crypto.WIFTests.RoundTrip_ShouldPreservePrivateKey" computerName="r3e" duration="00:00:00.0008206" startTime="2025-08-22T09:53:19.6493376+00:00" endTime="2025-08-22T09:53:19.6493377+00:00" testType="13cdc9d9-ddb5-4fa4-a97d-d965ccfc6d4b" outcome="Passed" testListId="8c84fa94-04c1-424b-9868-57a2d4851a1d" relativeResultsDirectory="a2f2d5fd-563e-4c52-94d4-5dfaf63e1179" />
    <UnitTestResult executionId="432cfe96-8ba2-45f0-a195-03487500bd07" testId="26f25596-6bcf-2aa2-0a70-f62cab760fd9" testName="NeoSharp.Tests.Crypto.WIFTests.WrongFirstByteWif_ShouldThrowException" computerName="r3e" duration="00:00:00.0004730" startTime="2025-08-22T09:53:19.6239305+00:00" endTime="2025-08-22T09:53:19.6239305+00:00" testType="13cdc9d9-ddb5-4fa4-a97d-d965ccfc6d4b" outcome="Passed" testListId="8c84fa94-04c1-424b-9868-57a2d4851a1d" relativeResultsDirectory="432cfe96-8ba2-45f0-a195-03487500bd07" />
    <UnitTestResult executionId="52e76c46-b048-4633-a62f-67424013a25c" testId="d7cbdf25-1abd-5be0-1705-629b06ed6233" testName="NeoSharp.Tests.Crypto.WIFTests.IsValidWIF_WithInvalidWIF_ShouldReturnFalse(invalidWif: &quot;invalid&quot;)" computerName="r3e" duration="00:00:00.0001466" startTime="2025-08-22T09:53:19.6300564+00:00" endTime="2025-08-22T09:53:19.6300564+00:00" testType="13cdc9d9-ddb5-4fa4-a97d-d965ccfc6d4b" outcome="Passed" testListId="8c84fa94-04c1-424b-9868-57a2d4851a1d" relativeResultsDirectory="52e76c46-b048-4633-a62f-67424013a25c" />
    <UnitTestResult executionId="776e6425-7fed-48b8-8c75-460046488f1c" testId="5e97768f-d530-99d2-989a-4e0f3db77405" testName="NeoSharp.Tests.Serialization.BinaryWriterTests.WriteUInt16_ShouldWriteCorrectBytes" computerName="r3e" duration="00:00:00.0003946" startTime="2025-08-22T09:53:19.6092917+00:00" endTime="2025-08-22T09:53:19.6092918+00:00" testType="13cdc9d9-ddb5-4fa4-a97d-d965ccfc6d4b" outcome="Passed" testListId="8c84fa94-04c1-424b-9868-57a2d4851a1d" relativeResultsDirectory="776e6425-7fed-48b8-8c75-460046488f1c" />
    <UnitTestResult executionId="bc45fd85-8449-4ac7-88bd-5d27c0337683" testId="36429002-8d89-ea56-e975-9c33a5aedcfa" testName="NeoSharp.Tests.Crypto.NEP2Tests.TestDecryptWithWrongPassword" computerName="r3e" duration="00:00:08.8545180" startTime="2025-08-22T09:54:18.2183248+00:00" endTime="2025-08-22T09:54:18.2183248+00:00" testType="13cdc9d9-ddb5-4fa4-a97d-d965ccfc6d4b" outcome="Passed" testListId="8c84fa94-04c1-424b-9868-57a2d4851a1d" relativeResultsDirectory="bc45fd85-8449-4ac7-88bd-5d27c0337683" />
    <UnitTestResult executionId="aa071b67-65a7-47d4-a386-867ee220369c" testId="05f8f41f-2a0a-483a-d80a-d63002f27122" testName="NeoSharp.Tests.Crypto.NEP2Tests.TestNEP2KeyChecksumValidation" computerName="r3e" duration="00:00:06.3562166" startTime="2025-08-22T09:53:25.8325178+00:00" endTime="2025-08-22T09:53:25.8325187+00:00" testType="13cdc9d9-ddb5-4fa4-a97d-d965ccfc6d4b" outcome="Passed" testListId="8c84fa94-04c1-424b-9868-57a2d4851a1d" relativeResultsDirectory="aa071b67-65a7-47d4-a386-867ee220369c" />
    <UnitTestResult executionId="df1f827f-d448-4466-a6ec-3879ded51ca7" testId="9a5a5259-43e7-a157-ba6e-2aaadbf51c75" testName="NeoSharp.Tests.Contract.SmartContractTests.ToString_ShouldReturnScriptHashString" computerName="r3e" duration="00:00:00.0033686" startTime="2025-08-22T09:53:19.6780642+00:00" endTime="2025-08-22T09:53:19.6780642+00:00" testType="13cdc9d9-ddb5-4fa4-a97d-d965ccfc6d4b" outcome="Passed" testListId="8c84fa94-04c1-424b-9868-57a2d4851a1d" relativeResultsDirectory="df1f827f-d448-4466-a6ec-3879ded51ca7" />
    <UnitTestResult executionId="1b410472-6726-475d-8f3b-3758099ead0b" testId="08f8f522-e527-951e-fd77-3ff317c0ac27" testName="NeoSharp.Tests.Types.ContractParameterTests.ToJson_ByteArray_ShouldSerializeAsBase64" computerName="r3e" duration="00:00:00.0002806" startTime="2025-08-22T09:53:19.5245279+00:00" endTime="2025-08-22T09:53:19.5245279+00:00" testType="13cdc9d9-ddb5-4fa4-a97d-d965ccfc6d4b" outcome="Passed" testListId="8c84fa94-04c1-424b-9868-57a2d4851a1d" relativeResultsDirectory="1b410472-6726-475d-8f3b-3758099ead0b" />
    <UnitTestResult executionId="f01d9c59-8f14-4692-9821-47d06aecdff3" testId="8920274a-5d15-dd80-35c4-6ef25156aa22" testName="NeoSharp.Tests.Crypto.NEP2Tests.TestVariousPasswords(password: &quot;\ud83d\udd10\ud83d\udd11\ud83d\udc8e&quot;)" computerName="r3e" duration="00:00:07.4742772" startTime="2025-08-22T09:54:09.3637099+00:00" endTime="2025-08-22T09:54:09.3637100+00:00" testType="13cdc9d9-ddb5-4fa4-a97d-d965ccfc6d4b" outcome="Passed" testListId="8c84fa94-04c1-424b-9868-57a2d4851a1d" relativeResultsDirectory="f01d9c59-8f14-4692-9821-47d06aecdff3" />
    <UnitTestResult executionId="41e05b12-33d8-49dc-b4c1-6611dda94c41" testId="651bb81c-b2c1-0179-60d9-76ea480286e6" testName="NeoSharp.Tests.Serialization.BinaryReaderTests.ReadUInt32_ShouldReadCorrectValues" computerName="r3e" duration="00:00:00.0003389" startTime="2025-08-22T09:53:20.1468753+00:00" endTime="2025-08-22T09:53:20.1468753+00:00" testType="13cdc9d9-ddb5-4fa4-a97d-d965ccfc6d4b" outcome="Passed" testListId="8c84fa94-04c1-424b-9868-57a2d4851a1d" relativeResultsDirectory="41e05b12-33d8-49dc-b4c1-6611dda94c41" />
    <UnitTestResult executionId="85384489-fc79-45c3-8bdc-ab98fba33cae" testId="a5f85e1f-a238-e2d3-1bc1-0d79eff381b9" testName="NeoSharp.Tests.Crypto.WIFTests.PrivateKeyToWif_ShouldEncodeCorrectly" computerName="r3e" duration="00:00:00.0001020" startTime="2025-08-22T09:53:19.6197199+00:00" endTime="2025-08-22T09:53:19.6197199+00:00" testType="13cdc9d9-ddb5-4fa4-a97d-d965ccfc6d4b" outcome="Passed" testListId="8c84fa94-04c1-424b-9868-57a2d4851a1d" relativeResultsDirectory="85384489-fc79-45c3-8bdc-ab98fba33cae" />
    <UnitTestResult executionId="bc455fbc-f662-4bc2-8f6a-b44833ea6514" testId="46948e2c-121d-478f-8491-eb42ecb316c0" testName="NeoSharp.Tests.Crypto.ECKeyPairTests.KeyPairVerification_ShouldVerifyOwnSignature" computerName="r3e" duration="00:00:00.0054907" startTime="2025-08-22T09:53:19.6969960+00:00" endTime="2025-08-22T09:53:19.6969961+00:00" testType="13cdc9d9-ddb5-4fa4-a97d-d965ccfc6d4b" outcome="Passed" testListId="8c84fa94-04c1-424b-9868-57a2d4851a1d" relativeResultsDirectory="bc455fbc-f662-4bc2-8f6a-b44833ea6514" />
    <UnitTestResult executionId="a9ea31a1-557d-4ee6-85fc-e3e645341de6" testId="fb9dbead-6581-a40e-326f-bb7f29555d11" testName="NeoSharp.Tests.Types.EnumTypeTests.ContractParameterType_FromJsonValue_WithValidValues_ShouldSucceed(jsonValue: &quot;Boolean&quot;)" computerName="r3e" duration="00:00:00.0000059" startTime="2025-08-22T09:53:19.5816367+00:00" endTime="2025-08-22T09:53:19.5816367+00:00" testType="13cdc9d9-ddb5-4fa4-a97d-d965ccfc6d4b" outcome="Passed" testListId="8c84fa94-04c1-424b-9868-57a2d4851a1d" relativeResultsDirectory="a9ea31a1-557d-4ee6-85fc-e3e645341de6" />
    <UnitTestResult executionId="032b5b34-5423-44b4-84be-ad627513bd5b" testId="d7400e8a-7d55-2939-6e26-46d7d776b09b" testName="NeoSharp.Tests.Script.ScriptBuilderTests.PushInteger_ShouldHandleSpecialValues" computerName="r3e" duration="00:00:00.0005369" startTime="2025-08-22T09:53:19.5981902+00:00" endTime="2025-08-22T09:53:19.5981903+00:00" testType="13cdc9d9-ddb5-4fa4-a97d-d965ccfc6d4b" outcome="Passed" testListId="8c84fa94-04c1-424b-9868-57a2d4851a1d" relativeResultsDirectory="032b5b34-5423-44b4-84be-ad627513bd5b" />
    <UnitTestResult executionId="7c7fdcc6-2dce-4f12-9152-c348c43e58e6" testId="ea284b85-8c42-66b5-15ff-c6e3a5198213" testName="NeoSharp.Tests.Crypto.SecurityTests.TestConstantTimeSelection" computerName="r3e" duration="00:00:00.0001651" startTime="2025-08-22T09:53:41.6350135+00:00" endTime="2025-08-22T09:53:41.6350136+00:00" testType="13cdc9d9-ddb5-4fa4-a97d-d965ccfc6d4b" outcome="Passed" testListId="8c84fa94-04c1-424b-9868-57a2d4851a1d" relativeResultsDirectory="7c7fdcc6-2dce-4f12-9152-c348c43e58e6" />
    <UnitTestResult executionId="c06a36b2-7492-4626-8b89-c941c90ab118" testId="3fdd123a-6dd7-43a2-c25a-6a9fb66236db" testName="NeoSharp.Tests.Crypto.Base58Tests.TestBase58DecodingKnownValues(base58Input: &quot;3EFU7m&quot;, expectedHex: &quot;572e4794&quot;)" computerName="r3e" duration="00:00:00.0000075" startTime="2025-08-22T09:53:19.5066520+00:00" endTime="2025-08-22T09:53:19.5066520+00:00" testType="13cdc9d9-ddb5-4fa4-a97d-d965ccfc6d4b" outcome="Passed" testListId="8c84fa94-04c1-424b-9868-57a2d4851a1d" relativeResultsDirectory="c06a36b2-7492-4626-8b89-c941c90ab118" />
    <UnitTestResult executionId="e009be37-3f37-4816-95b9-6bc28c4b49b5" testId="0d10b196-42d5-b32d-b6e6-0a21b3a72aed" testName="NeoSharp.Tests.Crypto.Base64Tests.Base64Decode_ShouldDecodeCorrectly" computerName="r3e" duration="00:00:00.0001336" startTime="2025-08-22T09:53:19.5061399+00:00" endTime="2025-08-22T09:53:19.5061399+00:00" testType="13cdc9d9-ddb5-4fa4-a97d-d965ccfc6d4b" outcome="Passed" testListId="8c84fa94-04c1-424b-9868-57a2d4851a1d" relativeResultsDirectory="e009be37-3f37-4816-95b9-6bc28c4b49b5" />
    <UnitTestResult executionId="e86745fc-22ac-493b-883a-ad233cfbbbbe" testId="3666327d-eeb2-8cf6-199c-a28cfc5678bf" testName="NeoSharp.Tests.Crypto.Bip32ECKeyPairTests.TestMasterKeyGeneration(seedHex: &quot;fffcf9f6f3f0edeae7e4e1dedbd8d5d2cfccc9c6c3c0bdbab7&quot;···, path: [])" computerName="r3e" duration="00:00:00.0046019" startTime="2025-08-22T09:53:19.5227519+00:00" endTime="2025-08-22T09:53:19.5227519+00:00" testType="13cdc9d9-ddb5-4fa4-a97d-d965ccfc6d4b" outcome="Passed" testListId="8c84fa94-04c1-424b-9868-57a2d4851a1d" relativeResultsDirectory="e86745fc-22ac-493b-883a-ad233cfbbbbe" />
[...]
    <TestEntry testId="5b2a61b5-a877-35e2-ce62-96593f9e2cb3" executionId="9457f67f-7669-4a36-a614-005d545f30ac" testListId="8c84fa94-04c1-424b-9868-57a2d4851a1d" />
    <TestEntry testId="736e58a5-e61f-d16f-a200-62c2b0320ab8" executionId="9012639a-9733-4f7d-bf43-d7a7cd69adfe" testListId="8c84fa94-04c1-424b-9868-57a2d4851a1d" />
    <TestEntry testId="b48c632d-b893-92fa-f886-b99be87992cb" executionId="c34bff32-7247-4cc0-a19b-16b0712eb621" testListId="8c84fa94-04c1-424b-9868-57a2d4851a1d" />
    <TestEntry testId="132ccf43-7ae7-adb9-92a9-df519faee0a1" executionId="fcc40345-6376-4d73-8fa3-1d11165f8971" testListId="8c84fa94-04c1-424b-9868-57a2d4851a1d" />
    <TestEntry testId="04c472f2-f8b9-2afb-de0f-fb57b66e6f05" executionId="1256a4fa-c275-4952-8d81-f81ae40a53bf" testListId="8c84fa94-04c1-424b-9868-57a2d4851a1d" />
    <TestEntry testId="498133df-5339-0fec-7f10-6cd5a987c16c" executionId="9c03035a-a3fa-4d5b-afce-f3c2d4cd9e79" testListId="8c84fa94-04c1-424b-9868-57a2d4851a1d" />
    <TestEntry testId="647ae2db-69ed-a458-f9b2-e1ff03e6988f" executionId="eb19f005-cb7b-415c-b81e-572bc58b0b9e" testListId="8c84fa94-04c1-424b-9868-57a2d4851a1d" />
    <TestEntry testId="89d95cf3-c50b-5860-b057-4a39d76baba8" executionId="d0619bc2-c145-4d0b-a15d-aefa787f5f8c" testListId="8c84fa94-04c1-424b-9868-57a2d4851a1d" />
    <TestEntry testId="91cbf24d-f0bf-6c41-1756-f4dc69567fe4" executionId="b2b238c2-0578-42f3-893d-e0ea3d8a5ff2" testListId="8c84fa94-04c1-424b-9868-57a2d4851a1d" />
    <TestEntry testId="ca4fe77c-4e86-9f45-1b70-049fdc1c1239" executionId="bc7adaa1-5e20-4f26-b5a6-5c17c12bfcb8" testListId="8c84fa94-04c1-424b-9868-57a2d4851a1d" />
    <TestEntry testId="f0cdfe8d-ed22-e606-4448-12aa4bd1069a" executionId="b2b42524-6b88-4977-8252-1062f6805e1e" testListId="8c84fa94-04c1-424b-9868-57a2d4851a1d" />
    <TestEntry testId="58ff235e-a3c2-8d16-8f18-a5f78f51d8db" executionId="5819f34d-fd5f-4a3a-9954-37433cff2b27" testListId="8c84fa94-04c1-424b-9868-57a2d4851a1d" />
    <TestEntry testId="f8cbfdd2-aca9-9e27-c8fd-251f064fdfce" executionId="d1d85ada-56be-4090-981f-09a0350e56d3" testListId="8c84fa94-04c1-424b-9868-57a2d4851a1d" />
    <TestEntry testId="bb02b94f-37a8-19ca-090b-2dc88817d8ad" executionId="bdea10c9-86f8-462c-b4c3-17a25672475c" testListId="8c84fa94-04c1-424b-9868-57a2d4851a1d" />
    <TestEntry testId="0631d2fe-14c3-645d-b7f2-ea6ec366fdbe" executionId="beb9782c-0bf3-4dc0-b801-aa87165bad89" testListId="8c84fa94-04c1-424b-9868-57a2d4851a1d" />
    <TestEntry testId="7b266048-0978-0a8c-a97a-95543f8ed20d" executionId="f1f74886-9d10-47d3-8c5c-eb6ae0044d53" testListId="8c84fa94-04c1-424b-9868-57a2d4851a1d" />
    <TestEntry testId="d09a547b-4f67-e1d1-0bc4-62a721e6d668" executionId="ddf6a145-ce97-49a1-a6d8-08d522dd77af" testListId="8c84fa94-04c1-424b-9868-57a2d4851a1d" />
    <TestEntry testId="5a36d705-aa38-507a-4b32-976bc129677f" executionId="ba0c1568-d1de-4f12-b7f3-ccd08731f2f0" testListId="8c84fa94-04c1-424b-9868-57a2d4851a1d" />
    <TestEntry testId="ea24ca3c-4e72-8267-eca6-49c11c381c9b" executionId="82d93255-fec2-4f24-91b1-05b804f98142" testListId="8c84fa94-04c1-424b-9868-57a2d4851a1d" />
    <TestEntry testId="3458ea21-a5c4-8720-c598-ec4aa2be7d08" executionId="47a1c7a1-0732-4671-9f68-a1b8b1c4b943" testListId="8c84fa94-04c1-424b-9868-57a2d4851a1d" />
    <TestEntry testId="dd543aac-b9bf-de04-f5f2-6dbf4dce32d7" executionId="2778a2f9-0c06-4974-8ba1-54cbd295154b" testListId="8c84fa94-04c1-424b-9868-57a2d4851a1d" />
    <TestEntry testId="4867ef49-9b69-7d61-fb16-c1d4ddc1384b" executionId="a17de00d-3b4d-4798-9355-1c1c52476bc0" testListId="8c84fa94-04c1-424b-9868-57a2d4851a1d" />
    <TestEntry testId="fe050ba5-2379-58fd-0cae-82b0659a2b6d" executionId="dda52176-c6a0-46c9-9b07-e6f5c74f3ddd" testListId="8c84fa94-04c1-424b-9868-57a2d4851a1d" />
    <TestEntry testId="5275f261-f731-19c7-4b6e-434e6bc2d08d" executionId="9d36e5db-92ab-4ad6-83a2-e977ea79cfee" testListId="8c84fa94-04c1-424b-9868-57a2d4851a1d" />
    <TestEntry testId="76bfe392-7fcd-a802-9e94-5d9cc9e08f66" executionId="c74db8c9-886f-49bf-90f1-8fc2951a2e62" testListId="8c84fa94-04c1-424b-9868-57a2d4851a1d" />
    <TestEntry testId="bf7d9fb7-e62a-8966-f152-a6c666e37bf0" executionId="cadfdacb-7206-4819-89ad-9f5994a2b18d" testListId="8c84fa94-04c1-424b-9868-57a2d4851a1d" />
    <TestEntry testId="dcb9e996-abcc-94c1-715a-a881c7c87d00" executionId="38a5306c-c6c4-4345-aa18-841d51c047b3" testListId="8c84fa94-04c1-424b-9868-57a2d4851a1d" />
    <TestEntry testId="fb9c5acf-a0a4-9474-e2d6-b90acdb6038f" executionId="4277d233-6cb8-407f-bdf6-d55b2fed2ad7" testListId="8c84fa94-04c1-424b-9868-57a2d4851a1d" />
    <TestEntry testId="8d7a3cb7-0721-5fbc-8b4a-ca2018c37dfd" executionId="36d10238-d2f9-4713-b605-08b5f63ac8c8" testListId="8c84fa94-04c1-424b-9868-57a2d4851a1d" />
    <TestEntry testId="45d2fbdd-356c-c68c-8b8d-eb409c7fbdd5" executionId="f3c7afdc-63a9-4aef-8caf-e3369e59fbd8" testListId="8c84fa94-04c1-424b-9868-57a2d4851a1d" />
    <TestEntry testId="1152df18-e346-ddeb-56d2-4baba47f379b" executionId="97dcbdd5-7680-4173-b43f-0910cacd21c1" testListId="8c84fa94-04c1-424b-9868-57a2d4851a1d" />
    <TestEntry testId="745556e0-6207-6405-cb05-73e41479d01b" executionId="a09f85d0-95f4-4477-996a-8c18724b680b" testListId="8c84fa94-04c1-424b-9868-57a2d4851a1d" />
    <TestEntry testId="af020ac1-365f-b7eb-a431-ac7da1a55d0e" executionId="d923dde2-8942-4c9e-9436-d26b7c1a849d" testListId="8c84fa94-04c1-424b-9868-57a2d4851a1d" />
    <TestEntry testId="954601e0-f9ec-a2d9-0256-f03b3529ae84" executionId="56378418-e711-43c5-85ac-350a508fe6c0" testListId="8c84fa94-04c1-424b-9868-57a2d4851a1d" />
    <TestEntry testId="969475b1-614e-3792-edcc-ede55f705bde" executionId="5b5df949-5450-43ae-b5dc-554c4283ea59" testListId="8c84fa94-04c1-424b-9868-57a2d4851a1d" />
    <TestEntry testId="1289e3dd-43be-584e-b51e-23570abe3f5d" executionId="ac6d706b-309b-4823-8332-51c04e84327a" testListId="8c84fa94-04c1-424b-9868-57a2d4851a1d" />
    <TestEntry testId="90cdd93f-96cb-b0e4-bdfb-41af2a417f44" executionId="3032c3fb-3d17-4db4-9d1c-623043689e10" testListId="8c84fa94-04c1-424b-9868-57a2d4851a1d" />
    <TestEntry testId="56fd0b33-b60a-b29a-95b2-a281082a22a7" executionId="d7461a13-fd08-4445-9edb-c8b9aa2a6636" testListId="8c84fa94-04c1-424b-9868-57a2d4851a1d" />
    <TestEntry testId="e20dd4bc-1076-9b08-911a-53745c946843" executionId="0b14318c-07b0-4d9f-9970-9adfe71ba860" testListId="8c84fa94-04c1-424b-9868-57a2d4851a1d" />
    <TestEntry testId="acd4bcec-3088-d922-c81d-7c878116fd96" executionId="c176f8c4-cea5-4f1a-a98e-e2cb6dcee846" testListId="8c84fa94-04c1-424b-9868-57a2d4851a1d" />
    <TestEntry testId="3d239bfe-c698-b684-dbea-c3fa7475cac3" executionId="e956539f-5a64-4ed2-9da9-ae7f8a26bab7" testListId="8c84fa94-04c1-424b-9868-57a2d4851a1d" />
    <TestEntry testId="8c07b406-fe7d-69af-02cd-d9ef9d9292a2" executionId="28708455-0646-4bca-bedb-6413983db040" testListId="8c84fa94-04c1-424b-9868-57a2d4851a1d" />
    <TestEntry testId="a7471f80-cbf9-8a3c-4135-e8764bf5beac" executionId="c13d1f30-6552-404e-8f69-eeaab75522c4" testListId="8c84fa94-04c1-424b-9868-57a2d4851a1d" />
    <TestEntry testId="e39a4c61-b8fe-475f-ae8e-0405980a31e1" executionId="b02d556f-d764-4ca5-a62f-cdeb986b445f" testListId="8c84fa94-04c1-424b-9868-57a2d4851a1d" />
    <TestEntry testId="3531bb1c-4b27-a459-4c43-0cfe3ff11658" executionId="f6e6fee5-ac33-4d97-bf07-828d4b0d0391" testListId="8c84fa94-04c1-424b-9868-57a2d4851a1d" />
    <TestEntry testId="7d2410b8-3c58-b582-417b-c169fd10082a" executionId="cc8187fd-2aa2-41b0-99db-584cedb282d9" testListId="8c84fa94-04c1-424b-9868-57a2d4851a1d" />
    <TestEntry testId="b2140eb5-1158-292e-b391-05603b283241" executionId="93c638b0-e9e2-491e-abc6-a21ca4396827" testListId="8c84fa94-04c1-424b-9868-57a2d4851a1d" />
    <TestEntry testId="7a5cf7da-061e-50b8-db52-35905e76bf20" executionId="364cf94b-71d3-4cc4-9b82-0b9a60dcf18a" testListId="8c84fa94-04c1-424b-9868-57a2d4851a1d" />
    <TestEntry testId="8037f4df-cf2b-6def-7972-b1473d2ac3fc" executionId="5cec96d3-b1aa-4e6c-935e-7e4178f0bf43" testListId="8c84fa94-04c1-424b-9868-57a2d4851a1d" />
    <TestEntry testId="bccc2445-89a6-1399-42c4-b4fe289cc575" executionId="4eedecaa-f10f-4720-9cbe-c9432fdd2de5" testListId="8c84fa94-04c1-424b-9868-57a2d4851a1d" />
    <TestEntry testId="4d62d737-01d7-eab8-ec9c-5b7088340c30" executionId="0bd9f866-94e4-414d-a1f5-d3275bbf648e" testListId="8c84fa94-04c1-424b-9868-57a2d4851a1d" />
    <TestEntry testId="7567889c-89b1-6883-c5eb-0dc4a697c9a2" executionId="f1629a22-0522-47b2-8f3a-ec66a1625370" testListId="8c84fa94-04c1-424b-9868-57a2d4851a1d" />
    <TestEntry testId="6952147b-0649-5a15-153f-168299f6ea42" executionId="9b15484f-6441-4820-a27c-bb3505c65050" testListId="8c84fa94-04c1-424b-9868-57a2d4851a1d" />
    <TestEntry testId="e70b8920-102c-2c49-870e-b83b646da4cf" executionId="4078b813-27dd-40aa-b979-a0fccdf79a22" testListId="8c84fa94-04c1-424b-9868-57a2d4851a1d" />
    <TestEntry testId="510613cb-21e1-a1c9-bb93-eed81a23f6dd" executionId="fc7a239c-e324-4224-888a-f1d4a39acd34" testListId="8c84fa94-04c1-424b-9868-57a2d4851a1d" />
    <TestEntry testId="49a4d1dc-d639-43e5-b5bf-49f3c902de94" executionId="99e8c494-1cb1-4a1f-a74a-073d4ce5a4b2" testListId="8c84fa94-04c1-424b-9868-57a2d4851a1d" />
    <TestEntry testId="76faaf38-4622-4c88-5501-fed78da072ec" executionId="b8b698fb-a678-4d84-8430-8ffa5c08c8b9" testListId="8c84fa94-04c1-424b-9868-57a2d4851a1d" />
    <TestEntry testId="1d0b1407-50e3-9faa-1e3c-031be37d7e48" executionId="2eafb163-ccd8-47af-a10b-a38d0f514a12" testListId="8c84fa94-04c1-424b-9868-57a2d4851a1d" />
    <TestEntry testId="0522e2ba-d5d4-2a3d-66cc-29afc357df8a" executionId="42718040-1d68-4d4f-b578-5c4d0670dcc8" testListId="8c84fa94-04c1-424b-9868-57a2d4851a1d" />
    <TestEntry testId="ebf5a56a-f7f7-6329-0fdd-d1c186256e6a" executionId="91d83730-5235-4557-b1ee-b751892b292a" testListId="8c84fa94-04c1-424b-9868-57a2d4851a1d" />
    <TestEntry testId="90d56c51-2ddc-8245-26c9-08f2adcdbbf1" executionId="d76534cd-83b9-49dd-bccd-be3f5d7816ff" testListId="8c84fa94-04c1-424b-9868-57a2d4851a1d" />
    <TestEntry testId="8dc7aaf8-eccc-25c6-3e3b-36a084427ca9" executionId="3644cbda-8502-4087-b6be-7a5ae6b9af7b" testListId="8c84fa94-04c1-424b-9868-57a2d4851a1d" />
    <TestEntry testId="5521532a-c03d-ff38-db82-2d0010d35d74" executionId="105f1190-71b2-492f-8da2-7b253ce7c1fd" testListId="8c84fa94-04c1-424b-9868-57a2d4851a1d" />
    <TestEntry testId="39b5d22d-0067-e3ff-d99c-706c8284a251" executionId="76995307-38f5-496e-bceb-0c562091e0e6" testListId="8c84fa94-04c1-424b-9868-57a2d4851a1d" />
    <TestEntry testId="2a8abbfe-1496-ae71-1450-b38c0db53bfc" executionId="c1fc34d9-9b15-4f32-bb7c-c91a58fe91a6" testListId="8c84fa94-04c1-424b-9868-57a2d4851a1d" />
    <TestEntry testId="dc4a098b-795d-74bb-d48d-bb930ac51271" executionId="122ee427-da96-4a99-8179-0f21e02b347d" testListId="8c84fa94-04c1-424b-9868-57a2d4851a1d" />
    <TestEntry testId="7fd0c204-7b22-7b74-17fd-4cc34182ba94" executionId="155f6f9f-b912-47ac-bf0c-3eaf3d4ec0f4" testListId="8c84fa94-04c1-424b-9868-57a2d4851a1d" />
    <TestEntry testId="66248bda-3701-ca80-1735-652ce46c5d20" executionId="bd8a29ef-9b00-4dbf-9078-a77bfa0ced5e" testListId="8c84fa94-04c1-424b-9868-57a2d4851a1d" />
    <TestEntry testId="e0ff5e87-9149-ce63-9796-3fa300857898" executionId="49d5cc71-e06c-4ff3-988d-06b4d51b97b6" testListId="8c84fa94-04c1-424b-9868-57a2d4851a1d" />
    <TestEntry testId="5e8ea83d-a317-e7a9-7c7b-042795e1eff1" executionId="29a5fd20-7e94-4116-a2fe-cbd163021196" testListId="8c84fa94-04c1-424b-9868-57a2d4851a1d" />
    <TestEntry testId="5569ace7-c374-a3a5-367c-296344974383" executionId="1d8202b8-d20b-43f5-957f-f9b7b6627a4c" testListId="8c84fa94-04c1-424b-9868-57a2d4851a1d" />
    <TestEntry testId="35966a0e-660b-4e81-3caf-977868899497" executionId="42b3997a-5d16-47fe-b9ef-669d76175acb" testListId="8c84fa94-04c1-424b-9868-57a2d4851a1d" />
    <TestEntry testId="7b1adb34-29e1-8e99-6cf5-b6dc68ed1598" executionId="1bd90ddb-0eb9-4c4a-9e68-bc3175e5406c" testListId="8c84fa94-04c1-424b-9868-57a2d4851a1d" />
    <TestEntry testId="b151b523-5c65-459c-1a05-18b8bbbf66f9" executionId="ac07406e-e7d8-4ab3-873f-7b4bb1a2b981" testListId="8c84fa94-04c1-424b-9868-57a2d4851a1d" />
    <TestEntry testId="66e16570-c643-e3da-6443-21f93e9732be" executionId="403d1256-e538-4a10-950c-fc39d60a1f00" testListId="8c84fa94-04c1-424b-9868-57a2d4851a1d" />
    <TestEntry testId="6e0886c3-c6d4-9316-913e-67c4a2ab715a" executionId="5bb31293-be43-4878-bbe1-adb5777befa6" testListId="8c84fa94-04c1-424b-9868-57a2d4851a1d" />
    <TestEntry testId="6eeceb8d-f303-db47-4bc1-99a3fca42609" executionId="18619281-bd49-4d62-b137-96444484b825" testListId="8c84fa94-04c1-424b-9868-57a2d4851a1d" />
    <TestEntry testId="242ecbf7-6100-e859-58bb-a5d31355fd7f" executionId="bff1a931-5345-41a8-b098-1fca80444857" testListId="8c84fa94-04c1-424b-9868-57a2d4851a1d" />
    <TestEntry testId="f5c4f377-4e3e-b2d1-f112-051ef98aaff6" executionId="24650c01-19eb-4973-9390-fe07f143092d" testListId="8c84fa94-04c1-424b-9868-57a2d4851a1d" />
    <TestEntry testId="a725406b-a2e9-2dd0-1f6b-0aa81740b95d" executionId="2d5f7514-33d2-4c54-8749-2834c05a377f" testListId="8c84fa94-04c1-424b-9868-57a2d4851a1d" />
    <TestEntry testId="b2a5cf74-d54b-a40a-2fad-3f7112c31afc" executionId="d8cdbcfb-becd-46a0-a9ab-26ea01d848ce" testListId="8c84fa94-04c1-424b-9868-57a2d4851a1d" />
    <TestEntry testId="dc528239-1430-c276-350b-70d67eb64991" executionId="a8ce9f3b-4d8f-4440-a0ef-b986d6eef724" testListId="8c84fa94-04c1-424b-9868-57a2d4851a1d" />
    <TestEntry testId="3c56c2c2-4fb6-11eb-e517-8e04c9da4bfc" executionId="195c938f-ff87-429d-8cc7-e7d8296635c3" testListId="8c84fa94-04c1-424b-9868-57a2d4851a1d" />
    <TestEntry testId="46dc94f7-ad9d-a3be-24f6-15ca29f318c8" executionId="118963f4-4fbc-44b5-a7c0-de8c6a3737d6" testListId="8c84fa94-04c1-424b-9868-57a2d4851a1d" />
    <TestEntry testId="2f9efc0b-2b51-e1f2-b995-c9e4d27be7ef" executionId="4ea711ed-71b8-4659-a594-3c84a8dae360" testListId="8c84fa94-04c1-424b-9868-57a2d4851a1d" />
    <TestEntry testId="f86c1082-ed35-a19a-aa0b-8740241d8a93" executionId="0b050841-76f2-429c-9c38-4c97b5c5ff49" testListId="8c84fa94-04c1-424b-9868-57a2d4851a1d" />
    <TestEntry testId="29456248-06fd-18a6-b06f-ad49591a0ced" executionId="c92ae235-76c4-4fe4-9b8f-50f9277f2dfa" testListId="8c84fa94-04c1-424b-9868-57a2d4851a1d" />
    <TestEntry testId="cf9fb0fd-61f7-dc81-2870-e2efb0a27e99" executionId="6b1e5412-4055-42f7-9bc7-352cb3b1f563" testListId="8c84fa94-04c1-424b-9868-57a2d4851a1d" />
    <TestEntry testId="3261412c-4855-a412-6651-3353475b70d1" executionId="593fce90-a68c-400a-af63-dde73eb885fd" testListId="8c84fa94-04c1-424b-9868-57a2d4851a1d" />
    <TestEntry testId="d9db7865-5d01-a38d-f8ab-fec80d4cd58f" executionId="fa4e5b36-714c-4db7-985d-b9d125320176" testListId="8c84fa94-04c1-424b-9868-57a2d4851a1d" />
    <TestEntry testId="2949711f-0eb3-2956-3cc9-6eb25ae76d45" executionId="c149f299-69c5-404b-be52-9e49fc3f43e4" testListId="8c84fa94-04c1-424b-9868-57a2d4851a1d" />
    <TestEntry testId="212362f0-6582-d921-5ad6-0f18fb1fccd7" executionId="208787a7-e345-4f1c-ba8b-6c641f264e93" testListId="8c84fa94-04c1-424b-9868-57a2d4851a1d" />
    <TestEntry testId="5c8b8879-3785-ed7e-8517-b4801c6cd5ed" executionId="bdad2f80-5d8e-4c7d-b6ec-7fbf450a76c3" testListId="8c84fa94-04c1-424b-9868-57a2d4851a1d" />
    <TestEntry testId="41b47b25-71b8-a5de-187b-e2ea18a5bea5" executionId="125344ee-dddc-4684-9d0b-ac776a1fefc1" testListId="8c84fa94-04c1-424b-9868-57a2d4851a1d" />
    <TestEntry testId="37ed753f-fb31-f836-a9b4-732002d7c58a" executionId="31ae3f3d-7293-4210-9057-31bbcd69dcd1" testListId="8c84fa94-04c1-424b-9868-57a2d4851a1d" />
    <TestEntry testId="bbd40c50-138a-242f-0a1a-f5146e72bc55" executionId="0c721137-18e2-47a5-adb4-d53a52dd594e" testListId="8c84fa94-04c1-424b-9868-57a2d4851a1d" />
    <TestEntry testId="691753c3-d5e2-251f-e574-c6c2f1be1f0f" executionId="e4794769-fc4e-45cc-a339-4b92bcb8b1e1" testListId="8c84fa94-04c1-424b-9868-57a2d4851a1d" />
    <TestEntry testId="caf3251d-1749-3055-5c33-0c4dbf193eaf" executionId="d0f3c85f-167b-4580-85b5-1cb135e750c0" testListId="8c84fa94-04c1-424b-9868-57a2d4851a1d" />
    <TestEntry testId="bf835e73-1c1d-3036-1ae1-abe8be46c4ee" executionId="25aa5f9d-5d65-47c7-a79d-49e24823bf3d" testListId="8c84fa94-04c1-424b-9868-57a2d4851a1d" />
    <TestEntry testId="2b42cf1e-53f1-51d7-378c-373f8211cdc9" executionId="3326c377-b348-4bed-98e0-f4ec7b75374a" testListId="8c84fa94-04c1-424b-9868-57a2d4851a1d" />
    <TestEntry testId="c813b430-2229-8354-72e9-cc990737510e" executionId="7aeeaa57-8ba7-40ea-ae09-0fdf7474a326" testListId="8c84fa94-04c1-424b-9868-57a2d4851a1d" />
    <TestEntry testId="64826042-8696-d8e4-f559-e9388633cb53" executionId="24370d94-d6bb-452d-899b-f9cf445eaa66" testListId="8c84fa94-04c1-424b-9868-57a2d4851a1d" />
    <TestEntry testId="c0fece1f-9b44-eed0-6d57-25d33d60c993" executionId="dc818340-4c14-43b3-b34d-4308ae5ee291" testListId="8c84fa94-04c1-424b-9868-57a2d4851a1d" />
    <TestEntry testId="a04a0f39-a134-c31e-63fa-5c0df3d76221" executionId="0d7a1068-4aae-4df0-83ff-cf1fa3ce768c" testListId="8c84fa94-04c1-424b-9868-57a2d4851a1d" />
    <TestEntry testId="101a5c4c-d35c-9c36-c5db-34a72d861be1" executionId="03ecca86-d509-4af4-9e32-1c6b98710cae" testListId="8c84fa94-04c1-424b-9868-57a2d4851a1d" />
    <TestEntry testId="fa3a59df-facb-0618-e063-22bae6a6587f" executionId="865abb61-65e9-4a3b-bf8d-70b3fa97f9e0" testListId="8c84fa94-04c1-424b-9868-57a2d4851a1d" />
    <TestEntry testId="0ed4a6a8-a7ff-3968-5edc-a11fd69e54d9" executionId="46c6ce77-a36c-4efd-bf28-7d100706cfc7" testListId="8c84fa94-04c1-424b-9868-57a2d4851a1d" />
    <TestEntry testId="d0e8e19c-dad1-887d-7e8d-e9f96daabfbb" executionId="49c1f374-3226-4290-b793-37a58d18f91a" testListId="8c84fa94-04c1-424b-9868-57a2d4851a1d" />
    <TestEntry testId="c53f1642-5605-a1e9-4f79-ff719abd0c63" executionId="24ca42b3-ac02-473d-b3d9-801da9393a68" testListId="8c84fa94-04c1-424b-9868-57a2d4851a1d" />
    <TestEntry testId="89572e90-84de-bab5-9f95-9bc70fe162d5" executionId="9529435d-b1a3-4345-8fc8-1f2a8e5b30c2" testListId="8c84fa94-04c1-424b-9868-57a2d4851a1d" />
    <TestEntry testId="bd7495bc-9b5e-cec7-dd03-e6762280b2fa" executionId="edebb16d-b257-41a2-9539-b58dde5c3ffa" testListId="8c84fa94-04c1-424b-9868-57a2d4851a1d" />
    <TestEntry testId="8bf81e66-377b-fa96-3dfc-8bfd6c40e44c" executionId="61999b49-af4c-44c1-8066-a0cc42b3ce27" testListId="8c84fa94-04c1-424b-9868-57a2d4851a1d" />
    <TestEntry testId="92594ce4-a29a-2f60-6b95-8de7cbb18821" executionId="4c67b67d-aa16-4759-8c46-dd0850b9e177" testListId="8c84fa94-04c1-424b-9868-57a2d4851a1d" />
  </TestEntries>
  <TestLists>
    <TestList name="Results Not in a List" id="8c84fa94-04c1-424b-9868-57a2d4851a1d" />
    <TestList name="All Loaded Results" id="19431567-8539-422a-85d7-44ee4e166bda" />
  </TestLists>
  <ResultSummary outcome="Completed">
    <Counters total="320" executed="320" passed="320" failed="0" error="0" timeout="0" aborted="0" inconclusive="0" passedButRunAborted="0" notRunnable="0" notExecuted="0" disconnected="0" warning="0" completed="0" inProgress="0" pending="0" />
    <Output>
      <StdOut>[xUnit.net 00:00:00.00] xUnit.net VSTest Adapter v2.8.2+699d445a1a (64-bit .NET 9.0.6)
[xUnit.net 00:00:00.06]   Discovering: NeoSharp.Tests
[xUnit.net 00:00:00.12]   Discovered:  NeoSharp.Tests
[xUnit.net 00:00:00.12]   Starting:    NeoSharp.Tests
[xUnit.net 00:02:11.47]   Finished:    NeoSharp.Tests
</StdOut>
    </Output>
    <RunInfos>
      <RunInfo computerName="r3e" outcome="Warning" timestamp="2025-08-22T09:53:19.1741645+00:00">
        <Text>Data collection : Unable to find a datacollector with friendly name 'XPlat Code Coverage'.</Text>
      </RunInfo>
      <RunInfo computerName="r3e" outcome="Warning" timestamp="2025-08-22T09:53:19.1743614+00:00">
        <Text>Data collection : Could not find data collector 'XPlat Code Coverage'</Text>
      </RunInfo>
    </RunInfos>
  </ResultSummary>
</TestRun>